Log file for defect2seg
Sat Feb 10 19:48:30 UTC 2024

setenv SUBJECTS_DIR /tmp/sourcedata/freesurfer
cd /tmp/sourcedata/freesurfer/sub-LJ002/scripts
/opt/freesurfer/bin/defect2seg --s sub-LJ002 --rh-only --cortex

freesurfer-linux-ubuntu22_x86_64-7.3.2-20220804-6354275
defect2seg 7.3.2
Linux 4e494877fade 5.15.133.1-microsoft-standard-WSL2 #1 SMP Thu Oct 5 21:02:42 UTC 2023 x86_64 x86_64 x86_64 GNU/Linux
pid 3762
mri_label2label --label-cortex /tmp/sourcedata/freesurfer/sub-LJ002/surf/rh.orig.nofix /tmp/sourcedata/freesurfer/sub-LJ002/mri/aseg.presurf.mgz 0 /tmp/sourcedata/freesurfer/sub-LJ002/label/rh.nofix.cortex.label

 Generating cortex label... RemoveHipAmgy=0
 NucAccIsMedialWall=0
 mris->useRealRAS=0
17 non-cortical segments detected
only using segment with 8135 vertices
erasing segment 0 (vno[0] = 56393)
erasing segment 1 (vno[0] = 57483)
erasing segment 3 (vno[0] = 58834)
erasing segment 4 (vno[0] = 60127)
erasing segment 5 (vno[0] = 60297)
erasing segment 6 (vno[0] = 66216)
erasing segment 7 (vno[0] = 69139)
erasing segment 8 (vno[0] = 69148)
erasing segment 9 (vno[0] = 72565)
erasing segment 10 (vno[0] = 93357)
erasing segment 11 (vno[0] = 101273)
erasing segment 12 (vno[0] = 106592)
erasing segment 13 (vno[0] = 106619)
erasing segment 14 (vno[0] = 106633)
erasing segment 15 (vno[0] = 125816)
erasing segment 16 (vno[0] = 125903)
mri_label2vol --defects /tmp/sourcedata/freesurfer/sub-LJ002/surf/rh.orig.nofix /tmp/sourcedata/freesurfer/sub-LJ002/surf/rh.defect_labels /tmp/sourcedata/freesurfer/sub-LJ002/mri/orig.mgz 2000 0 /tmp/sourcedata/freesurfer/sub-LJ002/mri/rh.surface.defects.mgz /tmp/sourcedata/freesurfer/sub-LJ002/label/rh.nofix.cortex.label
mri_label2vol supposed to be reproducible but seed not set
Contraining to label /tmp/sourcedata/freesurfer/sub-LJ002/label/rh.nofix.cortex.label
Changing input type 0 to MRI_INT
Converting defects to volume: offset=2000, merge=0
Writing to /tmp/sourcedata/freesurfer/sub-LJ002/mri/rh.surface.defects.mgz
mris_defects_pointset -s /tmp/sourcedata/freesurfer/sub-LJ002/surf/rh.orig.nofix -d /tmp/sourcedata/freesurfer/sub-LJ002/surf/rh.defect_labels -o /tmp/sourcedata/freesurfer/sub-LJ002/surf/rh.defects.pointset --label /tmp/sourcedata/freesurfer/sub-LJ002/label/rh.nofix.cortex.label
Reading in surface /tmp/sourcedata/freesurfer/sub-LJ002/surf/rh.orig.nofix
Reading in defect segmentation /tmp/sourcedata/freesurfer/sub-LJ002/surf/rh.defect_labels
Reading in label /tmp/sourcedata/freesurfer/sub-LJ002/label/rh.nofix.cortex.label
#VMPC# mris_defects_pointset 349464
mris_defects_pointset done
 
Started at Sat Feb 10 19:48:30 UTC 2024 
Ended   at Sat Feb 10 19:48:47 UTC 2024
Defect2seg-Run-Time-Sec 17
Defect2seg-Run-Time-Min 0.34
Defect2seg-Run-Time-Hours 0.00
 
defect2seg Done
