status file for recon-all
Sat Feb 10 19:13:53 UTC 2024
#@# Tessellate lh Sat Feb 10 19:13:53 UTC 2024
#@# Smooth1 lh Sat Feb 10 19:13:57 UTC 2024
#@# Inflation1 lh Sat Feb 10 19:13:59 UTC 2024
#@# QSphere lh Sat Feb 10 19:14:12 UTC 2024
#@# Fix Topology lh Sat Feb 10 19:15:45 UTC 2024
#@# Smooth2 lh Sat Feb 10 19:22:25 UTC 2024
#@# Inflation2 lh Sat Feb 10 19:22:28 UTC 2024
#@# Curv .H and .K lh Sat Feb 10 19:22:45 UTC 2024
#@# Sphere lh Sat Feb 10 19:23:38 UTC 2024
#@# Surf Reg lh Sat Feb 10 19:30:08 UTC 2024
#@# Jacobian white lh Sat Feb 10 19:35:55 UTC 2024
#@# AvgCurv lh Sat Feb 10 19:35:56 UTC 2024
#@# Cortical Parc lh Sat Feb 10 19:35:57 UTC 2024
#@# white curv lh Sat Feb 10 19:44:04 UTC 2024
#@# white area lh Sat Feb 10 19:44:06 UTC 2024
#@# pial curv lh Sat Feb 10 19:44:07 UTC 2024
#@# pial area lh Sat Feb 10 19:44:09 UTC 2024
#@# thickness lh Sat Feb 10 19:44:10 UTC 2024
#@# area and vertex vol lh Sat Feb 10 19:44:44 UTC 2024
#@# Curvature Stats lh Sat Feb 10 19:44:45 UTC 2024
#@# Cortical Parc 2 lh Sat Feb 10 19:44:48 UTC 2024
#@# Cortical Parc 3 lh Sat Feb 10 19:45:02 UTC 2024
#@# WM/GM Contrast lh Sat Feb 10 19:45:13 UTC 2024
recon-all -s sub-LJ002 finished without error at Sat Feb 10 19:45:17 UTC 2024



#New# invocation of recon-all 



status file for recon-all
Sat Feb 10 20:29:47 UTC 2024
#@# white curv lh Sat Feb 10 20:29:47 UTC 2024
#@# white area lh Sat Feb 10 20:29:47 UTC 2024
#@# pial curv lh Sat Feb 10 20:29:47 UTC 2024
#@# pial area lh Sat Feb 10 20:29:47 UTC 2024
#@# thickness lh Sat Feb 10 20:29:47 UTC 2024
#@# area and vertex vol lh Sat Feb 10 20:29:47 UTC 2024
#@# Parcellation Stats lh Sat Feb 10 20:29:47 UTC 2024
#@# Parcellation Stats 2 lh Sat Feb 10 20:30:09 UTC 2024
#@# Parcellation Stats 3 lh Sat Feb 10 20:30:20 UTC 2024
#@# BA_exvivo Labels lh Sat Feb 10 20:30:30 UTC 2024
recon-all -s sub-LJ002 finished without error at Sat Feb 10 20:33:37 UTC 2024
