/tmp/sourcedata/freesurfer/sub-LJ001/mri
/opt/freesurfer/bin/talairach_avi
--i orig_nu.mgz --xfm transforms/talairach.auto.xfm
talairach_avi 7.3.2
Linux 737178e7220a 5.15.133.1-microsoft-standard-WSL2 #1 SMP Thu Oct 5 21:02:42 UTC 2023 x86_64 x86_64 x86_64 GNU/Linux
Sun Feb 11 11:34:21 UTC 2024
mri_convert orig_nu.mgz talsrcimg.img 
reading from orig_nu.mgz...
TR=0.00, TE=0.00, TI=0.00, flip angle=0.00
i_ras = (-1, 0, 0)
j_ras = (0, 0, -1)
k_ras = (0, 1, 0)
writing to talsrcimg.img...
Analyze Output Matrix
-1.00000   0.00000   0.00000   129.31657;
 0.00000   0.00000   1.00000  -126.76819;
 0.00000  -1.00000   0.00000   138.18335;
 0.00000   0.00000   0.00000   1.00000;
--------------------
INFO: set hdr.hist.orient to -1
mpr2mni305 talsrcimg
Sun Feb 11 11:34:22 UTC 2024
/opt/freesurfer/bin/mpr2mni305 talsrcimg
mpr2mni305 7.3.2
target=711-2C_as_mni_average_305

---------------------------------------------------------------------
analyzeto4dfp talsrcimg -O0 -y
---------------------------------------------------------------------

freesurfer ifh2hdr.c
Sun Feb 11 11:34:22 2024
Writing: talsrcimg.4dfp.hdr
freesurfer analyzeto4dfp.c
Reading: talsrcimg.hdr
header size 348 bytes
hdr.dime.datatype	offset=70	value=2
hdr.dime.bitpix		offset=72	value=8
hdr.hist.orient		offset=252	value=-1
dimensionality     4
dimensions       256       256       256         1
Reading: talsrcimg.img
Writing: talsrcimg.4dfp.img
Writing: talsrcimg.4dfp.ifh
ifh2hdr talsrcimg -r0to255
ori=2

---------------------------------------------------------------------
gauss_4dfp talsrcimg 1.1
---------------------------------------------------------------------

freesurfer gauss_4dfp.c
Reading: talsrcimg.4dfp.img
Writing: talsrcimg_g11.4dfp.img
image dimensions 256 256 256 padded to 288 288 288
processing volume 1freesurfer ifh2hdr.c
Sun Feb 11 11:34:26 2024
Writing: talsrcimg_g11.4dfp.hdr

Writing: talsrcimg_g11.4dfp.ifh
including: talsrcimg.4dfp.img.rec in talsrcimg_g11.4dfp.img.rec

---------------------------------------------------------------------
imgreg_4dfp /opt/freesurfer/average/711-2C_as_mni_average_305 none talsrcimg_g11 none talsrcimg_to_711-2C_as_mni_average_305_t4 4355
---------------------------------------------------------------------

freesurfer imgreg_4dfp.c
/opt/freesurfer/average/711-2C_as_mni_average_305.4dfp.img
       256       256       256         1
  1.000000  1.000000  1.000000
orientation T byte_order littleendian
Reading image: /opt/freesurfer/average/711-2C_as_mni_average_305.4dfp.img
dimensions:      256       256       256
mmppix:       1.0000   -1.0000   -1.0000
center:     128.0000 -129.0000 -129.0000
talsrcimg_g11.4dfp.img
       256       256       256         1
  1.000000  1.000000  1.000000
orientation T byte_order littleendian
Reading image: talsrcimg_g11.4dfp.img
dimensions:      256       256       256
mmppix:       1.0000   -1.0000   -1.0000
center:     128.0000 -129.0000 -129.0000
t4_read: open error in t4_sub.f l:  41 t4_file(1:l)talsrcimg_to_711-2C_as_mni_average_305_t4 
t4_read: transform initialized to I4
rotation matrix determinant  1.000000
image alignment mode   4355 decimal     1103 hex
   -7.5000  -45.0000  -45.0000 8959.0723   10.8137
    0.0000  -45.0000  -45.0000 9315.6143   10.8434
    7.5000  -45.0000  -45.0000 8941.3555   10.8291
   -7.5000  -37.5000  -45.0000 9207.5244   10.9354
    0.0000  -37.5000  -45.0000 9582.6670   10.9648
    7.5000  -37.5000  -45.0000 9182.7549   10.9468
   -7.5000  -30.0000  -45.0000 9645.1436   10.8819
    0.0000  -30.0000  -45.000010041.7939   10.9064
    7.5000  -30.0000  -45.0000 9589.2324   10.8892
   -7.5000  -22.5000  -45.000010000.4248   10.8300
    0.0000  -22.5000  -45.000010414.6562   10.8510
    7.5000  -22.5000  -45.0000 9922.7412   10.8370
   -7.5000  -15.0000  -45.000010313.5225   10.7851
    0.0000  -15.0000  -45.000010732.1221   10.8059
    7.5000  -15.0000  -45.000010196.8555   10.7948
   -7.5000   -7.5000  -45.000010547.5146   10.7586
    0.0000   -7.5000  -45.000010985.7773   10.7839
    7.5000   -7.5000  -45.000010422.9238   10.7724
   -7.5000    0.0000  -45.000010707.1768   10.7602
    0.0000    0.0000  -45.000011130.1650   10.7896
    7.5000    0.0000  -45.000010574.4629   10.7754
   -7.5000    7.5000  -45.000010095.1729   10.9207
    0.0000    7.5000  -45.000010500.3555   10.9502
    7.5000    7.5000  -45.0000 9982.6445   10.9322
   -7.5000   15.0000  -45.0000 9490.4834   11.1877
    0.0000   15.0000  -45.0000 9883.6016   11.2142
    7.5000   15.0000  -45.0000 9410.0352   11.1999
   -7.5000   22.5000  -45.0000 8956.3447   11.5314
    0.0000   22.5000  -45.0000 9323.4307   11.5535
    7.5000   22.5000  -45.0000 8880.8105   11.5406
   -7.5000   30.0000  -45.0000 8425.6279   11.7673
    0.0000   30.0000  -45.0000 8771.1533   11.7880
    7.5000   30.0000  -45.0000 8351.6328   11.7776
   -7.5000   37.5000  -45.0000 8200.9072   12.2256
    0.0000   37.5000  -45.0000 8525.8828   12.2531
    7.5000   37.5000  -45.0000 8118.5586   12.2481
   -7.5000   45.0000  -45.0000 7759.0229   12.4551
    0.0000   45.0000  -45.0000 8063.4487   12.4872
    7.5000   45.0000  -45.0000 7659.1484   12.4720
   -7.5000  -45.0000  -37.5000 9476.9668   10.6339
    0.0000  -45.0000  -37.5000 9823.9199   10.6626
    7.5000  -45.0000  -37.5000 9457.4014   10.6524
   -7.5000  -37.5000  -37.5000 9755.7168   10.7553
    0.0000  -37.5000  -37.500010140.2979   10.7817
    7.5000  -37.5000  -37.5000 9723.3076   10.7671
   -7.5000  -30.0000  -37.500010261.5273   10.7001
    0.0000  -30.0000  -37.500010676.7725   10.7211
    7.5000  -30.0000  -37.500010185.4258   10.7081
   -7.5000  -22.5000  -37.500010634.7100   10.6434
    0.0000  -22.5000  -37.500011081.3994   10.6623
    7.5000  -22.5000  -37.500010543.0088   10.6538
   -7.5000  -15.0000  -37.500010911.2637   10.5963
    0.0000  -15.0000  -37.500011390.0449   10.6170
    7.5000  -15.0000  -37.500010821.7705   10.6122
   -7.5000   -7.5000  -37.500011125.2012   10.5736
    0.0000   -7.5000  -37.500011622.3691   10.5994
    7.5000   -7.5000  -37.500011032.1689   10.5934
   -7.5000    0.0000  -37.500011263.2617   10.5814
    0.0000    0.0000  -37.500011746.6396   10.6099
    7.5000    0.0000  -37.500011172.2373   10.5997
   -7.5000    7.5000  -37.500010625.0615   10.7407
    0.0000    7.5000  -37.500011092.2412   10.7671
    7.5000    7.5000  -37.500010534.7314   10.7525
   -7.5000   15.0000  -37.500010023.7510   10.9979
    0.0000   15.0000  -37.500010468.1953   11.0203
    7.5000   15.0000  -37.5000 9938.7168   11.0096
   -7.5000   22.5000  -37.5000 9448.4854   11.3274
    0.0000   22.5000  -37.5000 9874.7471   11.3469
    7.5000   22.5000  -37.5000 9388.8330   11.3390
   -7.5000   30.0000  -37.5000 8860.3604   11.5528
    0.0000   30.0000  -37.5000 9254.1885   11.5733
    7.5000   30.0000  -37.5000 8820.1670   11.5690
   -7.5000   37.5000  -37.5000 8593.7646   12.0037
    0.0000   37.5000  -37.5000 8959.8975   12.0320
    7.5000   37.5000  -37.5000 8544.8018   12.0322
   -7.5000   45.0000  -37.5000 8120.3672   12.2350
    0.0000   45.0000  -37.5000 8448.1543   12.2673
    7.5000   45.0000  -37.5000 8036.9502   12.2568
   -7.5000  -45.0000  -30.000010138.0273   10.9727
    0.0000  -45.0000  -30.000010508.5439   11.0020
    7.5000  -45.0000  -30.000010110.6807   10.9949
   -7.5000  -37.5000  -30.000010480.7646   11.0986
    0.0000  -37.5000  -30.000010880.0869   11.1238
    7.5000  -37.5000  -30.000010435.0645   11.1119
   -7.5000  -30.0000  -30.000011014.5781   11.0436
    0.0000  -30.0000  -30.000011452.1289   11.0633
    7.5000  -30.0000  -30.000010940.3584   11.0536
   -7.5000  -22.5000  -30.000011438.2910   10.9858
    0.0000  -22.5000  -30.000011918.6768   11.0047
    7.5000  -22.5000  -30.000011328.5361   11.0009
   -7.5000  -15.0000  -30.000011736.3115   10.9359
    0.0000  -15.0000  -30.000012275.2754   10.9582
    7.5000  -15.0000  -30.000011647.3418   10.9586
   -7.5000   -7.5000  -30.000011975.5479   10.9108
    0.0000   -7.5000  -30.000012537.1357   10.9383
    7.5000   -7.5000  -30.000011882.0488   10.9367
   -7.5000    0.0000  -30.000012109.6348   10.9184
    0.0000    0.0000  -30.000012656.3770   10.9475
    7.5000    0.0000  -30.000012030.4854   10.9403
   -7.5000    7.5000  -30.000011383.3105   11.0833
    0.0000    7.5000  -30.000011913.4404   11.1085
    7.5000    7.5000  -30.000011323.3838   11.0966
   -7.5000   15.0000  -30.000010718.8643   11.3507
    0.0000   15.0000  -30.000011218.7979   11.3715
    7.5000   15.0000  -30.000010672.3652   11.3640
   -7.5000   22.5000  -30.000010098.2920   11.6919
    0.0000   22.5000  -30.000010570.6240   11.7106
    7.5000   22.5000  -30.000010081.9492   11.7074
   -7.5000   30.0000  -30.0000 9482.3047   11.9266
    0.0000   30.0000  -30.0000 9918.4199   11.9483
    7.5000   30.0000  -30.0000 9487.5244   11.9481
   -7.5000   37.5000  -30.0000 9200.5596   12.3883
    0.0000   37.5000  -30.0000 9589.7266   12.4187
    7.5000   37.5000  -30.0000 9182.3613   12.4230
   -7.5000   45.0000  -30.0000 8664.0703   12.6349
    0.0000   45.0000  -30.0000 9014.7881   12.6685
    7.5000   45.0000  -30.0000 8614.8857   12.6605
   -7.5000  -45.0000  -22.500010810.8936   11.2955
    0.0000  -45.0000  -22.500011215.4902   11.3244
    7.5000  -45.0000  -22.500010764.7900   11.3173
   -7.5000  -37.5000  -22.500011199.8174   11.4224
    0.0000  -37.5000  -22.500011631.9238   11.4482
    7.5000  -37.5000  -22.500011151.8184   11.4365
   -7.5000  -30.0000  -22.500011789.0996   11.3717
    0.0000  -30.0000  -22.500012256.3350   11.3931
    7.5000  -30.0000  -22.500011720.4502   11.3837
   -7.5000  -22.5000  -22.500012281.5605   11.3198
    0.0000  -22.5000  -22.500012805.1006   11.3407
    7.5000  -22.5000  -22.500012178.5801   11.3370
   -7.5000  -15.0000  -22.500012638.1055   11.2705
    0.0000  -15.0000  -22.500013235.8691   11.2941
    7.5000  -15.0000  -22.500012557.2637   11.2943
   -7.5000   -7.5000  -22.500012889.9082   11.2389
    0.0000   -7.5000  -22.500013495.1787   11.2666
    7.5000   -7.5000  -22.500012802.8877   11.2648
   -7.5000    0.0000  -22.500012989.7275   11.2392
    0.0000    0.0000  -22.500013562.0693   11.2679
    7.5000    0.0000  -22.500012924.7559   11.2608
   -7.5000    7.5000  -22.500012167.8809   11.4062
    0.0000    7.5000  -22.500012714.1279   11.4321
    7.5000    7.5000  -22.500012141.2734   11.4203
   -7.5000   15.0000  -22.500011457.9492   11.6867
    0.0000   15.0000  -22.500011982.0137   11.7092
    7.5000   15.0000  -22.500011437.4062   11.7025
   -7.5000   22.5000  -22.500010819.9912   12.0467
    0.0000   22.5000  -22.500011324.2451   12.0670
    7.5000   22.5000  -22.500010822.3330   12.0647
   -7.5000   30.0000  -22.500010153.4580   12.2986
    0.0000   30.0000  -22.500010620.3730   12.3208
    7.5000   30.0000  -22.500010170.5127   12.3201
   -7.5000   37.5000  -22.5000 9832.8418   12.7695
    0.0000   37.5000  -22.500010267.2529   12.7997
    7.5000   37.5000  -22.5000 9829.8311   12.8038
   -7.5000   45.0000  -22.5000 9237.6289   13.0227
    0.0000   45.0000  -22.5000 9620.1650   13.0551
    7.5000   45.0000  -22.5000 9207.7607   13.0461
   -7.5000  -45.0000  -15.000011562.6641   11.5562
    0.0000  -45.0000  -15.000011999.7773   11.5860
    7.5000  -45.0000  -15.000011497.6523   11.5744
   -7.5000  -37.5000  -15.000011982.1240   11.6815
    0.0000  -37.5000  -15.000012442.8301   11.7107
    7.5000  -37.5000  -15.000011921.2617   11.6952
   -7.5000  -30.0000  -15.000012648.1816   11.6339
    0.0000  -30.0000  -15.000013126.4863   11.6594
    7.5000  -30.0000  -15.000012564.9814   11.6455
   -7.5000  -22.5000  -15.000013183.9072   11.5885
    0.0000  -22.5000  -15.000013729.7637   11.6123
    7.5000  -22.5000  -15.000013083.2705   11.6026
   -7.5000  -15.0000  -15.000013599.7939   11.5421
    0.0000  -15.0000  -15.000014214.6465   11.5666
    7.5000  -15.0000  -15.000013495.5361   11.5601
   -7.5000   -7.5000  -15.000013876.0859   11.5057
    0.0000   -7.5000  -15.000014470.9580   11.5333
    7.5000   -7.5000  -15.000013745.5703   11.5256
   -7.5000    0.0000  -15.000013978.6445   11.4986
    0.0000    0.0000  -15.000014547.3779   11.5282
    7.5000    0.0000  -15.000013881.3301   11.5166
   -7.5000    7.5000  -15.000013051.7598   11.6650
    0.0000    7.5000  -15.000013620.5078   11.6942
    7.5000    7.5000  -15.000013037.1592   11.6787
   -7.5000   15.0000  -15.000012282.5986   11.9536
    0.0000   15.0000  -15.000012836.4834   11.9808
    7.5000   15.0000  -15.000012294.9697   11.9701
   -7.5000   22.5000  -15.000011554.9980   12.3283
    0.0000   22.5000  -15.000012084.3701   12.3520
    7.5000   22.5000  -15.000011584.6953   12.3443
   -7.5000   30.0000  -15.000010801.2959   12.5962
    0.0000   30.0000  -15.000011286.3457   12.6195
    7.5000   30.0000  -15.000010844.5029   12.6121
   -7.5000   37.5000  -15.000010460.6602   13.0781
    0.0000   37.5000  -15.000010901.7979   13.1078
    7.5000   37.5000  -15.000010454.5088   13.1061
   -7.5000   45.0000  -15.0000 9832.7891   13.3357
    0.0000   45.0000  -15.000010233.1201   13.3678
    7.5000   45.0000  -15.0000 9794.5439   13.3535
   -7.5000  -45.0000   -7.500012416.2705   11.7028
    0.0000  -45.0000   -7.500012903.9492   11.7351
    7.5000  -45.0000   -7.500012326.0498   11.7192
   -7.5000  -37.5000   -7.500012862.6113   11.8269
    0.0000  -37.5000   -7.500013346.6963   11.8602
    7.5000  -37.5000   -7.500012767.2832   11.8408
   -7.5000  -30.0000   -7.500013591.5186   11.7758
    0.0000  -30.0000   -7.500014080.9199   11.8051
    7.5000  -30.0000   -7.500013458.2705   11.7867
   -7.5000  -22.5000   -7.500014199.9375   11.7294
    0.0000  -22.5000   -7.500014750.4805   11.7551
    7.5000  -22.5000   -7.500014042.1338   11.7397
   -7.5000  -15.0000   -7.500014709.0850   11.6848
    0.0000  -15.0000   -7.500015325.3311   11.7097
    7.5000  -15.0000   -7.500014538.3379   11.6970
   -7.5000   -7.5000   -7.500015042.4102   11.6509
    0.0000   -7.5000   -7.500015632.9121   11.6792
    7.5000   -7.5000   -7.500014830.4062   11.6661
   -7.5000    0.0000   -7.500015095.2969   11.6443
    0.0000    0.0000   -7.500015702.9863   11.6765
    7.5000    0.0000   -7.500014959.5586   11.6606
   -7.5000    7.5000   -7.500014053.9443   11.8102
    0.0000    7.5000   -7.500014666.4648   11.8435
    7.5000    7.5000   -7.500014005.0869   11.8241
   -7.5000   15.0000   -7.500013201.9395   12.0963
    0.0000   15.0000   -7.500013781.6953   12.1278
    7.5000   15.0000   -7.500013177.0918   12.1127
   -7.5000   22.5000   -7.500012393.6133   12.4696
    0.0000   22.5000   -7.500012960.4082   12.4963
    7.5000   22.5000   -7.500012402.6475   12.4829
   -7.5000   30.0000   -7.500011585.8232   12.7451
    0.0000   30.0000   -7.500012088.1650   12.7697
    7.5000   30.0000   -7.500011594.3965   12.7572
   -7.5000   37.5000   -7.500011226.1211   13.2412
    0.0000   37.5000   -7.500011670.1553   13.2721
    7.5000   37.5000   -7.500011196.9492   13.2653
   -7.5000   45.0000   -7.500010536.9902   13.5096
    0.0000   45.0000   -7.500010929.9258   13.5445
    7.5000   45.0000   -7.500010454.3164   13.5263
   -7.5000  -45.0000    0.000013215.0127   11.7323
    0.0000  -45.0000    0.000013717.0889   11.7653
    7.5000  -45.0000    0.000013119.5518   11.7482
   -7.5000  -37.5000    0.000013697.7275   11.8579
    0.0000  -37.5000    0.000014212.3545   11.8910
    7.5000  -37.5000    0.000013569.4268   11.8701
   -7.5000  -30.0000    0.000014488.0117   11.8006
    0.0000  -30.0000    0.000015044.3633   11.8286
    7.5000  -30.0000    0.000014315.9727   11.8089
   -7.5000  -22.5000    0.000015172.4268   11.7466
    0.0000  -22.5000    0.000015759.9023   11.7710
    7.5000  -22.5000    0.000014974.0000   11.7547
   -7.5000  -15.0000    0.000015762.8340   11.7006
    0.0000  -15.0000    0.000016378.9365   11.7247
    7.5000  -15.0000    0.000015519.3262   11.7115
   -7.5000   -7.5000    0.000016202.6143   11.6729
    0.0000   -7.5000    0.000016838.1133   11.7016
    7.5000   -7.5000    0.000015894.1768   11.6876
   -7.5000    0.0000    0.000016214.3203   11.6736
    0.0000    0.0000    0.000016944.2480   11.7065
    7.5000    0.0000    0.000015958.5254   11.6894
   -7.5000    7.5000    0.000015022.9209   11.8411
    0.0000    7.5000    0.000015767.3174   11.8742
    7.5000    7.5000    0.000014882.8115   11.8532
   -7.5000   15.0000    0.000014053.3125   12.1208
    0.0000   15.0000    0.000014752.9619   12.1510
    7.5000   15.0000    0.000013979.1738   12.1343
   -7.5000   22.5000    0.000013200.2500   12.4839
    0.0000   22.5000    0.000013839.2588   12.5097
    7.5000   22.5000    0.000013157.5605   12.4946
   -7.5000   30.0000    0.000012372.9609   12.7574
    0.0000   30.0000    0.000012908.4717   12.7817
    7.5000   30.0000    0.000012297.9883   12.7692
   -7.5000   37.5000    0.000011998.4873   13.2639
    0.0000   37.5000    0.000012496.9971   13.2952
    7.5000   37.5000    0.000011902.2510   13.2875
   -7.5000   45.0000    0.000011249.5342   13.5465
    0.0000   45.0000    0.000011691.2461   13.5827
    7.5000   45.0000    0.000011129.7500   13.5639
   -7.5000  -45.0000    7.500013087.2607   11.7221
    0.0000  -45.0000    7.500013580.2666   11.7546
    7.5000  -45.0000    7.500012948.0498   11.7413
   -7.5000  -37.5000    7.500013562.3984   11.8530
    0.0000  -37.5000    7.500014073.9326   11.8829
    7.5000  -37.5000    7.500013395.4473   11.8650
   -7.5000  -30.0000    7.500014331.7266   11.7930
    0.0000  -30.0000    7.500014912.6035   11.8169
    7.5000  -30.0000    7.500014154.8848   11.8010
   -7.5000  -22.5000    7.500014999.6035   11.7318
    0.0000  -22.5000    7.500015607.7002   11.7534
    7.5000  -22.5000    7.500014784.6836   11.7426
   -7.5000  -15.0000    7.500015646.7500   11.6809
    0.0000  -15.0000    7.500016270.4482   11.7046
    7.5000  -15.0000    7.500015410.5879   11.6976
   -7.5000   -7.5000    7.500016172.4365   11.6558
    0.0000   -7.5000    7.500016902.4102   11.6851
    7.5000   -7.5000    7.500015887.3779   11.6765
   -7.5000    0.0000    7.500016230.3838   11.6635
    0.0000    0.0000    7.500017148.7734   11.6958
    7.5000    0.0000    7.500015957.8242   11.6825
   -7.5000    7.5000    7.500014978.5332   11.8362
    0.0000    7.5000    7.500015885.3682   11.8660
    7.5000    7.5000    7.500014779.5205   11.8481
   -7.5000   15.0000    7.500013953.5771   12.1155
    0.0000   15.0000    7.500014761.3760   12.1409
    7.5000   15.0000    7.500013811.4297   12.1275
   -7.5000   22.5000    7.500013122.1250   12.4716
    0.0000   22.5000    7.500013815.7402   12.4939
    7.5000   22.5000    7.500012977.4707   12.4836
   -7.5000   30.0000    7.500012321.4180   12.7378
    0.0000   30.0000    7.500012905.6182   12.7614
    7.5000   30.0000    7.500012135.0527   12.7546
   -7.5000   37.5000    7.500011940.7617   13.2433
    0.0000   37.5000    7.500012469.8750   13.2756
    7.5000   37.5000    7.500011747.2549   13.2730
   -7.5000   45.0000    7.500011165.5596   13.5336
    0.0000   45.0000    7.500011640.9219   13.5703
    7.5000   45.0000    7.500010993.0850   13.5556
   -7.5000  -45.0000   15.000012743.7998   11.6994
    0.0000  -45.0000   15.000013319.5605   11.7306
    7.5000  -45.0000   15.000012629.0518   11.7216
   -7.5000  -37.5000   15.000013179.7178   11.8332
    0.0000  -37.5000   15.000013803.3369   11.8601
    7.5000  -37.5000   15.000013048.7090   11.8461
   -7.5000  -30.0000   15.000013937.1025   11.7752
    0.0000  -30.0000   15.000014636.2158   11.7962
    7.5000  -30.0000   15.000013761.2617   11.7849
   -7.5000  -22.5000   15.000014615.1084   11.7134
    0.0000  -22.5000   15.000015332.6104   11.7335
    7.5000  -22.5000   15.000014400.3701   11.7285
   -7.5000  -15.0000   15.000015312.3047   11.6598
    0.0000  -15.0000   15.000016066.6328   11.6834
    7.5000  -15.0000   15.000015077.1328   11.6827
   -7.5000   -7.5000   15.000015891.7363   11.6328
    0.0000   -7.5000   15.000016830.0586   11.6620
    7.5000   -7.5000   15.000015631.9404   11.6590
   -7.5000    0.0000   15.000016063.7627   11.6411
    0.0000    0.0000   15.000017098.6074   11.6721
    7.5000    0.0000   15.000015695.8516   11.6631
   -7.5000    7.5000   15.000014892.2461   11.8164
    0.0000    7.5000   15.000015770.7959   11.8433
    7.5000    7.5000   15.000014488.5898   11.8294
   -7.5000   15.0000   15.000013842.6240   12.0999
    0.0000   15.0000   15.000014630.9648   12.1220
    7.5000   15.0000   15.000013504.2510   12.1130
   -7.5000   22.5000   15.000012913.6064   12.4582
    0.0000   22.5000   15.000013633.5039   12.4780
    7.5000   22.5000   15.000012654.4824   12.4736
   -7.5000   30.0000   15.000012024.4102   12.7211
    0.0000   30.0000   15.000012678.0361   12.7439
    7.5000   30.0000   15.000011804.7383   12.7425
   -7.5000   37.5000   15.000011608.9561   13.2198
    0.0000   37.5000   15.000012195.2363   13.2520
    7.5000   37.5000   15.000011414.3193   13.2548
   -7.5000   45.0000   15.000010826.0898   13.5066
    0.0000   45.0000   15.000011368.7725   13.5423
    7.5000   45.0000   15.000010677.9707   13.5318
   -7.5000  -45.0000   22.500012252.7773   11.6914
    0.0000  -45.0000   22.500012898.5752   11.7209
    7.5000  -45.0000   22.500012184.8545   11.7126
   -7.5000  -37.5000   22.500012703.2783   11.8227
    0.0000  -37.5000   22.500013412.0381   11.8491
    7.5000  -37.5000   22.500012580.8770   11.8361
   -7.5000  -30.0000   22.500013491.0342   11.7703
    0.0000  -30.0000   22.500014266.4648   11.7921
    7.5000  -30.0000   22.500013261.2510   11.7816
   -7.5000  -22.5000   22.500014193.8623   11.7161
    0.0000  -22.5000   22.500014984.9541   11.7375
    7.5000  -22.5000   22.500013871.8535   11.7327
   -7.5000  -15.0000   22.500014856.8789   11.6648
    0.0000  -15.0000   22.500015710.4209   11.6888
    7.5000  -15.0000   22.500014488.2441   11.6880
   -7.5000   -7.5000   22.500015347.9668   11.6323
    0.0000   -7.5000   22.500016333.5449   11.6605
    7.5000   -7.5000   22.500014965.2451   11.6576
   -7.5000    0.0000   22.500015498.0205   11.6332
    0.0000    0.0000   22.500016480.0703   11.6626
    7.5000    0.0000   22.500015116.4805   11.6542
   -7.5000    7.5000   22.500014358.2832   11.8061
    0.0000    7.5000   22.500015209.1484   11.8325
    7.5000    7.5000   22.500014066.3105   11.8194
   -7.5000   15.0000   22.500013334.2139   12.0954
    0.0000   15.0000   22.500014173.5713   12.1184
    7.5000   15.0000   22.500013200.4092   12.1106
   -7.5000   22.5000   22.500012365.7002   12.4643
    0.0000   22.5000   22.500013183.5645   12.4850
    7.5000   22.5000   22.500012329.1914   12.4815
   -7.5000   30.0000   22.500011448.8916   12.7322
    0.0000   30.0000   22.500012185.5732   12.7547
    7.5000   30.0000   22.500011403.8428   12.7527
   -7.5000   37.5000   22.500011027.0596   13.2237
    0.0000   37.5000   22.500011689.4629   13.2543
    7.5000   37.5000   22.500010987.4814   13.2571
   -7.5000   45.0000   22.500010286.7324   13.4985
    0.0000   45.0000   22.500010874.0576   13.5314
    7.5000   45.0000   22.500010243.2764   13.5207
   -7.5000  -45.0000   30.000011732.4082   11.7113
    0.0000  -45.0000   30.000012420.7969   11.7417
    7.5000  -45.0000   30.000011575.5488   11.7300
   -7.5000  -37.5000   30.000012170.5312   11.8383
    0.0000  -37.5000   30.000012907.0674   11.8680
    7.5000  -37.5000   30.000011923.4170   11.8524
   -7.5000  -30.0000   30.000012880.0205   11.7899
    0.0000  -30.0000   30.000013683.5039   11.8159
    7.5000  -30.0000   30.000012585.7246   11.8019
   -7.5000  -22.5000   30.000013442.5918   11.7437
    0.0000  -22.5000   30.000014290.8936   11.7680
    7.5000  -22.5000   30.000013171.1133   11.7581
   -7.5000  -15.0000   30.000013857.0850   11.6965
    0.0000  -15.0000   30.000014803.2197   11.7215
    7.5000  -15.0000   30.000013710.4121   11.7148
   -7.5000   -7.5000   30.000014085.6719   11.6598
    0.0000   -7.5000   30.000015107.2930   11.6879
    7.5000   -7.5000   30.000014070.1699   11.6802
   -7.5000    0.0000   30.000014151.0342   11.6529
    0.0000    0.0000   30.000015086.9121   11.6831
    7.5000    0.0000   30.000014141.2686   11.6715
   -7.5000    7.5000   30.000013195.4424   11.8216
    0.0000    7.5000   30.000013996.4199   11.8513
    7.5000    7.5000   30.000013205.7002   11.8358
   -7.5000   15.0000   30.000012304.3096   12.1136
    0.0000   15.0000   30.000013079.4111   12.1412
    7.5000   15.0000   30.000012395.3438   12.1305
   -7.5000   22.5000   30.000011502.9531   12.4911
    0.0000   22.5000   30.000012223.0303   12.5154
    7.5000   22.5000   30.000011574.0020   12.5075
   -7.5000   30.0000   30.000010681.6279   12.7658
    0.0000   30.0000   30.000011320.3857   12.7895
    7.5000   30.0000   30.000010678.2822   12.7820
   -7.5000   37.5000   30.000010296.6699   13.2558
    0.0000   37.5000   30.000010898.1152   13.2861
    7.5000   37.5000   30.000010268.1719   13.2844
   -7.5000   45.0000   30.0000 9590.7607   13.5219
    0.0000   45.0000   30.000010113.5410   13.5546
    7.5000   45.0000   30.0000 9540.4951   13.5402
   -7.5000  -45.0000   37.500011636.7471   11.7366
    0.0000  -45.0000   37.500012306.6807   11.7691
    7.5000  -45.0000   37.500011444.9092   11.7531
   -7.5000  -37.5000   37.500011934.3867   11.8605
    0.0000  -37.5000   37.500012633.2002   11.8940
    7.5000  -37.5000   37.500011737.0439   11.8745
   -7.5000  -30.0000   37.500012462.7109   11.8089
    0.0000  -30.0000   37.500013211.5674   11.8384
    7.5000  -30.0000   37.500012314.9531   11.8199
   -7.5000  -22.5000   37.500012862.5068   11.7624
    0.0000  -22.5000   37.500013669.0977   11.7882
    7.5000  -22.5000   37.500012794.0068   11.7728
   -7.5000  -15.0000   37.500013173.1924   11.7181
    0.0000  -15.0000   37.500014040.0859   11.7430
    7.5000  -15.0000   37.500013183.1553   11.7303
   -7.5000   -7.5000   37.500013367.5479   11.6845
    0.0000   -7.5000   37.500014258.9551   11.7130
    7.5000   -7.5000   37.500013400.0645   11.6998
   -7.5000    0.0000   37.500013412.5371   11.6780
    0.0000    0.0000   37.500014229.4482   11.7103
    7.5000    0.0000   37.500013387.0693   11.6944
   -7.5000    7.5000   37.500012533.7275   11.8437
    0.0000    7.5000   37.500013268.9082   11.8772
    7.5000    7.5000   37.500012469.7129   11.8578
   -7.5000   15.0000   37.500011739.6709   12.1300
    0.0000   15.0000   37.500012444.7959   12.1617
    7.5000   15.0000   37.500011697.3418   12.1465
   -7.5000   22.5000   37.500010945.2451   12.5040
    0.0000   22.5000   37.500011621.8467   12.5308
    7.5000   22.5000   37.500010921.8047   12.5173
   -7.5000   30.0000   37.500010153.7012   12.7821
    0.0000   30.0000   37.500010751.9893   12.8068
    7.5000   30.0000   37.500010110.2207   12.7942
   -7.5000   37.5000   37.5000 9797.6533   13.2814
    0.0000   37.5000   37.500010360.7949   13.3125
    7.5000   37.5000   37.5000 9755.3633   13.3055
   -7.5000   45.0000   37.5000 9152.8311   13.5528
    0.0000   45.0000   37.5000 9658.5293   13.5878
    7.5000   45.0000   37.5000 9109.0830   13.5695
   -7.5000  -45.0000   45.000010693.1006   11.7962
    0.0000  -45.0000   45.000011266.2754   11.8298
    7.5000  -45.0000   45.000010633.4102   11.8125
   -7.5000  -37.5000   45.000010906.0986   11.9233
    0.0000  -37.5000   45.000011501.5400   11.9569
    7.5000  -37.5000   45.000010835.9844   11.9357
   -7.5000  -30.0000   45.000011371.4551   11.8651
    0.0000  -30.0000   45.000012019.2354   11.8935
    7.5000  -30.0000   45.000011303.4805   11.8736
   -7.5000  -22.5000   45.000011758.2236   11.8103
    0.0000  -22.5000   45.000012437.7734   11.8350
    7.5000  -22.5000   45.000011706.4219   11.8187
   -7.5000  -15.0000   45.000012037.2715   11.7637
    0.0000  -15.0000   45.000012738.3096   11.7881
    7.5000  -15.0000   45.000012005.7930   11.7749
   -7.5000   -7.5000   45.000012199.3105   11.7358
    0.0000   -7.5000   45.000012903.2402   11.7649
    7.5000   -7.5000   45.000012171.1455   11.7508
   -7.5000    0.0000   45.000012213.2129   11.7366
    0.0000    0.0000   45.000012880.3096   11.7700
    7.5000    0.0000   45.000012149.9150   11.7528
   -7.5000    7.5000   45.000011399.9482   11.9062
    0.0000    7.5000   45.000012028.6934   11.9399
    7.5000    7.5000   45.000011312.1934   11.9187
   -7.5000   15.0000   45.000010663.1211   12.1901
    0.0000   15.0000   45.000011276.7695   12.2208
    7.5000   15.0000   45.000010605.9414   12.2039
   -7.5000   22.5000   45.0000 9946.7812   12.5588
    0.0000   22.5000   45.000010523.7803   12.5851
    7.5000   22.5000   45.0000 9898.1025   12.5698
   -7.5000   30.0000   45.0000 9232.7080   12.8375
    0.0000   30.0000   45.0000 9750.7520   12.8622
    7.5000   30.0000   45.0000 9180.0420   12.8497
   -7.5000   37.5000   45.0000 8918.3955   13.3528
    0.0000   37.5000   45.0000 9403.4365   13.3847
    7.5000   37.5000   45.0000 8873.8564   13.3770
   -7.5000   45.0000   45.0000 8331.4414   13.6518
    0.0000   45.0000   45.0000 8755.1221   13.6887
    7.5000   45.0000   45.0000 8282.0225   13.6696

---------------------------------------------------------------------
imgreg_4dfp /opt/freesurfer/average/711-2C_as_mni_average_305 /opt/freesurfer/average/711-2B_as_mni_average_305_mask talsrcimg_g11 none talsrcimg_to_711-2C_as_mni_average_305_t4 4355
---------------------------------------------------------------------

freesurfer imgreg_4dfp.c
/opt/freesurfer/average/711-2C_as_mni_average_305.4dfp.img
       256       256       256         1
  1.000000  1.000000  1.000000
orientation T byte_order littleendian
Reading image: /opt/freesurfer/average/711-2C_as_mni_average_305.4dfp.img
dimensions:      256       256       256
mmppix:       1.0000   -1.0000   -1.0000
center:     128.0000 -129.0000 -129.0000
/opt/freesurfer/average/711-2B_as_mni_average_305_mask.4dfp.img
       256       256       256         1
  1.000000  1.000000  1.000000
orientation T byte_order littleendian
Reading mask: /opt/freesurfer/average/711-2B_as_mni_average_305_mask.4dfp.img (2306576 pixels)
talsrcimg_g11.4dfp.img
       256       256       256         1
  1.000000  1.000000  1.000000
orientation T byte_order littleendian
Reading image: talsrcimg_g11.4dfp.img
dimensions:      256       256       256
mmppix:       1.0000   -1.0000   -1.0000
center:     128.0000 -129.0000 -129.0000
rotation matrix determinant  1.000000
image alignment mode   4355 decimal     1103 hex
   -7.5000  -45.0000  -37.5000 2260.8098   16.4647
    0.0000  -45.0000  -37.5000 2267.5454   16.4289
    7.5000  -45.0000  -37.5000 2253.8660   16.5896
   -7.5000  -37.5000  -37.5000 2287.2561   16.2824
    0.0000  -37.5000  -37.5000 2295.0547   16.2517
    7.5000  -37.5000  -37.5000 2281.6282   16.4215
   -7.5000  -30.0000  -37.5000 2330.7183   16.1151
    0.0000  -30.0000  -37.5000 2333.6445   16.1021
    7.5000  -30.0000  -37.5000 2313.6641   16.2429
   -7.5000  -22.5000  -37.5000 2356.2842   15.7887
    0.0000  -22.5000  -37.5000 2360.8496   15.8067
    7.5000  -22.5000  -37.5000 2341.2603   15.9822
   -7.5000  -15.0000  -37.5000 2371.3901   15.4831
    0.0000  -15.0000  -37.5000 2374.6035   15.4782
    7.5000  -15.0000  -37.5000 2356.7915   15.6697
   -7.5000   -7.5000  -37.5000 2386.3186   15.2885
    0.0000   -7.5000  -37.5000 2391.4912   15.2773
    7.5000   -7.5000  -37.5000 2371.5613   15.4748
   -7.5000    0.0000  -37.5000 2403.8303   15.2121
    0.0000    0.0000  -37.5000 2404.5684   15.2180
    7.5000    0.0000  -37.5000 2384.5901   15.4295
   -7.5000    7.5000  -37.5000 2405.3594   15.4345
    0.0000    7.5000  -37.5000 2406.9824   15.4364
    7.5000    7.5000  -37.5000 2388.7280   15.6436
   -7.5000   15.0000  -37.5000 2383.7493   15.8793
    0.0000   15.0000  -37.5000 2389.8440   15.8678
    7.5000   15.0000  -37.5000 2369.9165   16.0860
   -7.5000   22.5000  -37.5000 2346.1094   16.5926
    0.0000   22.5000  -37.5000 2354.2048   16.5704
    7.5000   22.5000  -37.5000 2335.7236   16.7972
   -7.5000   30.0000  -37.5000 2290.2358   17.6257
    0.0000   30.0000  -37.5000 2294.7976   17.5655
    7.5000   30.0000  -37.5000 2276.6541   17.8156
   -7.5000   37.5000  -37.5000 2212.5039   19.0641
    0.0000   37.5000  -37.5000 2218.7566   18.9948
    7.5000   37.5000  -37.5000 2195.3042   19.2406
   -7.5000   45.0000  -37.5000 2115.9465   20.9584
    0.0000   45.0000  -37.5000 2120.7056   20.9163
    7.5000   45.0000  -37.5000 2095.7302   21.1497
   -7.5000  -45.0000  -30.0000 2390.6697   15.8353
    0.0000  -45.0000  -30.0000 2396.4824   15.7715
    7.5000  -45.0000  -30.0000 2378.3264   15.9403
   -7.5000  -37.5000  -30.0000 2427.0098   15.5828
    0.0000  -37.5000  -30.0000 2428.7188   15.5339
    7.5000  -37.5000  -30.0000 2410.6362   15.6790
   -7.5000  -30.0000  -30.0000 2459.2493   15.3189
    0.0000  -30.0000  -30.0000 2461.3044   15.2917
    7.5000  -30.0000  -30.0000 2437.6829   15.4168
   -7.5000  -22.5000  -30.0000 2477.8718   15.0095
    0.0000  -22.5000  -30.0000 2480.3286   15.0027
    7.5000  -22.5000  -30.0000 2460.8140   15.1527
   -7.5000  -15.0000  -30.0000 2501.3521   14.6909
    0.0000  -15.0000  -30.0000 2503.8621   14.7007
    7.5000  -15.0000  -30.0000 2482.3901   14.8479
   -7.5000   -7.5000  -30.0000 2522.7969   14.5356
    0.0000   -7.5000  -30.0000 2529.2144   14.5358
    7.5000   -7.5000  -30.0000 2509.1272   14.6984
   -7.5000    0.0000  -30.0000 2545.0750   14.4790
    0.0000    0.0000  -30.0000 2551.9297   14.4780
    7.5000    0.0000  -30.0000 2530.3096   14.6627
   -7.5000    7.5000  -30.0000 2546.0684   14.6720
    0.0000    7.5000  -30.0000 2549.4780   14.6490
    7.5000    7.5000  -30.0000 2532.1948   14.8177
   -7.5000   15.0000  -30.0000 2527.5361   15.0674
    0.0000   15.0000  -30.0000 2531.3416   15.0430
    7.5000   15.0000  -30.0000 2512.2051   15.1887
   -7.5000   22.5000  -30.0000 2490.8994   15.7617
    0.0000   22.5000  -30.0000 2496.7632   15.7329
    7.5000   22.5000  -30.0000 2473.2019   15.9075
   -7.5000   30.0000  -30.0000 2435.7729   16.7524
    0.0000   30.0000  -30.0000 2440.6370   16.6938
    7.5000   30.0000  -30.0000 2415.7124   16.8866
   -7.5000   37.5000  -30.0000 2354.0847   18.0892
    0.0000   37.5000  -30.0000 2360.6182   18.0482
    7.5000   37.5000  -30.0000 2332.2991   18.2662
   -7.5000   45.0000  -30.0000 2241.1228   19.8398
    0.0000   45.0000  -30.0000 2250.5803   19.8355
    7.5000   45.0000  -30.0000 2224.4600   20.0668
   -7.5000  -45.0000  -22.5000 2483.6191   14.8797
    0.0000  -45.0000  -22.5000 2489.6084   14.8317
    7.5000  -45.0000  -22.5000 2469.3840   15.0448
   -7.5000  -37.5000  -22.5000 2519.9534   14.6408
    0.0000  -37.5000  -22.5000 2523.9575   14.6349
    7.5000  -37.5000  -22.5000 2507.8123   14.8133
   -7.5000  -30.0000  -22.5000 2557.4954   14.4339
    0.0000  -30.0000  -22.5000 2561.0068   14.4352
    7.5000  -30.0000  -22.5000 2545.9763   14.5915
   -7.5000  -22.5000  -22.5000 2589.5813   14.2311
    0.0000  -22.5000  -22.5000 2593.5063   14.2427
    7.5000  -22.5000  -22.5000 2582.3362   14.3353
   -7.5000  -15.0000  -22.5000 2616.6687   13.9572
    0.0000  -15.0000  -22.5000 2623.4553   13.9713
    7.5000  -15.0000  -22.5000 2607.1003   14.0579
   -7.5000   -7.5000  -22.5000 2641.9368   13.7981
    0.0000   -7.5000  -22.5000 2650.7405   13.7731
    7.5000   -7.5000  -22.5000 2630.4583   13.8668
   -7.5000    0.0000  -22.5000 2657.8667   13.7385
    0.0000    0.0000  -22.5000 2669.8240   13.7240
    7.5000    0.0000  -22.5000 2643.3730   13.8450
   -7.5000    7.5000  -22.5000 2661.2908   13.8698
    0.0000    7.5000  -22.5000 2670.7913   13.8746
    7.5000    7.5000  -22.5000 2649.2261   14.0080
   -7.5000   15.0000  -22.5000 2647.0774   14.2446
    0.0000   15.0000  -22.5000 2655.9597   14.2119
    7.5000   15.0000  -22.5000 2636.1091   14.3837
   -7.5000   22.5000  -22.5000 2610.6545   14.8937
    0.0000   22.5000  -22.5000 2623.2190   14.8742
    7.5000   22.5000  -22.5000 2600.2915   15.0421
   -7.5000   30.0000  -22.5000 2548.4683   15.8006
    0.0000   30.0000  -22.5000 2557.2048   15.7740
    7.5000   30.0000  -22.5000 2533.1479   15.9886
   -7.5000   37.5000  -22.5000 2460.5430   17.0422
    0.0000   37.5000  -22.5000 2471.6104   17.0208
    7.5000   37.5000  -22.5000 2445.2600   17.2782
   -7.5000   45.0000  -22.5000 2341.1035   18.7099
    0.0000   45.0000  -22.5000 2354.5090   18.6886
    7.5000   45.0000  -22.5000 2333.9082   18.9490
   -7.5000  -45.0000  -15.0000 2564.9658   14.1684
    0.0000  -45.0000  -15.0000 2574.7161   14.1224
    7.5000  -45.0000  -15.0000 2560.0205   14.2871
   -7.5000  -37.5000  -15.0000 2601.3035   13.9452
    0.0000  -37.5000  -15.0000 2605.6736   13.9279
    7.5000  -37.5000  -15.0000 2596.0249   14.0658
   -7.5000  -30.0000  -15.0000 2643.5413   13.7451
    0.0000  -30.0000  -15.0000 2643.9724   13.7339
    7.5000  -30.0000  -15.0000 2633.8782   13.8585
   -7.5000  -22.5000  -15.0000 2675.3730   13.5282
    0.0000  -22.5000  -15.0000 2681.7688   13.5419
    7.5000  -22.5000  -15.0000 2672.9119   13.6344
   -7.5000  -15.0000  -15.0000 2703.4495   13.3234
    0.0000  -15.0000  -15.0000 2715.8965   13.3290
    7.5000  -15.0000  -15.0000 2699.0581   13.3987
   -7.5000   -7.5000  -15.0000 2733.4231   13.1244
    0.0000   -7.5000  -15.0000 2743.0181   13.1239
    7.5000   -7.5000  -15.0000 2728.6946   13.1957
   -7.5000    0.0000  -15.0000 2753.5249   13.0395
    0.0000    0.0000  -15.0000 2766.2217   13.0322
    7.5000    0.0000  -15.0000 2745.7432   13.1708
   -7.5000    7.5000  -15.0000 2760.1760   13.1304
    0.0000    7.5000  -15.0000 2773.4824   13.1255
    7.5000    7.5000  -15.0000 2750.0076   13.3354
   -7.5000   15.0000  -15.0000 2745.4849   13.5084
    0.0000   15.0000  -15.0000 2761.5786   13.4649
    7.5000   15.0000  -15.0000 2739.4812   13.6850
   -7.5000   22.5000  -15.0000 2708.2808   14.1423
    0.0000   22.5000  -15.0000 2725.2161   14.0924
    7.5000   22.5000  -15.0000 2704.0854   14.2859
   -7.5000   30.0000  -15.0000 2637.0410   15.0196
    0.0000   30.0000  -15.0000 2652.6831   14.9781
    7.5000   30.0000  -15.0000 2634.6711   15.1988
   -7.5000   37.5000  -15.0000 2544.5364   16.2304
    0.0000   37.5000  -15.0000 2557.5420   16.2008
    7.5000   37.5000  -15.0000 2537.8472   16.4481
   -7.5000   45.0000  -15.0000 2430.7725   17.8171
    0.0000   45.0000  -15.0000 2441.2646   17.7780
    7.5000   45.0000  -15.0000 2421.4871   18.0251
   -7.5000  -45.0000   -7.5000 2637.5146   13.5525
    0.0000  -45.0000   -7.5000 2647.2874   13.5392
    7.5000  -45.0000   -7.5000 2628.9524   13.6086
   -7.5000  -37.5000   -7.5000 2666.8228   13.3167
    0.0000  -37.5000   -7.5000 2676.5576   13.3418
    7.5000  -37.5000   -7.5000 2660.9392   13.4121
   -7.5000  -30.0000   -7.5000 2705.5720   13.1191
    0.0000  -30.0000   -7.5000 2712.3005   13.1441
    7.5000  -30.0000   -7.5000 2698.8208   13.2408
   -7.5000  -22.5000   -7.5000 2743.7302   12.9076
    0.0000  -22.5000   -7.5000 2751.3792   12.9525
    7.5000  -22.5000   -7.5000 2738.5669   13.0559
   -7.5000  -15.0000   -7.5000 2774.4558   12.7129
    0.0000  -15.0000   -7.5000 2786.0652   12.7307
    7.5000  -15.0000   -7.5000 2768.5625   12.8525
   -7.5000   -7.5000   -7.5000 2809.7524   12.5681
    0.0000   -7.5000   -7.5000 2821.7544   12.5517
    7.5000   -7.5000   -7.5000 2800.4546   12.6771
   -7.5000    0.0000   -7.5000 2832.6028   12.4550
    0.0000    0.0000   -7.5000 2843.3271   12.4351
    7.5000    0.0000   -7.5000 2824.0251   12.6217
   -7.5000    7.5000   -7.5000 2846.3701   12.5100
    0.0000    7.5000   -7.5000 2859.8164   12.5094
    7.5000    7.5000   -7.5000 2833.6592   12.7498
   -7.5000   15.0000   -7.5000 2835.0452   12.8547
    0.0000   15.0000   -7.5000 2846.8481   12.8249
    7.5000   15.0000   -7.5000 2821.3237   13.0551
   -7.5000   22.5000   -7.5000 2798.4485   13.4618
    0.0000   22.5000   -7.5000 2812.9468   13.4070
    7.5000   22.5000   -7.5000 2783.8442   13.6293
   -7.5000   30.0000   -7.5000 2724.2598   14.3315
    0.0000   30.0000   -7.5000 2737.7581   14.2889
    7.5000   30.0000   -7.5000 2716.0164   14.5288
   -7.5000   37.5000   -7.5000 2628.7734   15.5529
    0.0000   37.5000   -7.5000 2639.5669   15.5391
    7.5000   37.5000   -7.5000 2617.2966   15.7722
   -7.5000   45.0000   -7.5000 2506.5713   17.1325
    0.0000   45.0000   -7.5000 2517.0640   17.0972
    7.5000   45.0000   -7.5000 2491.1299   17.3381
   -7.5000  -45.0000    0.0000 2675.4082   13.0131
    0.0000  -45.0000    0.0000 2682.8196   13.0022
    7.5000  -45.0000    0.0000 2672.4392   13.1194
   -7.5000  -37.5000    0.0000 2707.2964   12.7993
    0.0000  -37.5000    0.0000 2713.6687   12.8098
    7.5000  -37.5000    0.0000 2699.4351   12.9296
   -7.5000  -30.0000    0.0000 2741.4565   12.6294
    0.0000  -30.0000    0.0000 2753.2285   12.6401
    7.5000  -30.0000    0.0000 2739.4050   12.7541
   -7.5000  -22.5000    0.0000 2784.5269   12.4311
    0.0000  -22.5000    0.0000 2793.6887   12.4535
    7.5000  -22.5000    0.0000 2784.2839   12.5435
   -7.5000  -15.0000    0.0000 2823.3469   12.3045
    0.0000  -15.0000    0.0000 2831.6702   12.3048
    7.5000  -15.0000    0.0000 2821.1260   12.3987
   -7.5000   -7.5000    0.0000 2864.1362   12.2174
    0.0000   -7.5000    0.0000 2875.5310   12.1969
    7.5000   -7.5000    0.0000 2858.1174   12.2805
   -7.5000    0.0000    0.0000 2889.2488   12.0950
    0.0000    0.0000    0.0000 2904.2629   12.0905
    7.5000    0.0000    0.0000 2885.0574   12.1811
   -7.5000    7.5000    0.0000 2899.6323   12.0560
    0.0000    7.5000    0.0000 2922.1028   12.0924
    7.5000    7.5000    0.0000 2890.8452   12.2642
   -7.5000   15.0000    0.0000 2892.8445   12.3527
    0.0000   15.0000    0.0000 2911.3228   12.3981
    7.5000   15.0000    0.0000 2878.5530   12.5563
   -7.5000   22.5000    0.0000 2857.2930   12.9535
    0.0000   22.5000    0.0000 2872.9927   12.9757
    7.5000   22.5000    0.0000 2844.6445   13.1308
   -7.5000   30.0000    0.0000 2782.9795   13.8534
    0.0000   30.0000    0.0000 2795.3779   13.8280
    7.5000   30.0000    0.0000 2771.9844   14.0185
   -7.5000   37.5000    0.0000 2681.0066   15.1083
    0.0000   37.5000    0.0000 2697.5750   15.0833
    7.5000   37.5000    0.0000 2670.5984   15.2648
   -7.5000   45.0000    0.0000 2555.7141   16.6727
    0.0000   45.0000    0.0000 2568.8972   16.6460
    7.5000   45.0000    0.0000 2541.7195   16.8564
   -7.5000  -45.0000    7.5000 2696.1228   12.6541
    0.0000  -45.0000    7.5000 2699.0837   12.6349
    7.5000  -45.0000    7.5000 2689.6633   12.7294
   -7.5000  -37.5000    7.5000 2729.1250   12.4613
    0.0000  -37.5000    7.5000 2730.0208   12.4601
    7.5000  -37.5000    7.5000 2720.9004   12.5426
   -7.5000  -30.0000    7.5000 2768.7874   12.2944
    0.0000  -30.0000    7.5000 2773.5625   12.3028
    7.5000  -30.0000    7.5000 2764.6013   12.3694
   -7.5000  -22.5000    7.5000 2815.8391   12.1276
    0.0000  -22.5000    7.5000 2822.5352   12.1625
    7.5000  -22.5000    7.5000 2816.6345   12.1997
   -7.5000  -15.0000    7.5000 2859.6331   12.0454
    0.0000  -15.0000    7.5000 2867.1863   12.0749
    7.5000  -15.0000    7.5000 2858.9395   12.1138
   -7.5000   -7.5000    7.5000 2901.8142   12.0375
    0.0000   -7.5000    7.5000 2915.1733   12.0644
    7.5000   -7.5000    7.5000 2898.0869   12.0941
   -7.5000    0.0000    7.5000 2931.9167   12.0295
    0.0000    0.0000    7.5000 2948.1245   12.0655
    7.5000    0.0000    7.5000 2926.7896   12.0604
   -7.5000    7.5000    7.5000 2938.5349   11.9116
    0.0000    7.5000    7.5000 2959.7373   11.9718
    7.5000    7.5000    7.5000 2927.6196   12.0410
   -7.5000   15.0000    7.5000 2923.4475   12.1298
    0.0000   15.0000    7.5000 2944.3806   12.1643
    7.5000   15.0000    7.5000 2911.1816   12.2947
   -7.5000   22.5000    7.5000 2889.0156   12.7203
    0.0000   22.5000    7.5000 2902.4612   12.7181
    7.5000   22.5000    7.5000 2874.9673   12.8507
   -7.5000   30.0000    7.5000 2812.1194   13.6421
    0.0000   30.0000    7.5000 2822.4241   13.5636
    7.5000   30.0000    7.5000 2800.0659   13.7112
   -7.5000   37.5000    7.5000 2707.7881   14.8855
    0.0000   37.5000    7.5000 2723.6543   14.8227
    7.5000   37.5000    7.5000 2695.4329   14.9651
   -7.5000   45.0000    7.5000 2577.4858   16.4608
    0.0000   45.0000    7.5000 2593.0388   16.3825
    7.5000   45.0000    7.5000 2567.8018   16.5241
   -7.5000  -45.0000   15.0000 2695.0691   12.4209
    0.0000  -45.0000   15.0000 2697.7356   12.4448
    7.5000  -45.0000   15.0000 2692.7832   12.4896
   -7.5000  -37.5000   15.0000 2721.1577   12.2303
    0.0000  -37.5000   15.0000 2727.9558   12.3184
    7.5000  -37.5000   15.0000 2722.2847   12.3410
   -7.5000  -30.0000   15.0000 2757.0176   12.0829
    0.0000  -30.0000   15.0000 2771.0112   12.1849
    7.5000  -30.0000   15.0000 2763.1045   12.2050
   -7.5000  -22.5000   15.0000 2807.5583   12.0055
    0.0000  -22.5000   15.0000 2826.9663   12.1254
    7.5000  -22.5000   15.0000 2816.3054   12.1147
   -7.5000  -15.0000   15.0000 2867.7581   12.0308
    0.0000  -15.0000   15.0000 2883.8525   12.1367
    7.5000  -15.0000   15.0000 2874.0095   12.1267
   -7.5000   -7.5000   15.0000 2929.0786   12.1709
    0.0000   -7.5000   15.0000 2947.2822   12.2770
    7.5000   -7.5000   15.0000 2924.8640   12.2076
   -7.5000    0.0000   15.0000 2965.5681   12.1812
    0.0000    0.0000   15.0000 2990.2966   12.2882
    7.5000    0.0000   15.0000 2953.3997   12.1621
   -7.5000    7.5000   15.0000 2964.1604   12.1011
    0.0000    7.5000   15.0000 2983.1196   12.1257
    7.5000    7.5000   15.0000 2939.0623   12.0581
   -7.5000   15.0000   15.0000 2930.6094   12.3020
    0.0000   15.0000   15.0000 2953.3384   12.2154
    7.5000   15.0000   15.0000 2914.4714   12.2659
   -7.5000   22.5000   15.0000 2876.7664   12.8178
    0.0000   22.5000   15.0000 2892.1052   12.7513
    7.5000   22.5000   15.0000 2863.7244   12.8535
   -7.5000   30.0000   15.0000 2797.0950   13.6651
    0.0000   30.0000   15.0000 2812.7043   13.5978
    7.5000   30.0000   15.0000 2787.3521   13.7101
   -7.5000   37.5000   15.0000 2695.5505   14.8816
    0.0000   37.5000   15.0000 2713.0371   14.8353
    7.5000   37.5000   15.0000 2685.2319   14.9339
   -7.5000   45.0000   15.0000 2570.5029   16.4595
    0.0000   45.0000   15.0000 2585.1011   16.4272
    7.5000   45.0000   15.0000 2562.6321   16.5246
   -7.5000  -45.0000   22.5000 2695.6272   12.3420
    0.0000  -45.0000   22.5000 2694.1072   12.4264
    7.5000  -45.0000   22.5000 2703.5576   12.4963
   -7.5000  -37.5000   22.5000 2719.8752   12.2773
    0.0000  -37.5000   22.5000 2728.8101   12.3869
    7.5000  -37.5000   22.5000 2731.4900   12.4167
   -7.5000  -30.0000   22.5000 2763.5276   12.2713
    0.0000  -30.0000   22.5000 2777.6553   12.3967
    7.5000  -30.0000   22.5000 2768.2163   12.3561
   -7.5000  -22.5000   22.5000 2826.4521   12.3272
    0.0000  -22.5000   22.5000 2844.4019   12.4531
    7.5000  -22.5000   22.5000 2818.9487   12.3260
   -7.5000  -15.0000   22.5000 2892.7583   12.4012
    0.0000  -15.0000   22.5000 2911.8345   12.5217
    7.5000  -15.0000   22.5000 2872.3242   12.3629
   -7.5000   -7.5000   22.5000 2951.6143   12.4996
    0.0000   -7.5000   22.5000 2972.1538   12.6303
    7.5000   -7.5000   22.5000 2922.9763   12.4286
   -7.5000    0.0000   22.5000 2978.3989   12.4658
    0.0000    0.0000   22.5000 3014.0728   12.5714
    7.5000    0.0000   22.5000 2956.2439   12.4143
   -7.5000    7.5000   22.5000 2965.0293   12.4298
    0.0000    7.5000   22.5000 2992.8103   12.4243
    7.5000    7.5000   22.5000 2949.1250   12.4180
   -7.5000   15.0000   22.5000 2935.1836   12.7114
    0.0000   15.0000   22.5000 2959.6028   12.6430
    7.5000   15.0000   22.5000 2923.1318   12.7185
   -7.5000   22.5000   22.5000 2869.9910   13.2523
    0.0000   22.5000   22.5000 2887.5452   13.2123
    7.5000   22.5000   22.5000 2863.6721   13.3108
   -7.5000   30.0000   22.5000 2775.2893   14.0527
    0.0000   30.0000   22.5000 2790.4587   14.0388
    7.5000   30.0000   22.5000 2770.6750   14.1489
   -7.5000   37.5000   22.5000 2672.9700   15.2171
    0.0000   37.5000   22.5000 2685.0610   15.1923
    7.5000   37.5000   22.5000 2674.1079   15.3352
   -7.5000   45.0000   22.5000 2552.7705   16.7535
    0.0000   45.0000   22.5000 2565.3416   16.7211
    7.5000   45.0000   22.5000 2553.4373   16.8645
   -7.5000  -45.0000   30.0000 2703.5701   12.6478
    0.0000  -45.0000   30.0000 2710.8528   12.7889
    7.5000  -45.0000   30.0000 2697.7380   12.7080
   -7.5000  -37.5000   30.0000 2742.7065   12.7428
    0.0000  -37.5000   30.0000 2753.0942   12.8661
    7.5000  -37.5000   30.0000 2726.3494   12.7252
   -7.5000  -30.0000   30.0000 2783.4539   12.7887
    0.0000  -30.0000   30.0000 2796.2849   12.9158
    7.5000  -30.0000   30.0000 2764.3821   12.7528
   -7.5000  -22.5000   30.0000 2829.9287   12.8070
    0.0000  -22.5000   30.0000 2846.7942   12.9423
    7.5000  -22.5000   30.0000 2814.1714   12.8037
   -7.5000  -15.0000   30.0000 2875.3628   12.8135
    0.0000  -15.0000   30.0000 2899.6938   12.9645
    7.5000  -15.0000   30.0000 2865.9858   12.8683
   -7.5000   -7.5000   30.0000 2916.0945   12.8172
    0.0000   -7.5000   30.0000 2951.3569   13.0050
    7.5000   -7.5000   30.0000 2916.6138   12.9326
   -7.5000    0.0000   30.0000 2941.8452   12.8411
    0.0000    0.0000   30.0000 2976.2727   12.9196
    7.5000    0.0000   30.0000 2935.1104   12.9555
   -7.5000    7.5000   30.0000 2935.0593   13.0183
    0.0000    7.5000   30.0000 2959.9668   13.0159
    7.5000    7.5000   30.0000 2930.8455   13.1044
   -7.5000   15.0000   30.0000 2899.9243   13.3757
    0.0000   15.0000   30.0000 2925.3069   13.3316
    7.5000   15.0000   30.0000 2899.3486   13.4595
   -7.5000   22.5000   30.0000 2834.6799   13.9497
    0.0000   22.5000   30.0000 2854.4502   13.9286
    7.5000   22.5000   30.0000 2834.8438   14.0282
   -7.5000   30.0000   30.0000 2738.4749   14.8447
    0.0000   30.0000   30.0000 2757.5796   14.8016
    7.5000   30.0000   30.0000 2737.1880   14.8998
   -7.5000   37.5000   30.0000 2632.4102   15.9784
    0.0000   37.5000   30.0000 2650.5042   15.9398
    7.5000   37.5000   30.0000 2634.2170   16.0470
   -7.5000   45.0000   30.0000 2509.3899   17.3882
    0.0000   45.0000   30.0000 2524.6086   17.3655
    7.5000   45.0000   30.0000 2512.6426   17.4869
   -7.5000  -45.0000   37.5000 2716.8301   13.2199
    0.0000  -45.0000   37.5000 2724.6604   13.3596
    7.5000  -45.0000   37.5000 2700.3528   13.2215
   -7.5000  -37.5000   37.5000 2742.3630   13.2533
    0.0000  -37.5000   37.5000 2747.7520   13.3768
    7.5000  -37.5000   37.5000 2729.8342   13.2616
   -7.5000  -30.0000   37.5000 2764.5630   13.2249
    0.0000  -30.0000   37.5000 2770.3328   13.3247
    7.5000  -30.0000   37.5000 2760.2366   13.3022
   -7.5000  -22.5000   37.5000 2799.8491   13.2099
    0.0000  -22.5000   37.5000 2809.5029   13.2977
    7.5000  -22.5000   37.5000 2798.5984   13.3129
   -7.5000  -15.0000   37.5000 2833.1885   13.2301
    0.0000  -15.0000   37.5000 2849.9414   13.3069
    7.5000  -15.0000   37.5000 2834.5427   13.3402
   -7.5000   -7.5000   37.5000 2866.0374   13.2820
    0.0000   -7.5000   37.5000 2895.0391   13.3409
    7.5000   -7.5000   37.5000 2869.6233   13.3508
   -7.5000    0.0000   37.5000 2878.3269   13.3708
    0.0000    0.0000   37.5000 2912.0032   13.3756
    7.5000    0.0000   37.5000 2878.0842   13.4169
   -7.5000    7.5000   37.5000 2869.9802   13.6377
    0.0000    7.5000   37.5000 2901.6917   13.6172
    7.5000    7.5000   37.5000 2875.8633   13.6803
   -7.5000   15.0000   37.5000 2832.5105   14.0912
    0.0000   15.0000   37.5000 2861.4734   14.0650
    7.5000   15.0000   37.5000 2836.1152   14.1355
   -7.5000   22.5000   37.5000 2770.2327   14.7052
    0.0000   22.5000   37.5000 2795.5496   14.6807
    7.5000   22.5000   37.5000 2774.2441   14.7526
   -7.5000   30.0000   37.5000 2684.0986   15.6023
    0.0000   30.0000   37.5000 2700.4797   15.5628
    7.5000   30.0000   37.5000 2685.3948   15.6431
   -7.5000   37.5000   37.5000 2581.3496   16.7882
    0.0000   37.5000   37.5000 2600.3806   16.7561
    7.5000   37.5000   37.5000 2586.1199   16.8483
   -7.5000   45.0000   37.5000 2459.4785   18.3257
    0.0000   45.0000   37.5000 2479.8479   18.3046
    7.5000   45.0000   37.5000 2466.3296   18.3539
   -7.5000  -45.0000   45.0000 2679.4778   13.6994
    0.0000  -45.0000   45.0000 2688.6709   13.8165
    7.5000  -45.0000   45.0000 2674.6543   13.7466
   -7.5000  -37.5000   45.0000 2701.2744   13.6990
    0.0000  -37.5000   45.0000 2705.0430   13.7956
    7.5000  -37.5000   45.0000 2697.3711   13.7636
   -7.5000  -30.0000   45.0000 2726.3030   13.6985
    0.0000  -30.0000   45.0000 2724.4290   13.7570
    7.5000  -30.0000   45.0000 2718.7163   13.7854
   -7.5000  -22.5000   45.0000 2754.8972   13.7345
    0.0000  -22.5000   45.0000 2755.6379   13.7429
    7.5000  -22.5000   45.0000 2752.0488   13.8126
   -7.5000  -15.0000   45.0000 2781.8127   13.7930
    0.0000  -15.0000   45.0000 2787.9910   13.7805
    7.5000  -15.0000   45.0000 2782.9080   13.8731
   -7.5000   -7.5000   45.0000 2807.1863   13.8935
    0.0000   -7.5000   45.0000 2824.3870   13.8709
    7.5000   -7.5000   45.0000 2811.6907   13.9482
   -7.5000    0.0000   45.0000 2806.6226   14.0508
    0.0000    0.0000   45.0000 2834.7678   14.0100
    7.5000    0.0000   45.0000 2813.6482   14.1284
   -7.5000    7.5000   45.0000 2793.9282   14.4066
    0.0000    7.5000   45.0000 2821.1775   14.3916
    7.5000    7.5000   45.0000 2801.5405   14.4874
   -7.5000   15.0000   45.0000 2751.9119   14.8916
    0.0000   15.0000   45.0000 2779.3469   14.8751
    7.5000   15.0000   45.0000 2760.5190   14.9461
   -7.5000   22.5000   45.0000 2692.9006   15.5476
    0.0000   22.5000   45.0000 2716.6047   15.5256
    7.5000   22.5000   45.0000 2699.5542   15.5871
   -7.5000   30.0000   45.0000 2607.8594   16.4806
    0.0000   30.0000   45.0000 2625.9041   16.4173
    7.5000   30.0000   45.0000 2612.0120   16.5398
   -7.5000   37.5000   45.0000 2516.2422   17.7011
    0.0000   37.5000   45.0000 2532.4231   17.6368
    7.5000   37.5000   45.0000 2520.1797   17.7670
   -7.5000   45.0000   45.0000 2396.7004   19.3330
    0.0000   45.0000   45.0000 2414.0034   19.3083
    7.5000   45.0000   45.0000 2399.2444   19.4024
   -7.5000  -45.0000   52.5000 2639.6636   14.1755
    0.0000  -45.0000   52.5000 2643.3875   14.2245
    7.5000  -45.0000   52.5000 2633.6401   14.2834
   -7.5000  -37.5000   52.5000 2661.5271   14.1686
    0.0000  -37.5000   52.5000 2661.2744   14.2152
    7.5000  -37.5000   52.5000 2656.3691   14.2798
   -7.5000  -30.0000   52.5000 2685.2305   14.2209
    0.0000  -30.0000   52.5000 2681.6277   14.2514
    7.5000  -30.0000   52.5000 2679.1304   14.3273
   -7.5000  -22.5000   52.5000 2708.2451   14.3526
    0.0000  -22.5000   52.5000 2702.9851   14.3271
    7.5000  -22.5000   52.5000 2701.6089   14.4347
   -7.5000  -15.0000   52.5000 2728.1096   14.4913
    0.0000  -15.0000   52.5000 2726.3547   14.4150
    7.5000  -15.0000   52.5000 2725.1013   14.5623
   -7.5000   -7.5000   52.5000 2739.9541   14.6670
    0.0000   -7.5000   52.5000 2751.1187   14.5741
    7.5000   -7.5000   52.5000 2746.2095   14.7381
   -7.5000    0.0000   52.5000 2731.6047   14.9004
    0.0000    0.0000   52.5000 2751.4583   14.8242
    7.5000    0.0000   52.5000 2739.7954   14.9964
   -7.5000    7.5000   52.5000 2714.7957   15.3406
    0.0000    7.5000   52.5000 2738.1235   15.2702
    7.5000    7.5000   52.5000 2725.8716   15.4132
   -7.5000   15.0000   52.5000 2676.0090   15.8556
    0.0000   15.0000   52.5000 2699.7339   15.7757
    7.5000   15.0000   52.5000 2687.0762   15.8745
   -7.5000   22.5000   52.5000 2614.7043   16.5286
    0.0000   22.5000   52.5000 2636.5378   16.4202
    7.5000   22.5000   52.5000 2624.3354   16.5562
   -7.5000   30.0000   52.5000 2534.7656   17.4746
    0.0000   30.0000   52.5000 2553.2959   17.3407
    7.5000   30.0000   52.5000 2539.7983   17.5138
   -7.5000   37.5000   52.5000 2441.9521   18.7579
    0.0000   37.5000   52.5000 2458.5950   18.6397
    7.5000   37.5000   52.5000 2441.5347   18.8070
   -7.5000   45.0000   52.5000 2320.6638   20.4724
    0.0000   45.0000   52.5000 2342.1646   20.3578
    7.5000   45.0000   52.5000 2326.1460   20.5024

---------------------------------------------------------------------
imgreg_4dfp /opt/freesurfer/average/711-2C_as_mni_average_305 /opt/freesurfer/average/711-2B_as_mni_average_305_mask talsrcimg_g11 none talsrcimg_to_711-2C_as_mni_average_305_t4 1283
---------------------------------------------------------------------

freesurfer imgreg_4dfp.c
/opt/freesurfer/average/711-2C_as_mni_average_305.4dfp.img
       256       256       256         1
  1.000000  1.000000  1.000000
orientation T byte_order littleendian
Reading image: /opt/freesurfer/average/711-2C_as_mni_average_305.4dfp.img
dimensions:      256       256       256
mmppix:       1.0000   -1.0000   -1.0000
center:     128.0000 -129.0000 -129.0000
/opt/freesurfer/average/711-2B_as_mni_average_305_mask.4dfp.img
       256       256       256         1
  1.000000  1.000000  1.000000
orientation T byte_order littleendian
Reading mask: /opt/freesurfer/average/711-2B_as_mni_average_305_mask.4dfp.img (2306576 pixels)
talsrcimg_g11.4dfp.img
       256       256       256         1
  1.000000  1.000000  1.000000
orientation T byte_order littleendian
Reading image: talsrcimg_g11.4dfp.img
dimensions:      256       256       256
mmppix:       1.0000   -1.0000   -1.0000
center:     128.0000 -129.0000 -129.0000
rotation matrix determinant  1.000000
fimgreg.f
image alignment mode   1283 decimal      503 hex
parameters
    0.0000    0.0000   22.5000    0.0000    0.0000    0.0000
eta,q 0.94746 12.68946
niter,ni,del,rscale     5    3   12.0000    1.2000
parameter  3  1.652924 ->  0.500000 qaram    1.1500
parameters
   -0.4160   -0.2646   19.0500   -2.8410   -1.2777   -2.0508
eta,q 0.95074 12.56671
  0.0653  0.0601  0.0496  0.0496  0.0513  0.0499
  0.0606  0.0567  0.0486  0.0491  0.0502  0.0492
  0.0576  0.0553  0.0520  0.0487  0.0496  0.0493
  0.0563  0.0562  0.0558  0.0494  0.0489  0.0493
  0.0581  0.0570  0.0565  0.0510  0.0498  0.0498
  0.0624  0.0577  0.0595  0.0525  0.0523  0.0513
  0.0684  0.0601  0.0644  0.0550  0.0555  0.0541
niter,ni,del,rscale     5    3   12.0000    1.2000
parameter  2 -0.667461 -> -0.500000 qaram    1.1500
parameter  4  1.154407 ->  0.500000 qaram    1.1500
parameters
   -1.3827    3.1854   18.9160   -6.2910   -0.7265   -2.9938
eta,q 0.95537 12.51213
  0.0549  0.0600  0.0614  0.0448  0.0511  0.0470
  0.0501  0.0548  0.0502  0.0444  0.0474  0.0452
  0.0488  0.0513  0.0448  0.0451  0.0450  0.0447
  0.0493  0.0489  0.0467  0.0465  0.0445  0.0447
  0.0506  0.0476  0.0517  0.0478  0.0452  0.0454
  0.0544  0.0465  0.0538  0.0494  0.0462  0.0467
  0.0600  0.0473  0.0582  0.0508  0.0488  0.0488
niter,ni,del,rscale     6    3   12.0000    1.2000
parameters
   -1.2454    3.7920   18.4540   -7.1316   -0.7205   -2.6967
eta,q 0.95621 12.49636
  0.0571  0.0577  0.0575  0.0470  0.0500  0.0477
  0.0502  0.0508  0.0465  0.0453  0.0458  0.0452
  0.0461  0.0467  0.0426  0.0439  0.0434  0.0442
  0.0446  0.0446  0.0444  0.0438  0.0438  0.0438
  0.0455  0.0450  0.0474  0.0449  0.0447  0.0440
  0.0495  0.0488  0.0513  0.0466  0.0463  0.0451
  0.0560  0.0536  0.0587  0.0490  0.0492  0.0468
niter,ni,del,rscale     5    3   12.0000    1.2000
parameters
   -1.2888    4.0654   18.1935   -7.3641   -0.7645   -2.6135
eta,q 0.95650 12.48803
  0.0559  0.0557  0.0579  0.0471  0.0497  0.0471
  0.0492  0.0487  0.0474  0.0455  0.0455  0.0448
  0.0452  0.0452  0.0424  0.0435  0.0431  0.0439
  0.0438  0.0438  0.0437  0.0435  0.0435  0.0435
  0.0449  0.0445  0.0464  0.0440  0.0444  0.0438
  0.0494  0.0486  0.0505  0.0455  0.0462  0.0449
  0.0564  0.0534  0.0579  0.0478  0.0491  0.0467
niter,ni,del,rscale     4    3   12.0000    1.2000
parameters
   -1.3065    4.1587   18.0965   -7.4268   -0.7760   -2.5798
eta,q 0.95661 12.48519
  0.0559  0.0546  0.0584  0.0472  0.0497  0.0469
  0.0491  0.0477  0.0483  0.0455  0.0454  0.0447
  0.0450  0.0447  0.0423  0.0435  0.0430  0.0438
  0.0435  0.0435  0.0435  0.0434  0.0434  0.0434
  0.0446  0.0444  0.0460  0.0438  0.0443  0.0438
  0.0491  0.0484  0.0500  0.0453  0.0461  0.0449
  0.0562  0.0533  0.0573  0.0475  0.0489  0.0467
niter,ni,del,rscale     3    3   12.0000    1.2000
parameters
   -1.3120    4.1908   18.0673   -7.4469   -0.7820   -2.5696
eta,q 0.95664 12.48419
  0.0559  0.0542  0.0586  0.0472  0.0497  0.0468
  0.0491  0.0474  0.0486  0.0455  0.0454  0.0446
  0.0449  0.0445  0.0423  0.0434  0.0429  0.0437
  0.0434  0.0434  0.0434  0.0434  0.0434  0.0434
  0.0445  0.0443  0.0459  0.0437  0.0443  0.0437
  0.0490  0.0484  0.0498  0.0452  0.0460  0.0449
  0.0562  0.0533  0.0570  0.0474  0.0489  0.0466
registration optimization eta report
parameter search radius
    6.0000    6.9000    6.9000    6.9000    6.0000    6.0000
100000*second partial in parameter space
       35.       22.       32.        9.       17.        9.
  0.0559  0.0542  0.0586  0.0472  0.0497  0.0468
  0.0491  0.0474  0.0486  0.0455  0.0454  0.0446
  0.0449  0.0445  0.0423  0.0434  0.0429  0.0437
  0.0434  0.0434  0.0434  0.0434  0.0434  0.0434
  0.0445  0.0443  0.0459  0.0437  0.0443  0.0437
  0.0490  0.0484  0.0498  0.0452  0.0460  0.0449
  0.0562  0.0533  0.0570  0.0474  0.0489  0.0466
   -1.3120    4.1908   18.0673   -7.4469   -0.7820   -2.5696
eta,q 0.95664 12.48419

---------------------------------------------------------------------
imgreg_4dfp /opt/freesurfer/average/711-2C_as_mni_average_305 /opt/freesurfer/average/711-2B_as_mni_average_305_mask talsrcimg_g11 none talsrcimg_to_711-2C_as_mni_average_305_t4 3335
---------------------------------------------------------------------

freesurfer imgreg_4dfp.c
/opt/freesurfer/average/711-2C_as_mni_average_305.4dfp.img
       256       256       256         1
  1.000000  1.000000  1.000000
orientation T byte_order littleendian
Reading image: /opt/freesurfer/average/711-2C_as_mni_average_305.4dfp.img
dimensions:      256       256       256
mmppix:       1.0000   -1.0000   -1.0000
center:     128.0000 -129.0000 -129.0000
/opt/freesurfer/average/711-2B_as_mni_average_305_mask.4dfp.img
       256       256       256         1
  1.000000  1.000000  1.000000
orientation T byte_order littleendian
Reading mask: /opt/freesurfer/average/711-2B_as_mni_average_305_mask.4dfp.img (2306576 pixels)
talsrcimg_g11.4dfp.img
       256       256       256         1
  1.000000  1.000000  1.000000
orientation T byte_order littleendian
Reading image: talsrcimg_g11.4dfp.img
dimensions:      256       256       256
mmppix:       1.0000   -1.0000   -1.0000
center:     128.0000 -129.0000 -129.0000
fimgreg.f
image alignment mode   3335 decimal      D07 hex
parameters
   -1.3120    4.1908   18.0673   -0.1099   -0.9352   -0.8527
    4.2689    1.9330   -4.4830   12.8871   -1.3648  -12.9596
eta,q 0.95550 12.45526
niter,ni,del,rscale     5    3    5.0000    1.2000
parameter  5  1.886666 ->  0.500000 qaram    1.1500
parameter  6  1.443821 ->  0.500000 qaram    1.1500
parameter 10 -0.714277 -> -0.500000 qaram    1.1500
parameters
   -1.1333    4.1613   17.9284    0.0425   -5.0752   -4.9927
    4.4930    4.4212   -3.4464   17.0271    0.0386   -9.5890
eta,q 0.96652 12.45105
  0.0468  0.0462  0.0460  0.0459  0.0401  0.0340  0.0370  0.0406  0.0368  0.0392  0.0357  0.0366
  0.0456  0.0452  0.0451  0.0453  0.0410  0.0348  0.0361  0.0381  0.0359  0.0375  0.0348  0.0355
  0.0448  0.0446  0.0446  0.0448  0.0424  0.0373  0.0355  0.0363  0.0352  0.0361  0.0341  0.0345
  0.0445  0.0445  0.0445  0.0445  0.0445  0.0413  0.0353  0.0353  0.0350  0.0349  0.0338  0.0338
  0.0446  0.0448  0.0448  0.0444  0.0471  0.0465  0.0354  0.0350  0.0350  0.0341  0.0338  0.0335
  0.0452  0.0453  0.0454  0.0449  0.0498  0.0521  0.0360  0.0353  0.0353  0.0338  0.0341  0.0336
  0.0462  0.0462  0.0463  0.0461  0.0523  0.0572  0.0368  0.0362  0.0360  0.0343  0.0346  0.0340
niter,ni,del,rscale     7    3    5.0000    1.2000
parameter  3  0.552045 ->  0.500000 qaram    1.1500
parameter  4 -0.862590 -> -0.500000 qaram    1.1500
parameter  5  0.728333 ->  0.500000 qaram    1.3225
parameter  6  0.539842 ->  0.500000 qaram    1.3225
parameters
   -0.5982    5.0666   16.5484    4.1825   -9.8362   -9.7537
    3.4531    3.8497   -3.3034   18.2012   -1.0708  -11.9463
eta,q 0.97220 12.34524
  0.0364  0.0371  0.0329  0.0352  0.0299  0.0298  0.0295  0.0305  0.0297  0.0315  0.0286  0.0283
  0.0350  0.0355  0.0324  0.0341  0.0299  0.0285  0.0286  0.0290  0.0288  0.0298  0.0281  0.0279
  0.0340  0.0342  0.0324  0.0332  0.0302  0.0280  0.0282  0.0282  0.0282  0.0287  0.0279  0.0278
  0.0335  0.0334  0.0331  0.0323  0.0312  0.0300  0.0281  0.0281  0.0281  0.0281  0.0280  0.0279
  0.0334  0.0331  0.0342  0.0316  0.0332  0.0352  0.0285  0.0286  0.0282  0.0280  0.0282  0.0283
  0.0338  0.0333  0.0357  0.0312  0.0357  0.0418  0.0293  0.0297  0.0287  0.0286  0.0285  0.0288
  0.0346  0.0339  0.0376  0.0316  0.0388  0.0490  0.0305  0.0313  0.0296  0.0301  0.0290  0.0295
niter,ni,del,rscale     7    3    5.0000    1.2000
parameter  3  0.635624 ->  0.500000 qaram    1.3225
parameters
   -0.3087    5.5095   14.9614    5.4527  -10.6966  -12.1676
    3.4016    3.7293   -3.4441   18.2279   -1.8827  -14.8244
eta,q 0.97307 12.26330
  0.0307  0.0305  0.0272  0.0301  0.0289  0.0308  0.0290  0.0299  0.0285  0.0295  0.0276  0.0273
  0.0292  0.0291  0.0268  0.0289  0.0276  0.0290  0.0279  0.0282  0.0277  0.0281  0.0272  0.0270
  0.0283  0.0282  0.0270  0.0278  0.0268  0.0275  0.0273  0.0273  0.0272  0.0273  0.0271  0.0269
  0.0278  0.0278  0.0277  0.0268  0.0265  0.0265  0.0271  0.0271  0.0271  0.0271  0.0271  0.0271
  0.0279  0.0278  0.0289  0.0262  0.0267  0.0287  0.0273  0.0276  0.0273  0.0274  0.0273  0.0274
  0.0285  0.0282  0.0305  0.0266  0.0281  0.0344  0.0280  0.0285  0.0278  0.0281  0.0275  0.0279
  0.0296  0.0290  0.0325  0.0293  0.0305  0.0416  0.0290  0.0299  0.0286  0.0293  0.0278  0.0286
niter,ni,del,rscale     7    3    5.0000    1.2000
parameters
   -0.2412    5.6460   13.5768    5.7462  -10.4932  -13.7004
    3.3698    3.7731   -3.3482   18.6548   -1.9566  -15.8711
eta,q 0.97318 12.22294
  0.0294  0.0291  0.0274  0.0292  0.0293  0.0315  0.0287  0.0299  0.0283  0.0293  0.0275  0.0275
  0.0281  0.0279  0.0265  0.0282  0.0278  0.0294  0.0277  0.0280  0.0275  0.0279  0.0270  0.0271
  0.0272  0.0272  0.0263  0.0272  0.0267  0.0278  0.0271  0.0270  0.0270  0.0271  0.0269  0.0268
  0.0269  0.0269  0.0269  0.0263  0.0262  0.0262  0.0268  0.0268  0.0268  0.0268  0.0269  0.0269
  0.0271  0.0271  0.0280  0.0257  0.0263  0.0276  0.0270  0.0273  0.0270  0.0271  0.0270  0.0271
  0.0279  0.0276  0.0294  0.0267  0.0272  0.0319  0.0277  0.0282  0.0274  0.0277  0.0272  0.0275
  0.0292  0.0286  0.0311  0.0299  0.0294  0.0382  0.0287  0.0295  0.0282  0.0287  0.0274  0.0279
niter,ni,del,rscale     6    3    5.0000    1.2000
parameters
   -0.2771    5.7243   12.9436    6.1044  -10.4709  -14.5457
    3.3398    3.8228   -3.2971   19.0543   -2.0115  -16.1628
eta,q 0.97299 12.20699
  0.0290  0.0288  0.0283  0.0295  0.0295  0.0321  0.0288  0.0299  0.0284  0.0292  0.0276  0.0278
  0.0278  0.0277  0.0271  0.0285  0.0280  0.0300  0.0278  0.0281  0.0276  0.0279  0.0272  0.0273
  0.0271  0.0270  0.0266  0.0276  0.0270  0.0282  0.0272  0.0272  0.0271  0.0272  0.0270  0.0271
  0.0268  0.0268  0.0268  0.0266  0.0265  0.0265  0.0270  0.0270  0.0270  0.0270  0.0270  0.0270
  0.0271  0.0270  0.0275  0.0261  0.0266  0.0269  0.0272  0.0274  0.0271  0.0272  0.0271  0.0272
  0.0278  0.0276  0.0285  0.0270  0.0276  0.0304  0.0278  0.0283  0.0276  0.0278  0.0273  0.0275
  0.0292  0.0285  0.0297  0.0301  0.0298  0.0365  0.0289  0.0296  0.0283  0.0287  0.0275  0.0279
niter,ni,del,rscale     5    3    5.0000    1.2000
parameters
   -0.2730    5.8348   12.5388    6.2523  -10.5858  -15.1276
    3.3277    3.8487   -3.2988   19.4400   -2.0476  -16.2778
eta,q 0.97276 12.18919
  0.0292  0.0289  0.0285  0.0297  0.0297  0.0323  0.0290  0.0301  0.0285  0.0292  0.0278  0.0280
  0.0280  0.0278  0.0274  0.0288  0.0283  0.0303  0.0280  0.0282  0.0278  0.0280  0.0274  0.0276
  0.0273  0.0272  0.0269  0.0278  0.0273  0.0285  0.0275  0.0274  0.0273  0.0273  0.0272  0.0273
  0.0270  0.0270  0.0270  0.0269  0.0269  0.0269  0.0272  0.0272  0.0272  0.0272  0.0272  0.0272
  0.0272  0.0272  0.0275  0.0264  0.0270  0.0267  0.0274  0.0276  0.0274  0.0275  0.0273  0.0274
  0.0280  0.0277  0.0283  0.0275  0.0280  0.0300  0.0280  0.0285  0.0278  0.0279  0.0275  0.0276
  0.0293  0.0285  0.0293  0.0307  0.0302  0.0360  0.0291  0.0297  0.0285  0.0287  0.0277  0.0280
niter,ni,del,rscale     4    3    5.0000    1.2000
parameters
   -0.2709    5.9715   12.2303    6.3702  -10.8091  -15.6108
    3.3345    3.8407   -3.3302   19.9002   -1.9769  -16.2067
eta,q 0.97252 12.17026
  0.0294  0.0290  0.0287  0.0300  0.0298  0.0324  0.0292  0.0302  0.0286  0.0292  0.0280  0.0282
  0.0282  0.0280  0.0276  0.0290  0.0285  0.0304  0.0283  0.0284  0.0280  0.0281  0.0276  0.0278
  0.0275  0.0275  0.0272  0.0281  0.0275  0.0287  0.0277  0.0276  0.0275  0.0275  0.0275  0.0275
  0.0272  0.0272  0.0272  0.0272  0.0272  0.0272  0.0274  0.0274  0.0274  0.0274  0.0275  0.0275
  0.0274  0.0274  0.0276  0.0267  0.0273  0.0267  0.0276  0.0279  0.0276  0.0276  0.0275  0.0276
  0.0282  0.0278  0.0283  0.0277  0.0283  0.0298  0.0282  0.0287  0.0280  0.0280  0.0277  0.0278
  0.0294  0.0286  0.0292  0.0310  0.0304  0.0357  0.0293  0.0299  0.0287  0.0287  0.0278  0.0282
niter,ni,del,rscale     3    3    5.0000    1.2000
parameters
   -0.2743    6.1486   11.9163    6.4873  -11.1405  -16.1397
    3.3475    3.8111   -3.4023   20.6757   -1.8094  -15.8895
eta,q 0.97229 12.14835
  0.0296  0.0292  0.0288  0.0301  0.0298  0.0323  0.0294  0.0303  0.0288  0.0292  0.0281  0.0284
  0.0284  0.0282  0.0278  0.0292  0.0286  0.0304  0.0285  0.0286  0.0282  0.0282  0.0278  0.0280
  0.0277  0.0277  0.0274  0.0283  0.0277  0.0288  0.0279  0.0278  0.0278  0.0278  0.0277  0.0278
  0.0275  0.0275  0.0275  0.0274  0.0274  0.0274  0.0277  0.0277  0.0277  0.0277  0.0277  0.0277
  0.0277  0.0276  0.0278  0.0269  0.0275  0.0269  0.0278  0.0281  0.0278  0.0278  0.0278  0.0278
  0.0284  0.0280  0.0284  0.0279  0.0285  0.0299  0.0285  0.0289  0.0282  0.0281  0.0279  0.0280
  0.0296  0.0287  0.0292  0.0312  0.0306  0.0357  0.0295  0.0300  0.0288  0.0286  0.0280  0.0283
niter,ni,del,rscale     2    3    5.0000    1.2000
parameters
   -0.2884    6.4546   11.4045    6.6126  -11.8492  -17.0468
    3.3961    3.7422   -3.4652   22.6497   -1.5898  -14.8736
eta,q 0.97205 12.10624
  0.0297  0.0295  0.0287  0.0302  0.0296  0.0319  0.0297  0.0303  0.0291  0.0295  0.0284  0.0288
  0.0286  0.0285  0.0278  0.0293  0.0285  0.0302  0.0288  0.0288  0.0285  0.0286  0.0280  0.0284
  0.0279  0.0280  0.0276  0.0285  0.0278  0.0288  0.0282  0.0281  0.0281  0.0281  0.0279  0.0281
  0.0277  0.0277  0.0277  0.0276  0.0275  0.0276  0.0280  0.0280  0.0280  0.0280  0.0280  0.0280
  0.0279  0.0278  0.0280  0.0270  0.0277  0.0272  0.0281  0.0284  0.0281  0.0280  0.0280  0.0280
  0.0286  0.0281  0.0286  0.0281  0.0287  0.0304  0.0287  0.0291  0.0285  0.0281  0.0281  0.0281
  0.0298  0.0287  0.0294  0.0312  0.0308  0.0363  0.0297  0.0302  0.0291  0.0284  0.0283  0.0284
niter,ni,del,rscale     1    3    5.0000    1.2000
parameters
   -0.3298    7.1868   10.3070    6.5589  -13.6137  -18.8766
    3.4248    3.7074   -3.0494   25.5456   -2.0727  -15.0220
eta,q 0.97203 11.98358
  0.0298  0.0301  0.0283  0.0299  0.0291  0.0310  0.0296  0.0301  0.0296  0.0301  0.0284  0.0286
  0.0288  0.0291  0.0276  0.0291  0.0281  0.0295  0.0288  0.0288  0.0289  0.0292  0.0280  0.0282
  0.0282  0.0284  0.0275  0.0283  0.0276  0.0284  0.0283  0.0282  0.0283  0.0285  0.0279  0.0280
  0.0280  0.0280  0.0278  0.0275  0.0275  0.0275  0.0281  0.0281  0.0281  0.0281  0.0280  0.0280
  0.0282  0.0278  0.0283  0.0270  0.0280  0.0279  0.0283  0.0284  0.0282  0.0280  0.0281  0.0281
  0.0288  0.0280  0.0290  0.0280  0.0292  0.0319  0.0288  0.0290  0.0286  0.0281  0.0282  0.0283
  0.0300  0.0285  0.0299  0.0312  0.0314  0.0382  0.0296  0.0299  0.0293  0.0285  0.0284  0.0286
registration optimization eta report
parameter search radius
    2.4000    2.4000    3.1740    8.2800    9.5220    9.5220
    7.2000    7.2000    7.2000    8.2800    7.2000    7.2000
100000*second partial in parameter space
       33.       23.       13.        5.        3.        8.
        3.        4.        3.        2.        1.        1.
  0.0298  0.0301  0.0283  0.0299  0.0291  0.0310  0.0296  0.0301  0.0296  0.0301  0.0284  0.0286
  0.0288  0.0291  0.0276  0.0291  0.0281  0.0295  0.0288  0.0288  0.0289  0.0292  0.0280  0.0282
  0.0282  0.0284  0.0275  0.0283  0.0276  0.0284  0.0283  0.0282  0.0283  0.0285  0.0279  0.0280
  0.0280  0.0280  0.0278  0.0275  0.0275  0.0275  0.0281  0.0281  0.0281  0.0281  0.0280  0.0280
  0.0282  0.0278  0.0283  0.0270  0.0280  0.0279  0.0283  0.0284  0.0282  0.0280  0.0281  0.0281
  0.0288  0.0280  0.0290  0.0280  0.0292  0.0319  0.0288  0.0290  0.0286  0.0281  0.0282  0.0283
  0.0300  0.0285  0.0299  0.0312  0.0314  0.0382  0.0296  0.0299  0.0293  0.0285  0.0284  0.0286
   -0.3298    7.1868   10.3070    6.5589  -13.6137  -18.8766
    3.4248    3.7074   -3.0494   25.5456   -2.0727  -15.0220
eta,q 0.97203 11.98358

---------------------------------------------------------------------
imgreg_4dfp /opt/freesurfer/average/711-2C_as_mni_average_305 /opt/freesurfer/average/711-2B_as_mni_average_305_mask talsrcimg_g11 none talsrcimg_to_711-2C_as_mni_average_305_t4 2311
---------------------------------------------------------------------

freesurfer imgreg_4dfp.c
/opt/freesurfer/average/711-2C_as_mni_average_305.4dfp.img
       256       256       256         1
  1.000000  1.000000  1.000000
orientation T byte_order littleendian
Reading image: /opt/freesurfer/average/711-2C_as_mni_average_305.4dfp.img
dimensions:      256       256       256
mmppix:       1.0000   -1.0000   -1.0000
center:     128.0000 -129.0000 -129.0000
/opt/freesurfer/average/711-2B_as_mni_average_305_mask.4dfp.img
       256       256       256         1
  1.000000  1.000000  1.000000
orientation T byte_order littleendian
Reading mask: /opt/freesurfer/average/711-2B_as_mni_average_305_mask.4dfp.img (2306576 pixels)
talsrcimg_g11.4dfp.img
       256       256       256         1
  1.000000  1.000000  1.000000
orientation T byte_order littleendian
Reading image: talsrcimg_g11.4dfp.img
dimensions:      256       256       256
mmppix:       1.0000   -1.0000   -1.0000
center:     128.0000 -129.0000 -129.0000
fimgreg.f
image alignment mode   2311 decimal      907 hex
parameters
   -0.3298    7.1868   10.3070    6.5589  -13.6137  -18.8766
    3.4248    3.7074   -3.0494   25.5456   -2.0727  -15.0220
eta,q 0.97203 11.98358
niter,ni,del,rscale     5    3    5.0000    0.8000
parameter  2 -0.514920 -> -0.500000 qaram    1.1500
parameter  3  0.918195 ->  0.500000 qaram    1.1500
parameter  4 -0.632464 -> -0.500000 qaram    1.1500
parameters
   -0.2980    8.1068    9.3870    9.3189  -14.4885  -18.7770
    3.4549    4.5720   -2.7936   26.6312   -0.9695  -16.6332
eta,q 0.97306 12.02370
  0.0287  0.0294  0.0276  0.0287  0.0275  0.0285  0.0278  0.0292  0.0278  0.0278  0.0277  0.0271
  0.0283  0.0288  0.0276  0.0284  0.0272  0.0279  0.0274  0.0280  0.0274  0.0274  0.0273  0.0270
  0.0281  0.0283  0.0276  0.0280  0.0271  0.0276  0.0271  0.0273  0.0271  0.0272  0.0271  0.0269
  0.0280  0.0280  0.0278  0.0276  0.0271  0.0271  0.0270  0.0270  0.0270  0.0270  0.0270  0.0270
  0.0280  0.0278  0.0280  0.0272  0.0272  0.0267  0.0271  0.0271  0.0271  0.0270  0.0270  0.0271
  0.0282  0.0278  0.0282  0.0271  0.0275  0.0273  0.0274  0.0274  0.0273  0.0271  0.0271  0.0273
  0.0287  0.0279  0.0285  0.0276  0.0280  0.0289  0.0279  0.0280  0.0277  0.0273  0.0272  0.0276
niter,ni,del,rscale     7    3    5.0000    1.0000
parameters
   -0.4230    8.0681    8.8352    7.8964  -14.0674  -19.1639
    3.1921    4.3539   -2.8298   27.7366   -0.0954  -16.2332
eta,q 0.97277 12.00508
  0.0284  0.0284  0.0274  0.0285  0.0282  0.0290  0.0282  0.0290  0.0283  0.0283  0.0279  0.0279
  0.0276  0.0276  0.0269  0.0279  0.0276  0.0283  0.0277  0.0278  0.0277  0.0278  0.0275  0.0276
  0.0271  0.0271  0.0268  0.0273  0.0272  0.0279  0.0274  0.0273  0.0274  0.0274  0.0273  0.0273
  0.0269  0.0269  0.0269  0.0268  0.0271  0.0271  0.0272  0.0273  0.0272  0.0272  0.0272  0.0272
  0.0272  0.0271  0.0272  0.0272  0.0271  0.0267  0.0274  0.0275  0.0274  0.0272  0.0273  0.0273
  0.0278  0.0277  0.0276  0.0291  0.0274  0.0279  0.0278  0.0281  0.0277  0.0274  0.0273  0.0275
  0.0288  0.0285  0.0281  0.0324  0.0280  0.0309  0.0285  0.0291  0.0283  0.0278  0.0275  0.0278
niter,ni,del,rscale     6    3    5.0000    0.9000
parameters
   -0.4117    8.0810    8.5244    7.8999  -13.8362  -19.2137
    3.3025    4.4426   -2.9358   27.9980    0.2667  -16.3132
eta,q 0.97281 12.01384
  0.0283  0.0284  0.0278  0.0287  0.0281  0.0290  0.0281  0.0289  0.0280  0.0280  0.0276  0.0277
  0.0277  0.0278  0.0273  0.0282  0.0276  0.0285  0.0276  0.0278  0.0276  0.0276  0.0273  0.0274
  0.0274  0.0274  0.0272  0.0277  0.0273  0.0280  0.0273  0.0273  0.0273  0.0273  0.0272  0.0272
  0.0272  0.0272  0.0272  0.0272  0.0272  0.0272  0.0272  0.0272  0.0272  0.0272  0.0272  0.0272
  0.0273  0.0274  0.0274  0.0269  0.0272  0.0268  0.0273  0.0274  0.0273  0.0272  0.0272  0.0273
  0.0276  0.0278  0.0277  0.0275  0.0274  0.0277  0.0275  0.0278  0.0276  0.0274  0.0273  0.0274
  0.0283  0.0284  0.0280  0.0295  0.0280  0.0301  0.0281  0.0287  0.0281  0.0279  0.0275  0.0277
niter,ni,del,rscale     5    3    5.0000    0.8000
parameters
   -0.4220    8.0800    8.3974    8.2812  -13.8096  -19.0194
    3.2607    4.5021   -2.9508   27.9891    0.4636  -16.5214
eta,q 0.97300 12.02930
  0.0280  0.0281  0.0278  0.0286  0.0277  0.0287  0.0277  0.0285  0.0277  0.0277  0.0274  0.0274
  0.0275  0.0276  0.0274  0.0281  0.0274  0.0283  0.0273  0.0276  0.0273  0.0273  0.0272  0.0272
  0.0273  0.0273  0.0272  0.0277  0.0272  0.0279  0.0271  0.0272  0.0271  0.0271  0.0270  0.0270
  0.0272  0.0272  0.0272  0.0272  0.0271  0.0271  0.0270  0.0270  0.0270  0.0270  0.0270  0.0270
  0.0273  0.0273  0.0273  0.0269  0.0271  0.0267  0.0271  0.0271  0.0271  0.0271  0.0270  0.0271
  0.0275  0.0276  0.0276  0.0273  0.0273  0.0274  0.0273  0.0276  0.0273  0.0273  0.0271  0.0272
  0.0280  0.0281  0.0278  0.0287  0.0278  0.0293  0.0278  0.0284  0.0277  0.0277  0.0273  0.0275
niter,ni,del,rscale     4    3    5.0000    0.7000
parameters
   -0.4403    8.0833    8.4256    8.5892  -13.8055  -18.6270
    3.2143    4.5300   -2.9480   27.7988    0.5631  -16.6290
eta,q 0.97321 12.04360
  0.0277  0.0277  0.0276  0.0283  0.0274  0.0285  0.0273  0.0281  0.0273  0.0273  0.0272  0.0271
  0.0273  0.0273  0.0272  0.0278  0.0272  0.0282  0.0271  0.0273  0.0270  0.0270  0.0269  0.0269
  0.0271  0.0271  0.0270  0.0274  0.0270  0.0277  0.0269  0.0269  0.0268  0.0268  0.0268  0.0268
  0.0270  0.0270  0.0270  0.0270  0.0269  0.0269  0.0268  0.0268  0.0268  0.0268  0.0268  0.0268
  0.0271  0.0271  0.0271  0.0268  0.0270  0.0266  0.0268  0.0269  0.0268  0.0269  0.0268  0.0268
  0.0273  0.0273  0.0273  0.0272  0.0271  0.0272  0.0270  0.0273  0.0270  0.0271  0.0269  0.0270
  0.0277  0.0277  0.0275  0.0284  0.0274  0.0286  0.0274  0.0280  0.0273  0.0274  0.0271  0.0272
niter,ni,del,rscale     3    3    5.0000    0.6000
parameters
   -0.4659    8.0776    8.5758    8.8578  -13.8849  -18.1521
    3.1839    4.5393   -2.9679   27.5117    0.5861  -16.8404
eta,q 0.97341 12.05589
  0.0273  0.0273  0.0274  0.0279  0.0271  0.0282  0.0270  0.0276  0.0270  0.0270  0.0269  0.0268
  0.0270  0.0270  0.0271  0.0275  0.0269  0.0279  0.0268  0.0271  0.0268  0.0268  0.0267  0.0267
  0.0268  0.0268  0.0269  0.0271  0.0268  0.0273  0.0266  0.0267  0.0266  0.0266  0.0266  0.0266
  0.0268  0.0268  0.0268  0.0268  0.0267  0.0267  0.0266  0.0266  0.0266  0.0266  0.0266  0.0266
  0.0268  0.0269  0.0268  0.0267  0.0268  0.0265  0.0266  0.0267  0.0266  0.0267  0.0266  0.0266
  0.0270  0.0270  0.0270  0.0270  0.0269  0.0269  0.0268  0.0270  0.0268  0.0268  0.0267  0.0267
  0.0274  0.0273  0.0272  0.0279  0.0271  0.0280  0.0271  0.0276  0.0270  0.0271  0.0269  0.0269
niter,ni,del,rscale     2    3    5.0000    0.5000
parameters
   -0.4956    8.0627    8.8095    9.1111  -14.0219  -17.6443
    3.1756    4.5637   -2.9879   27.2073    0.5714  -16.9990
eta,q 0.97358 12.06622
  0.0270  0.0270  0.0272  0.0274  0.0268  0.0279  0.0267  0.0272  0.0267  0.0267  0.0266  0.0266
  0.0267  0.0268  0.0269  0.0271  0.0266  0.0275  0.0266  0.0268  0.0265  0.0265  0.0265  0.0265
  0.0266  0.0266  0.0267  0.0268  0.0266  0.0270  0.0265  0.0265  0.0265  0.0264  0.0264  0.0264
  0.0266  0.0266  0.0266  0.0266  0.0265  0.0265  0.0264  0.0264  0.0264  0.0264  0.0264  0.0264
  0.0266  0.0266  0.0266  0.0265  0.0266  0.0264  0.0264  0.0265  0.0264  0.0265  0.0264  0.0264
  0.0268  0.0268  0.0267  0.0268  0.0267  0.0267  0.0266  0.0268  0.0266  0.0266  0.0265  0.0265
  0.0270  0.0270  0.0268  0.0274  0.0268  0.0275  0.0268  0.0272  0.0267  0.0268  0.0266  0.0266
niter,ni,del,rscale     1    3    5.0000    0.4000
parameters
   -0.5212    8.0483    9.0849    9.3102  -14.2152  -17.1681
    3.1753    4.5781   -3.0135   26.9324    0.5625  -17.1122
eta,q 0.97371 12.07292
  0.0267  0.0267  0.0269  0.0270  0.0265  0.0275  0.0265  0.0268  0.0265  0.0264  0.0264  0.0264
  0.0265  0.0265  0.0267  0.0268  0.0264  0.0271  0.0264  0.0265  0.0264  0.0264  0.0264  0.0263
  0.0264  0.0264  0.0265  0.0266  0.0264  0.0267  0.0263  0.0264  0.0263  0.0263  0.0263  0.0263
  0.0264  0.0264  0.0264  0.0264  0.0264  0.0264  0.0263  0.0263  0.0263  0.0263  0.0263  0.0263
  0.0265  0.0264  0.0264  0.0264  0.0264  0.0263  0.0263  0.0263  0.0263  0.0263  0.0263  0.0263
  0.0265  0.0265  0.0264  0.0265  0.0265  0.0265  0.0264  0.0265  0.0264  0.0264  0.0264  0.0264
  0.0267  0.0267  0.0265  0.0270  0.0265  0.0270  0.0265  0.0268  0.0265  0.0266  0.0264  0.0264
registration optimization eta report
parameter search radius
    0.8000    0.9200    0.9200    2.7600    2.4000    2.4000
    2.4000    2.4000    2.4000    2.4000    2.4000    2.4000
100000*second partial in parameter space
       45.       31.       32.        8.        3.       15.
        4.        9.        3.        4.        3.        2.
  0.0267  0.0267  0.0269  0.0270  0.0265  0.0275  0.0265  0.0268  0.0265  0.0264  0.0264  0.0264
  0.0265  0.0265  0.0267  0.0268  0.0264  0.0271  0.0264  0.0265  0.0264  0.0264  0.0264  0.0263
  0.0264  0.0264  0.0265  0.0266  0.0264  0.0267  0.0263  0.0264  0.0263  0.0263  0.0263  0.0263
  0.0264  0.0264  0.0264  0.0264  0.0264  0.0264  0.0263  0.0263  0.0263  0.0263  0.0263  0.0263
  0.0265  0.0264  0.0264  0.0264  0.0264  0.0263  0.0263  0.0263  0.0263  0.0263  0.0263  0.0263
  0.0265  0.0265  0.0264  0.0265  0.0265  0.0265  0.0264  0.0265  0.0264  0.0264  0.0264  0.0264
  0.0267  0.0267  0.0265  0.0270  0.0265  0.0270  0.0265  0.0268  0.0265  0.0266  0.0264  0.0264
   -0.5212    8.0483    9.0849    9.3102  -14.2152  -17.1681
    3.1753    4.5781   -3.0135   26.9324    0.5625  -17.1122
eta,q 0.97371 12.07292

---------------------------------------------------------------------
imgreg_4dfp /opt/freesurfer/average/711-2C_as_mni_average_305 /opt/freesurfer/average/711-2B_as_mni_average_305_mask talsrcimg_g11 none talsrcimg_to_711-2C_as_mni_average_305_t4 2311
---------------------------------------------------------------------

freesurfer imgreg_4dfp.c
/opt/freesurfer/average/711-2C_as_mni_average_305.4dfp.img
       256       256       256         1
  1.000000  1.000000  1.000000
orientation T byte_order littleendian
Reading image: /opt/freesurfer/average/711-2C_as_mni_average_305.4dfp.img
dimensions:      256       256       256
mmppix:       1.0000   -1.0000   -1.0000
center:     128.0000 -129.0000 -129.0000
/opt/freesurfer/average/711-2B_as_mni_average_305_mask.4dfp.img
       256       256       256         1
  1.000000  1.000000  1.000000
orientation T byte_order littleendian
Reading mask: /opt/freesurfer/average/711-2B_as_mni_average_305_mask.4dfp.img (2306576 pixels)
talsrcimg_g11.4dfp.img
       256       256       256         1
  1.000000  1.000000  1.000000
orientation T byte_order littleendian
Reading image: talsrcimg_g11.4dfp.img
dimensions:      256       256       256
mmppix:       1.0000   -1.0000   -1.0000
center:     128.0000 -129.0000 -129.0000
fimgreg.f
image alignment mode   2311 decimal      907 hex
parameters
   -0.5212    8.0483    9.0849    9.3102  -14.2152  -17.1681
    3.1753    4.5781   -3.0135   26.9324    0.5625  -17.1122
eta,q 0.97371 12.07292
niter,ni,del,rscale     5    3    5.0000    0.8000
parameters
   -0.5432    8.0487    9.4163    8.5679  -14.1893  -17.6692
    3.2136    4.1620   -2.9353   27.5404    0.5445  -16.4953
eta,q 0.97348 12.06037
  0.0275  0.0271  0.0275  0.0274  0.0270  0.0281  0.0273  0.0277  0.0273  0.0273  0.0269  0.0271
  0.0268  0.0266  0.0269  0.0270  0.0267  0.0277  0.0269  0.0270  0.0269  0.0270  0.0267  0.0268
  0.0264  0.0264  0.0265  0.0266  0.0264  0.0271  0.0266  0.0266  0.0266  0.0267  0.0265  0.0266
  0.0263  0.0263  0.0263  0.0263  0.0264  0.0264  0.0265  0.0265  0.0265  0.0265  0.0265  0.0265
  0.0264  0.0264  0.0263  0.0264  0.0264  0.0265  0.0266  0.0268  0.0266  0.0265  0.0266  0.0265
  0.0268  0.0266  0.0265  0.0274  0.0266  0.0277  0.0269  0.0273  0.0268  0.0267  0.0267  0.0267
  0.0275  0.0271  0.0268  0.0292  0.0270  0.0301  0.0273  0.0283  0.0272  0.0270  0.0269  0.0268
niter,ni,del,rscale     4    3    5.0000    0.7000
parameters
   -0.5600    8.0007    9.1794    8.7313  -13.9417  -17.8098
    3.3929    4.2462   -2.9484   27.4274    0.5387  -16.5430
eta,q 0.97350 12.06662
  0.0272  0.0270  0.0269  0.0276  0.0270  0.0281  0.0272  0.0278  0.0271  0.0270  0.0268  0.0269
  0.0268  0.0267  0.0266  0.0272  0.0267  0.0278  0.0268  0.0271  0.0267  0.0267  0.0266  0.0267
  0.0266  0.0266  0.0265  0.0268  0.0265  0.0271  0.0266  0.0267  0.0266  0.0266  0.0265  0.0265
  0.0265  0.0265  0.0265  0.0265  0.0265  0.0265  0.0265  0.0265  0.0265  0.0265  0.0265  0.0265
  0.0266  0.0266  0.0267  0.0264  0.0265  0.0265  0.0265  0.0266  0.0266  0.0266  0.0265  0.0266
  0.0269  0.0268  0.0269  0.0267  0.0266  0.0273  0.0267  0.0270  0.0267  0.0268  0.0267  0.0267
  0.0273  0.0271  0.0272  0.0277  0.0269  0.0291  0.0271  0.0277  0.0271  0.0271  0.0268  0.0269
niter,ni,del,rscale     3    3    5.0000    0.6000
parameters
   -0.5559    7.9947    9.0656    8.9857  -13.9940  -17.6606
    3.3443    4.3486   -2.9575   27.2483    0.5646  -16.7934
eta,q 0.97358 12.06979
  0.0271  0.0269  0.0268  0.0274  0.0268  0.0280  0.0269  0.0275  0.0268  0.0268  0.0267  0.0266
  0.0268  0.0267  0.0266  0.0271  0.0266  0.0276  0.0266  0.0269  0.0266  0.0266  0.0265  0.0265
  0.0266  0.0265  0.0265  0.0268  0.0265  0.0270  0.0265  0.0266  0.0265  0.0265  0.0264  0.0264
  0.0265  0.0265  0.0265  0.0265  0.0265  0.0265  0.0264  0.0264  0.0264  0.0264  0.0264  0.0264
  0.0266  0.0265  0.0266  0.0264  0.0265  0.0264  0.0265  0.0265  0.0265  0.0265  0.0265  0.0265
  0.0267  0.0267  0.0267  0.0267  0.0266  0.0270  0.0266  0.0268  0.0266  0.0266  0.0265  0.0266
  0.0271  0.0269  0.0270  0.0274  0.0268  0.0282  0.0269  0.0274  0.0268  0.0269  0.0267  0.0267
niter,ni,del,rscale     2    3    5.0000    0.5000
parameters
   -0.5541    8.0116    9.1173    9.2131  -14.1242  -17.3572
    3.2766    4.4400   -2.9940   27.0651    0.5826  -16.9697
eta,q 0.97368 12.07393
  0.0268  0.0267  0.0268  0.0271  0.0266  0.0277  0.0266  0.0271  0.0266  0.0266  0.0266  0.0265
  0.0266  0.0266  0.0266  0.0269  0.0265  0.0273  0.0265  0.0267  0.0264  0.0264  0.0264  0.0264
  0.0265  0.0265  0.0265  0.0266  0.0264  0.0268  0.0264  0.0264  0.0264  0.0263  0.0263  0.0263
  0.0264  0.0264  0.0264  0.0264  0.0264  0.0264  0.0263  0.0263  0.0263  0.0263  0.0263  0.0263
  0.0265  0.0264  0.0264  0.0264  0.0264  0.0263  0.0264  0.0264  0.0264  0.0264  0.0263  0.0264
  0.0266  0.0265  0.0265  0.0266  0.0265  0.0267  0.0265  0.0266  0.0265  0.0265  0.0264  0.0264
  0.0268  0.0267  0.0267  0.0271  0.0266  0.0275  0.0267  0.0271  0.0266  0.0267  0.0265  0.0265
niter,ni,del,rscale     1    3    5.0000    0.4000
parameters
   -0.5583    8.0176    9.2762    9.3947  -14.2868  -16.9909
    3.2337    4.5059   -3.0126   26.8368    0.5827  -17.1058
eta,q 0.97377 12.07764
  0.0266  0.0265  0.0266  0.0268  0.0264  0.0274  0.0264  0.0268  0.0264  0.0264  0.0264  0.0263
  0.0264  0.0264  0.0265  0.0266  0.0263  0.0270  0.0263  0.0265  0.0263  0.0263  0.0263  0.0263
  0.0263  0.0263  0.0264  0.0264  0.0263  0.0266  0.0263  0.0263  0.0263  0.0263  0.0262  0.0262
  0.0263  0.0263  0.0263  0.0263  0.0263  0.0263  0.0262  0.0262  0.0262  0.0262  0.0262  0.0262
  0.0263  0.0263  0.0263  0.0263  0.0263  0.0263  0.0263  0.0263  0.0263  0.0263  0.0263  0.0263
  0.0264  0.0264  0.0264  0.0264  0.0264  0.0265  0.0263  0.0265  0.0263  0.0263  0.0263  0.0263
  0.0266  0.0265  0.0264  0.0268  0.0265  0.0270  0.0265  0.0268  0.0264  0.0265  0.0264  0.0264
registration optimization eta report
parameter search radius
    0.8000    0.8000    0.8000    2.4000    2.4000    2.4000
    2.4000    2.4000    2.4000    2.4000    2.4000    2.4000
100000*second partial in parameter space
       45.       30.       33.        8.        3.       15.
        4.        9.        3.        4.        3.        2.
  0.0266  0.0265  0.0266  0.0268  0.0264  0.0274  0.0264  0.0268  0.0264  0.0264  0.0264  0.0263
  0.0264  0.0264  0.0265  0.0266  0.0263  0.0270  0.0263  0.0265  0.0263  0.0263  0.0263  0.0263
  0.0263  0.0263  0.0264  0.0264  0.0263  0.0266  0.0263  0.0263  0.0263  0.0263  0.0262  0.0262
  0.0263  0.0263  0.0263  0.0263  0.0263  0.0263  0.0262  0.0262  0.0262  0.0262  0.0262  0.0262
  0.0263  0.0263  0.0263  0.0263  0.0263  0.0263  0.0263  0.0263  0.0263  0.0263  0.0263  0.0263
  0.0264  0.0264  0.0264  0.0264  0.0264  0.0265  0.0263  0.0265  0.0263  0.0263  0.0263  0.0263
  0.0266  0.0265  0.0264  0.0268  0.0265  0.0270  0.0265  0.0268  0.0264  0.0265  0.0264  0.0264
   -0.5583    8.0176    9.2762    9.3947  -14.2868  -16.9909
    3.2337    4.5059   -3.0126   26.8368    0.5827  -17.1058
eta,q 0.97377 12.07764

---------------------------------------------------------------------
compute_vox2vox talsrcimg talsrcimg_to_711-2C_as_mni_average_305_t4 /opt/freesurfer/average/711-2C_as_mni_average_305
---------------------------------------------------------------------

freesurfer compute_vox2vox.c
Reading: talsrcimg.4dfp.ifh
Reading: talsrcimg_to_711-2C_as_mni_average_305_t4
Reading: /opt/freesurfer/average/711-2C_as_mni_average_305.4dfp.ifh
Writing: talsrcimg_to_711-2C_as_mni_average_305_t4_vox2vox.txt

start time Sun Feb 11 11:34:22 UTC 2024
end		time Sun Feb 11 11:34:40 UTC 2024

mpr2mni305 success

avi2talxfm orig_nu.mgz /opt/freesurfer/average/mni305.cor.mgz talsrcimg_to_711-2C_as_mni_average_305_t4_vox2vox.txt transforms/talairach.auto.xfm
avi2talxfm done
mv -f /tmp/sourcedata/freesurfer/sub-LJ001/mri/talsrcimg_to_711-2C_as_mni_average_305_t4_vox2vox.txt /tmp/sourcedata/freesurfer/sub-LJ001/mri/transforms/talsrcimg_to_711-2C_as_mni_average_305_t4_vox2vox.txt
lta_convert --src orig_nu.mgz --trg /opt/freesurfer/average/mni305.cor.mgz --inxfm transforms/talairach.auto.xfm --outlta transforms/talairach.auto.xfm.lta --subject fsaverage
7.3.2

--src: orig_nu.mgz src image (geometry).
--trg: /opt/freesurfer/average/mni305.cor.mgz trg image (geometry).
--inmni: transforms/talairach.auto.xfm input MNI/XFM transform.
--outlta: transforms/talairach.auto.xfm.lta output LTA.
--s: fsaverage subject name
 LTA read, type : 1
 0.91317  -0.03610  -0.04166   1.31658;
 0.00019   1.13166   0.22584  -16.77615;
 0.03204  -0.35559   1.09451  -15.08220;
 0.00000   0.00000   0.00000   1.00000;
setting subject to fsaverage
Writing  LTA to file transforms/talairach.auto.xfm.lta...
lta_convert successful.
 
 
Started at Sun Feb 11 11:34:21 UTC 2024
Ended   at Sun Feb 11 11:34:40 UTC 2024
talairach_avi done
