status file for recon-all
Sun Feb 11 13:27:28 UTC 2024
#@# Tessellate lh Sun Feb 11 13:27:28 UTC 2024
#@# Smooth1 lh Sun Feb 11 13:27:32 UTC 2024
#@# Inflation1 lh Sun Feb 11 13:27:34 UTC 2024
#@# QSphere lh Sun Feb 11 13:27:47 UTC 2024
#@# Fix Topology lh Sun Feb 11 13:29:12 UTC 2024
#@# Smooth2 lh Sun Feb 11 13:36:17 UTC 2024
#@# Inflation2 lh Sun Feb 11 13:36:20 UTC 2024
#@# Curv .H and .K lh Sun Feb 11 13:36:36 UTC 2024
#@# Sphere lh Sun Feb 11 13:37:30 UTC 2024
#@# Surf Reg lh Sun Feb 11 13:44:51 UTC 2024
#@# Jacobian white lh Sun Feb 11 13:50:46 UTC 2024
#@# AvgCurv lh Sun Feb 11 13:50:47 UTC 2024
#@# Cortical Parc lh Sun Feb 11 13:50:48 UTC 2024
#@# white curv lh Sun Feb 11 13:58:44 UTC 2024
#@# white area lh Sun Feb 11 13:58:46 UTC 2024
#@# pial curv lh Sun Feb 11 13:58:47 UTC 2024
#@# pial area lh Sun Feb 11 13:58:49 UTC 2024
#@# thickness lh Sun Feb 11 13:58:50 UTC 2024
#@# area and vertex vol lh Sun Feb 11 13:59:29 UTC 2024
#@# Curvature Stats lh Sun Feb 11 13:59:31 UTC 2024
#@# Cortical Parc 2 lh Sun Feb 11 13:59:33 UTC 2024
#@# Cortical Parc 3 lh Sun Feb 11 13:59:49 UTC 2024
#@# WM/GM Contrast lh Sun Feb 11 14:00:00 UTC 2024
recon-all -s sub-LJ001 finished without error at Sun Feb 11 14:00:05 UTC 2024



#New# invocation of recon-all 



status file for recon-all
Sun Feb 11 14:41:59 UTC 2024
#@# white curv lh Sun Feb 11 14:41:59 UTC 2024
#@# white area lh Sun Feb 11 14:41:59 UTC 2024
#@# pial curv lh Sun Feb 11 14:41:59 UTC 2024
#@# pial area lh Sun Feb 11 14:41:59 UTC 2024
#@# thickness lh Sun Feb 11 14:41:59 UTC 2024
#@# area and vertex vol lh Sun Feb 11 14:41:59 UTC 2024
#@# Parcellation Stats lh Sun Feb 11 14:41:59 UTC 2024
#@# Parcellation Stats 2 lh Sun Feb 11 14:42:23 UTC 2024
#@# Parcellation Stats 3 lh Sun Feb 11 14:42:36 UTC 2024
#@# BA_exvivo Labels lh Sun Feb 11 14:42:47 UTC 2024
recon-all -s sub-LJ001 finished without error at Sun Feb 11 14:45:53 UTC 2024
