status file for recon-all
Sun Feb 11 14:00:08 UTC 2024
#@# Tessellate rh Sun Feb 11 14:00:08 UTC 2024
#@# Smooth1 rh Sun Feb 11 14:00:12 UTC 2024
#@# Inflation1 rh Sun Feb 11 14:00:15 UTC 2024
#@# QSphere rh Sun Feb 11 14:00:28 UTC 2024
#@# Fix Topology rh Sun Feb 11 14:01:59 UTC 2024
#@# Smooth2 rh Sun Feb 11 14:09:43 UTC 2024
#@# Inflation2 rh Sun Feb 11 14:09:45 UTC 2024
#@# Curv .H and .K rh Sun Feb 11 14:10:00 UTC 2024
#@# Sphere rh Sun Feb 11 14:10:54 UTC 2024
#@# Surf Reg rh Sun Feb 11 14:16:42 UTC 2024
#@# Jacobian white rh Sun Feb 11 14:23:22 UTC 2024
#@# AvgCurv rh Sun Feb 11 14:23:23 UTC 2024
#@# Cortical Parc rh Sun Feb 11 14:23:24 UTC 2024
#@# white curv rh Sun Feb 11 14:31:21 UTC 2024
#@# white area rh Sun Feb 11 14:31:22 UTC 2024
#@# pial curv rh Sun Feb 11 14:31:23 UTC 2024
#@# pial area rh Sun Feb 11 14:31:25 UTC 2024
#@# thickness rh Sun Feb 11 14:31:26 UTC 2024
#@# area and vertex vol rh Sun Feb 11 14:32:00 UTC 2024
#@# Curvature Stats rh Sun Feb 11 14:32:02 UTC 2024
#@# Cortical Parc 2 rh Sun Feb 11 14:32:04 UTC 2024
#@# Cortical Parc 3 rh Sun Feb 11 14:32:19 UTC 2024
#@# WM/GM Contrast rh Sun Feb 11 14:32:30 UTC 2024
recon-all -s sub-LJ001 finished without error at Sun Feb 11 14:32:33 UTC 2024



#New# invocation of recon-all 



status file for recon-all
Sun Feb 11 14:45:55 UTC 2024
#@# white curv rh Sun Feb 11 14:45:55 UTC 2024
#@# white area rh Sun Feb 11 14:45:55 UTC 2024
#@# pial curv rh Sun Feb 11 14:45:55 UTC 2024
#@# pial area rh Sun Feb 11 14:45:55 UTC 2024
#@# thickness rh Sun Feb 11 14:45:55 UTC 2024
#@# area and vertex vol rh Sun Feb 11 14:45:55 UTC 2024
#@# Parcellation Stats rh Sun Feb 11 14:45:55 UTC 2024
#@# Parcellation Stats 2 rh Sun Feb 11 14:46:18 UTC 2024
#@# Parcellation Stats 3 rh Sun Feb 11 14:46:30 UTC 2024
#@# BA_exvivo Labels rh Sun Feb 11 14:46:42 UTC 2024
recon-all -s sub-LJ001 finished without error at Sun Feb 11 14:49:47 UTC 2024
