status file for recon-all
Sun Feb 11 11:31:01 UTC 2024
#@# MotionCor Sun Feb 11 11:31:04 UTC 2024
#@# Talairach Sun Feb 11 11:31:14 UTC 2024
#@# Talairach Failure Detection Sun Feb 11 11:34:42 UTC 2024
#@# Nu Intensity Correction Sun Feb 11 11:34:43 UTC 2024
#@# Intensity Normalization Sun Feb 11 11:38:00 UTC 2024
recon-all -s sub-LJ001 finished without error at Sun Feb 11 11:39:19 UTC 2024



#New# invocation of recon-all 



status file for recon-all
Sun Feb 11 11:44:47 UTC 2024
#@# EM Registration Sun Feb 11 11:44:47 UTC 2024
recon-all -s sub-LJ001 finished without error at Sun Feb 11 11:49:47 UTC 2024



#New# invocation of recon-all 



status file for recon-all
Sun Feb 11 11:49:48 UTC 2024
#@# CA Normalize Sun Feb 11 11:49:48 UTC 2024
#@# CA Reg Sun Feb 11 11:50:37 UTC 2024
#@# SubCort Seg Sun Feb 11 12:49:18 UTC 2024
#@# CC Seg Sun Feb 11 13:21:51 UTC 2024
#@# Merge ASeg Sun Feb 11 13:22:16 UTC 2024
#@# Intensity Normalization2 Sun Feb 11 13:22:16 UTC 2024
#@# Mask BFS Sun Feb 11 13:24:07 UTC 2024
#@# WM Segmentation Sun Feb 11 13:24:08 UTC 2024
#@# Fill Sun Feb 11 13:26:26 UTC 2024
recon-all -s sub-LJ001 finished without error at Sun Feb 11 13:27:23 UTC 2024



#New# invocation of recon-all 



status file for recon-all
Sun Feb 11 14:32:36 UTC 2024
#@# white curv lh Sun Feb 11 14:32:36 UTC 2024
#@# white area lh Sun Feb 11 14:32:36 UTC 2024
#@# pial curv lh Sun Feb 11 14:32:36 UTC 2024
#@# pial area lh Sun Feb 11 14:32:36 UTC 2024
#@# thickness lh Sun Feb 11 14:32:36 UTC 2024
#@# area and vertex vol lh Sun Feb 11 14:32:36 UTC 2024
#@# white curv rh Sun Feb 11 14:32:36 UTC 2024
#@# white area rh Sun Feb 11 14:32:36 UTC 2024
#@# pial curv rh Sun Feb 11 14:32:36 UTC 2024
#@# pial area rh Sun Feb 11 14:32:36 UTC 2024
#@# thickness rh Sun Feb 11 14:32:36 UTC 2024
#@# area and vertex vol rh Sun Feb 11 14:32:36 UTC 2024
#@# Cortical ribbon mask Sun Feb 11 14:32:36 UTC 2024
recon-all -s sub-LJ001 finished without error at Sun Feb 11 14:41:55 UTC 2024



#New# invocation of recon-all 



status file for recon-all
Sun Feb 11 14:49:51 UTC 2024
#@# white curv lh Sun Feb 11 14:49:51 UTC 2024
#@# white area lh Sun Feb 11 14:49:51 UTC 2024
#@# pial curv lh Sun Feb 11 14:49:51 UTC 2024
#@# pial area lh Sun Feb 11 14:49:51 UTC 2024
#@# thickness lh Sun Feb 11 14:49:51 UTC 2024
#@# area and vertex vol lh Sun Feb 11 14:49:51 UTC 2024
#@# white curv rh Sun Feb 11 14:49:51 UTC 2024
#@# white area rh Sun Feb 11 14:49:51 UTC 2024
#@# pial curv rh Sun Feb 11 14:49:52 UTC 2024
#@# pial area rh Sun Feb 11 14:49:52 UTC 2024
#@# thickness rh Sun Feb 11 14:49:52 UTC 2024
#@# area and vertex vol rh Sun Feb 11 14:49:52 UTC 2024
#@# Curvature Stats lh Sun Feb 11 14:49:52 UTC 2024
#@# Curvature Stats rh Sun Feb 11 14:49:54 UTC 2024
#@# Relabel Hypointensities Sun Feb 11 14:49:57 UTC 2024
#@# APas-to-ASeg Sun Feb 11 14:50:13 UTC 2024
#@# AParc-to-ASeg aparc Sun Feb 11 14:50:23 UTC 2024
#@# AParc-to-ASeg aparc.a2009s Sun Feb 11 14:52:39 UTC 2024
#@# AParc-to-ASeg aparc.DKTatlas Sun Feb 11 14:55:04 UTC 2024
#@# WMParc Sun Feb 11 14:57:25 UTC 2024
#@# ASeg Stats Sun Feb 11 15:01:40 UTC 2024
recon-all -s sub-LJ001 finished without error at Sun Feb 11 15:03:06 UTC 2024
