/tmp/sourcedata/freesurfer/sub-LJ002/mri
/opt/freesurfer/bin/talairach_avi
--i orig_nu.mgz --xfm transforms/talairach.auto.xfm
talairach_avi 7.3.2
Linux 4e494877fade 5.15.133.1-microsoft-standard-WSL2 #1 SMP Thu Oct 5 21:02:42 UTC 2023 x86_64 x86_64 x86_64 GNU/Linux
Sat Feb 10 17:05:53 UTC 2024
mri_convert orig_nu.mgz talsrcimg.img 
reading from orig_nu.mgz...
TR=0.00, TE=0.00, TI=0.00, flip angle=0.00
i_ras = (-1, 0, 0)
j_ras = (0, 0, -1)
k_ras = (0, 1, 0)
writing to talsrcimg.img...
Analyze Output Matrix
-1.00000   0.00000   0.00000   128.87775;
 0.00000   0.00000   1.00000  -125.29134;
 0.00000  -1.00000   0.00000   154.32715;
 0.00000   0.00000   0.00000   1.00000;
--------------------
INFO: set hdr.hist.orient to -1
mpr2mni305 talsrcimg
Sat Feb 10 17:05:54 UTC 2024
/opt/freesurfer/bin/mpr2mni305 talsrcimg
mpr2mni305 7.3.2
target=711-2C_as_mni_average_305

---------------------------------------------------------------------
analyzeto4dfp talsrcimg -O0 -y
---------------------------------------------------------------------

freesurfer ifh2hdr.c
Sat Feb 10 17:05:54 2024
Writing: talsrcimg.4dfp.hdr
freesurfer analyzeto4dfp.c
Reading: talsrcimg.hdr
header size 348 bytes
hdr.dime.datatype	offset=70	value=2
hdr.dime.bitpix		offset=72	value=8
hdr.hist.orient		offset=252	value=-1
dimensionality     4
dimensions       256       256       256         1
Reading: talsrcimg.img
Writing: talsrcimg.4dfp.img
Writing: talsrcimg.4dfp.ifh
ifh2hdr talsrcimg -r0to228
ori=2

---------------------------------------------------------------------
gauss_4dfp talsrcimg 1.1
---------------------------------------------------------------------

freesurfer gauss_4dfp.c
Reading: talsrcimg.4dfp.img
Writing: talsrcimg_g11.4dfp.img
image dimensions 256 256 256 padded to 288 288 288
processing volume 1freesurfer ifh2hdr.c
Sat Feb 10 17:05:58 2024
Writing: talsrcimg_g11.4dfp.hdr

Writing: talsrcimg_g11.4dfp.ifh
including: talsrcimg.4dfp.img.rec in talsrcimg_g11.4dfp.img.rec

---------------------------------------------------------------------
imgreg_4dfp /opt/freesurfer/average/711-2C_as_mni_average_305 none talsrcimg_g11 none talsrcimg_to_711-2C_as_mni_average_305_t4 4355
---------------------------------------------------------------------

freesurfer imgreg_4dfp.c
/opt/freesurfer/average/711-2C_as_mni_average_305.4dfp.img
       256       256       256         1
  1.000000  1.000000  1.000000
orientation T byte_order littleendian
Reading image: /opt/freesurfer/average/711-2C_as_mni_average_305.4dfp.img
dimensions:      256       256       256
mmppix:       1.0000   -1.0000   -1.0000
center:     128.0000 -129.0000 -129.0000
talsrcimg_g11.4dfp.img
       256       256       256         1
  1.000000  1.000000  1.000000
orientation T byte_order littleendian
Reading image: talsrcimg_g11.4dfp.img
dimensions:      256       256       256
mmppix:       1.0000   -1.0000   -1.0000
center:     128.0000 -129.0000 -129.0000
t4_read: open error in t4_sub.f l:  41 t4_file(1:l)talsrcimg_to_711-2C_as_mni_average_305_t4 
t4_read: transform initialized to I4
rotation matrix determinant  1.000000
image alignment mode   4355 decimal     1103 hex
   -7.5000  -45.0000  -45.0000 9520.8936   11.8466
    0.0000  -45.0000  -45.0000 9915.4473   11.8638
    7.5000  -45.0000  -45.0000 9428.4932   11.8604
   -7.5000  -37.5000  -45.0000 9734.0781   12.0402
    0.0000  -37.5000  -45.000010104.0303   12.0613
    7.5000  -37.5000  -45.0000 9595.9678   12.0601
   -7.5000  -30.0000  -45.000010075.6494   11.9903
    0.0000  -30.0000  -45.000010458.7871   12.0104
    7.5000  -30.0000  -45.0000 9912.2432   12.0089
   -7.5000  -22.5000  -45.000010360.4248   11.9475
    0.0000  -22.5000  -45.000010723.0635   11.9616
    7.5000  -22.5000  -45.000010120.2422   11.9552
   -7.5000  -15.0000  -45.000010511.5898   11.8977
    0.0000  -15.0000  -45.000010873.4023   11.9063
    7.5000  -15.0000  -45.000010281.5322   11.8959
   -7.5000   -7.5000  -45.000010599.2578   11.8485
    0.0000   -7.5000  -45.000010984.7295   11.8585
    7.5000   -7.5000  -45.000010406.7705   11.8497
   -7.5000    0.0000  -45.000010600.0312   11.8275
    0.0000    0.0000  -45.000010980.7188   11.8445
    7.5000    0.0000  -45.000010430.0098   11.8411
   -7.5000    7.5000  -45.0000 9863.2197   12.0273
    0.0000    7.5000  -45.000010234.4082   12.0482
    7.5000    7.5000  -45.0000 9730.9150   12.0470
   -7.5000   15.0000  -45.0000 9183.1680   12.3727
    0.0000   15.0000  -45.0000 9528.8740   12.3891
    7.5000   15.0000  -45.0000 9063.7812   12.3870
   -7.5000   22.5000  -45.0000 8576.2930   12.8035
    0.0000   22.5000  -45.0000 8879.4805   12.8186
    7.5000   22.5000  -45.0000 8437.8350   12.8110
   -7.5000   30.0000  -45.0000 8003.0723   13.1212
    0.0000   30.0000  -45.0000 8278.8740   13.1290
    7.5000   30.0000  -45.0000 7848.7251   13.1181
   -7.5000   37.5000  -45.0000 7752.5850   13.6776
    0.0000   37.5000  -45.0000 8034.2046   13.6890
    7.5000   37.5000  -45.0000 7581.0146   13.6746
   -7.5000   45.0000  -45.0000 7286.0015   13.9527
    0.0000   45.0000  -45.0000 7564.4165   13.9688
    7.5000   45.0000  -45.0000 7124.4102   13.9664
   -7.5000  -45.0000  -37.500010076.7246   11.6747
    0.0000  -45.0000  -37.500010497.5811   11.6922
    7.5000  -45.0000  -37.500010013.2568   11.6906
   -7.5000  -37.5000  -37.500010340.5410   11.8615
    0.0000  -37.5000  -37.500010731.1035   11.8831
    7.5000  -37.5000  -37.500010206.0449   11.8842
   -7.5000  -30.0000  -37.500010723.8281   11.8145
    0.0000  -30.0000  -37.500011111.6621   11.8367
    7.5000  -30.0000  -37.500010541.8213   11.8374
   -7.5000  -22.5000  -37.500011016.3271   11.7775
    0.0000  -22.5000  -37.500011370.2236   11.7953
    7.5000  -22.5000  -37.500010760.5293   11.7909
   -7.5000  -15.0000  -37.500011167.4873   11.7320
    0.0000  -15.0000  -37.500011515.6328   11.7445
    7.5000  -15.0000  -37.500010919.7793   11.7357
   -7.5000   -7.5000  -37.500011234.7080   11.6812
    0.0000   -7.5000  -37.500011610.8721   11.6936
    7.5000   -7.5000  -37.500011021.1230   11.6861
   -7.5000    0.0000  -37.500011237.8838   11.6556
    0.0000    0.0000  -37.500011617.0508   11.6729
    7.5000    0.0000  -37.500011048.4541   11.6713
   -7.5000    7.5000  -37.500010471.8125   11.8485
    0.0000    7.5000  -37.500010828.4424   11.8700
    7.5000    7.5000  -37.500010295.4092   11.8711
   -7.5000   15.0000  -37.5000 9779.3799   12.1868
    0.0000   15.0000  -37.500010109.9258   12.2059
    7.5000   15.0000  -37.5000 9604.6699   12.2068
   -7.5000   22.5000  -37.5000 9091.4590   12.6092
    0.0000   22.5000  -37.5000 9395.7773   12.6299
    7.5000   22.5000  -37.5000 8923.9795   12.6261
   -7.5000   30.0000  -37.5000 8434.0693   12.9233
    0.0000   30.0000  -37.5000 8714.7148   12.9370
    7.5000   30.0000  -37.5000 8288.1406   12.9300
   -7.5000   37.5000  -37.5000 8148.4585   13.4656
    0.0000   37.5000  -37.5000 8428.2383   13.4809
    7.5000   37.5000  -37.5000 7991.8540   13.4681
   -7.5000   45.0000  -37.5000 7633.5518   13.7277
    0.0000   45.0000  -37.5000 7903.3569   13.7473
    7.5000   45.0000  -37.5000 7475.8291   13.7458
   -7.5000  -45.0000  -30.000010816.4795   12.0969
    0.0000  -45.0000  -30.000011223.0439   12.1178
    7.5000  -45.0000  -30.000010742.7471   12.1169
   -7.5000  -37.5000  -30.000011124.5947   12.2900
    0.0000  -37.5000  -30.000011542.4326   12.3148
    7.5000  -37.5000  -30.000010974.5869   12.3166
   -7.5000  -30.0000  -30.000011552.6992   12.2397
    0.0000  -30.0000  -30.000011981.1094   12.2657
    7.5000  -30.0000  -30.000011355.9297   12.2671
   -7.5000  -22.5000  -30.000011866.4648   12.2006
    0.0000  -22.5000  -30.000012259.4893   12.2231
    7.5000  -22.5000  -30.000011608.3945   12.2195
   -7.5000  -15.0000  -30.000012026.1738   12.1546
    0.0000  -15.0000  -30.000012420.2090   12.1723
    7.5000  -15.0000  -30.000011782.4238   12.1643
   -7.5000   -7.5000  -30.000012080.6074   12.1033
    0.0000   -7.5000  -30.000012482.6055   12.1202
    7.5000   -7.5000  -30.000011871.7744   12.1133
   -7.5000    0.0000  -30.000012091.8867   12.0769
    0.0000    0.0000  -30.000012470.5303   12.0976
    7.5000    0.0000  -30.000011886.2578   12.0967
   -7.5000    7.5000  -30.000011251.5166   12.2766
    0.0000    7.5000  -30.000011602.7529   12.3012
    7.5000    7.5000  -30.000011061.2822   12.3030
   -7.5000   15.0000  -30.000010521.8262   12.6223
    0.0000   15.0000  -30.000010845.6992   12.6448
    7.5000   15.0000  -30.000010334.3984   12.6472
   -7.5000   22.5000  -30.0000 9774.9775   13.0548
    0.0000   22.5000  -30.000010092.0303   13.0809
    7.5000   22.5000  -30.0000 9643.0967   13.0793
   -7.5000   30.0000  -30.0000 9054.7910   13.3839
    0.0000   30.0000  -30.0000 9330.7705   13.4031
    7.5000   30.0000  -30.0000 8922.0518   13.3979
   -7.5000   37.5000  -30.0000 8735.0557   13.9436
    0.0000   37.5000  -30.0000 8987.8721   13.9637
    7.5000   37.5000  -30.0000 8578.8047   13.9514
   -7.5000   45.0000  -30.0000 8153.2778   14.2247
    0.0000   45.0000  -30.0000 8406.5596   14.2491
    7.5000   45.0000  -30.0000 7998.6938   14.2478
   -7.5000  -45.0000  -22.500011594.6484   12.4802
    0.0000  -45.0000  -22.500012023.5156   12.5033
    7.5000  -45.0000  -22.500011493.4492   12.5010
   -7.5000  -37.5000  -22.500011932.2305   12.6823
    0.0000  -37.5000  -22.500012370.0352   12.7090
    7.5000  -37.5000  -22.500011769.3643   12.7085
   -7.5000  -30.0000  -22.500012411.2490   12.6258
    0.0000  -30.0000  -22.500012875.3955   12.6528
    7.5000  -30.0000  -22.500012194.5664   12.6518
   -7.5000  -22.5000  -22.500012757.3115   12.5771
    0.0000  -22.5000  -22.500013195.0596   12.5996
    7.5000  -22.5000  -22.500012498.0488   12.5943
   -7.5000  -15.0000  -22.500012914.6592   12.5261
    0.0000  -15.0000  -22.500013368.2539   12.5439
    7.5000  -15.0000  -22.500012694.1318   12.5350
   -7.5000   -7.5000  -22.500012944.3936   12.4786
    0.0000   -7.5000  -22.500013385.2861   12.4967
    7.5000   -7.5000  -22.500012775.2539   12.4890
   -7.5000    0.0000  -22.500012930.5830   12.4597
    0.0000    0.0000  -22.500013355.1777   12.4825
    7.5000    0.0000  -22.500012770.8809   12.4802
   -7.5000    7.5000  -22.500012041.9521   12.6685
    0.0000    7.5000  -22.500012445.5293   12.6950
    7.5000    7.5000  -22.500011879.3730   12.6944
   -7.5000   15.0000  -22.500011248.2207   13.0167
    0.0000   15.0000  -22.500011593.5996   13.0394
    7.5000   15.0000  -22.500011106.2715   13.0395
   -7.5000   22.5000  -22.500010483.3848   13.4518
    0.0000   22.5000  -22.500010780.2188   13.4762
    7.5000   22.5000  -22.500010368.6602   13.4726
   -7.5000   30.0000  -22.5000 9690.9297   13.7895
    0.0000   30.0000  -22.5000 9945.7168   13.8066
    7.5000   30.0000  -22.5000 9575.0264   13.7994
   -7.5000   37.5000  -22.5000 9317.2744   14.3714
    0.0000   37.5000  -22.5000 9554.4561   14.3907
    7.5000   37.5000  -22.5000 9195.0234   14.3773
   -7.5000   45.0000  -22.5000 8672.2051   14.6815
    0.0000   45.0000  -22.5000 8913.4482   14.7058
    7.5000   45.0000  -22.5000 8544.3613   14.7035
   -7.5000  -45.0000  -15.000012370.4570   12.7558
    0.0000  -45.0000  -15.000012852.2500   12.7779
    7.5000  -45.0000  -15.000012303.9824   12.7716
   -7.5000  -37.5000  -15.000012721.6377   12.9651
    0.0000  -37.5000  -15.000013206.8398   12.9912
    7.5000  -37.5000  -15.000012602.4453   12.9860
   -7.5000  -30.0000  -15.000013274.3320   12.9070
    0.0000  -30.0000  -15.000013788.5020   12.9325
    7.5000  -30.0000  -15.000013069.4697   12.9273
   -7.5000  -22.5000  -15.000013640.1865   12.8517
    0.0000  -22.5000  -15.000014148.2686   12.8713
    7.5000  -22.5000  -15.000013384.6777   12.8624
   -7.5000  -15.0000  -15.000013812.8652   12.7948
    0.0000  -15.0000  -15.000014322.7930   12.8089
    7.5000  -15.0000  -15.000013581.1602   12.7971
   -7.5000   -7.5000  -15.000013864.9180   12.7479
    0.0000   -7.5000  -15.000014339.0723   12.7634
    7.5000   -7.5000  -15.000013666.6768   12.7527
   -7.5000    0.0000  -15.000013852.9736   12.7349
    0.0000    0.0000  -15.000014316.8750   12.7567
    7.5000    0.0000  -15.000013684.7217   12.7504
   -7.5000    7.5000  -15.000012878.1895   12.9509
    0.0000    7.5000  -15.000013321.1748   12.9769
    7.5000    7.5000  -15.000012748.8428   12.9716
   -7.5000   15.0000  -15.000011987.0547   13.3045
    0.0000   15.0000  -15.000012375.9111   13.3252
    7.5000   15.0000  -15.000011887.1113   13.3203
   -7.5000   22.5000  -15.000011158.9316   13.7422
    0.0000   22.5000  -15.000011486.8047   13.7620
    7.5000   22.5000  -15.000011095.0947   13.7531
   -7.5000   30.0000  -15.000010335.7686   14.0846
    0.0000   30.0000  -15.000010586.2275   14.0960
    7.5000   30.0000  -15.000010250.1367   14.0836
   -7.5000   37.5000  -15.0000 9922.0439   14.6815
    0.0000   37.5000  -15.000010151.1270   14.6963
    7.5000   37.5000  -15.0000 9849.3350   14.6795
   -7.5000   45.0000  -15.0000 9198.0771   15.0125
    0.0000   45.0000  -15.0000 9422.8564   15.0328
    7.5000   45.0000  -15.0000 9099.3730   15.0274
   -7.5000  -45.0000   -7.500013206.2002   12.8786
    0.0000  -45.0000   -7.500013713.8193   12.8991
    7.5000  -45.0000   -7.500013165.8936   12.8922
   -7.5000  -37.5000   -7.500013596.8721   13.0887
    0.0000  -37.5000   -7.500014112.4697   13.1135
    7.5000  -37.5000   -7.500013484.4561   13.1079
   -7.5000  -30.0000   -7.500014244.5508   13.0330
    0.0000  -30.0000   -7.500014797.3252   13.0565
    7.5000  -30.0000   -7.500014019.0068   13.0510
   -7.5000  -22.5000   -7.500014659.5449   12.9791
    0.0000  -22.5000   -7.500015244.8838   12.9957
    7.5000  -22.5000   -7.500014393.8701   12.9863
   -7.5000  -15.0000   -7.500014850.3467   12.9208
    0.0000  -15.0000   -7.500015454.4395   12.9316
    7.5000  -15.0000   -7.500014604.3643   12.9188
   -7.5000   -7.5000   -7.500014879.9453   12.8716
    0.0000   -7.5000   -7.500015444.1680   12.8844
    7.5000   -7.5000   -7.500014685.5371   12.8729
   -7.5000    0.0000   -7.500014834.2031   12.8575
    0.0000    0.0000   -7.500015405.9404   12.8778
    7.5000    0.0000   -7.500014710.9121   12.8709
   -7.5000    7.5000   -7.500013777.4785   13.0745
    0.0000    7.5000   -7.500014317.2227   13.0991
    7.5000    7.5000   -7.500013675.3623   13.0935
   -7.5000   15.0000   -7.500012798.6270   13.4347
    0.0000   15.0000   -7.500013279.3984   13.4536
    7.5000   15.0000   -7.500012715.7598   13.4476
   -7.5000   22.5000   -7.500011890.2432   13.8761
    0.0000   22.5000   -7.500012283.7881   13.8927
    7.5000   22.5000   -7.500011846.5938   13.8817
   -7.5000   30.0000   -7.500011008.7441   14.2220
    0.0000   30.0000   -7.500011300.3193   14.2303
    7.5000   30.0000   -7.500010951.7656   14.2158
   -7.5000   37.5000   -7.500010596.5918   14.8234
    0.0000   37.5000   -7.500010867.1436   14.8360
    7.5000   37.5000   -7.500010539.5996   14.8182
   -7.5000   45.0000   -7.5000 9799.0645   15.1600
    0.0000   45.0000   -7.500010059.6533   15.1781
    7.5000   45.0000   -7.5000 9742.7764   15.1724
   -7.5000  -45.0000    0.000013995.0762   12.8918
    0.0000  -45.0000    0.000014547.7197   12.9111
    7.5000  -45.0000    0.000013911.7129   12.9059
   -7.5000  -37.5000    0.000014429.5342   13.0974
    0.0000  -37.5000    0.000014992.4043   13.1211
    7.5000  -37.5000    0.000014287.3477   13.1183
   -7.5000  -30.0000    0.000015156.3848   13.0443
    0.0000  -30.0000    0.000015774.2949   13.0671
    7.5000  -30.0000    0.000014915.8203   13.0640
   -7.5000  -22.5000    0.000015686.1445   12.9976
    0.0000  -22.5000    0.000016365.5107   13.0141
    7.5000  -22.5000    0.000015381.8887   13.0059
   -7.5000  -15.0000    0.000015918.7803   12.9438
    0.0000  -15.0000    0.000016649.4590   12.9541
    7.5000  -15.0000    0.000015600.4434   12.9416
   -7.5000   -7.5000    0.000015876.8330   12.8917
    0.0000   -7.5000    0.000016617.8223   12.9034
    7.5000   -7.5000    0.000015630.8848   12.8924
   -7.5000    0.0000    0.000015767.2275   12.8707
    0.0000    0.0000    0.000016554.3477   12.8898
    7.5000    0.0000    0.000015612.2393   12.8846
   -7.5000    7.5000    0.000014635.7041   13.0832
    0.0000    7.5000    0.000015348.4053   13.1067
    7.5000    7.5000    0.000014488.2197   13.1039
   -7.5000   15.0000    0.000013595.9619   13.4481
    0.0000   15.0000    0.000014199.4600   13.4671
    7.5000   15.0000    0.000013457.8936   13.4633
   -7.5000   22.5000    0.000012632.2275   13.8966
    0.0000   22.5000    0.000013115.6709   13.9143
    7.5000   22.5000    0.000012510.2021   13.9045
   -7.5000   30.0000    0.000011709.7461   14.2476
    0.0000   30.0000    0.000012095.7871   14.2574
    7.5000   30.0000    0.000011609.0283   14.2440
   -7.5000   37.5000    0.000011290.0059   14.8485
    0.0000   37.5000    0.000011641.5205   14.8618
    7.5000   37.5000    0.000011217.1113   14.8443
   -7.5000   45.0000    0.000010451.0752   15.1791
    0.0000   45.0000    0.000010742.1709   15.1977
    7.5000   45.0000    0.000010371.7266   15.1928
   -7.5000  -45.0000    7.500013806.6426   12.8993
    0.0000  -45.0000    7.500014332.8223   12.9194
    7.5000  -45.0000    7.500013664.3799   12.9162
   -7.5000  -37.5000    7.500014201.3057   13.1023
    0.0000  -37.5000    7.500014776.6816   13.1268
    7.5000  -37.5000    7.500014033.9717   13.1267
   -7.5000  -30.0000    7.500014943.8838   13.0502
    0.0000  -30.0000    7.500015590.7266   13.0752
    7.5000  -30.0000    7.500014687.1562   13.0748
   -7.5000  -22.5000    7.500015551.0322   13.0095
    0.0000  -22.5000    7.500016297.8564   13.0298
    7.5000  -22.5000    7.500015223.4033   13.0237
   -7.5000  -15.0000    7.500015934.0693   12.9603
    0.0000  -15.0000    7.500016818.1250   12.9749
    7.5000  -15.0000    7.500015520.0107   12.9638
   -7.5000   -7.5000    7.500015902.6865   12.9057
    0.0000   -7.5000    7.500016868.0684   12.9203
    7.5000   -7.5000    7.500015545.1836   12.9105
   -7.5000    0.0000    7.500015749.0869   12.8782
    0.0000    0.0000    7.500016708.2559   12.8981
    7.5000    0.0000    7.500015440.1650   12.8948
   -7.5000    7.5000    7.500014630.6846   13.0881
    0.0000    7.5000    7.500015421.7627   13.1125
    7.5000    7.5000    7.500014301.3223   13.1123
   -7.5000   15.0000    7.500013608.1729   13.4559
    0.0000   15.0000    7.500014256.4150   13.4777
    7.5000   15.0000    7.500013301.3926   13.4773
   -7.5000   22.5000    7.500012610.5605   13.9110
    0.0000   22.5000    7.500013143.1855   13.9346
    7.5000   22.5000    7.500012356.4902   13.9290
   -7.5000   30.0000    7.500011657.4121   14.2665
    0.0000   30.0000    7.500012099.8408   14.2826
    7.5000   30.0000    7.500011442.9990   14.2732
   -7.5000   37.5000    7.500011242.4453   14.8655
    0.0000   37.5000    7.500011660.5957   14.8834
    7.5000   37.5000    7.500011068.6494   14.8674
   -7.5000   45.0000    7.500010388.5010   15.1884
    0.0000   45.0000    7.500010733.4531   15.2112
    7.5000   45.0000    7.500010210.0127   15.2074
   -7.5000  -45.0000   15.000013445.6816   12.9135
    0.0000  -45.0000   15.000014035.6602   12.9361
    7.5000  -45.0000   15.000013293.1191   12.9339
   -7.5000  -37.5000   15.000013792.2178   13.1183
    0.0000  -37.5000   15.000014450.8115   13.1448
    7.5000  -37.5000   15.000013615.1895   13.1454
   -7.5000  -30.0000   15.000014530.2480   13.0638
    0.0000  -30.0000   15.000015242.5469   13.0916
    7.5000  -30.0000   15.000014211.0615   13.0920
   -7.5000  -22.5000   15.000015299.8076   13.0215
    0.0000  -22.5000   15.000016110.7803   13.0456
    7.5000  -22.5000   15.000014800.8984   13.0407
   -7.5000  -15.0000   15.000015892.3945   12.9728
    0.0000  -15.0000   15.000016896.5723   12.9919
    7.5000  -15.0000   15.000015183.1074   12.9824
   -7.5000   -7.5000   15.000016036.0693   12.9194
    0.0000   -7.5000   15.000017089.0508   12.9378
    7.5000   -7.5000   15.000015246.7305   12.9293
   -7.5000    0.0000   15.000015765.4561   12.8924
    0.0000    0.0000   15.000016720.8574   12.9147
    7.5000    0.0000   15.000015053.5117   12.9124
   -7.5000    7.5000   15.000014449.1650   13.1040
    0.0000    7.5000   15.000015260.4160   13.1304
    7.5000    7.5000   15.000013888.9541   13.1310
   -7.5000   15.0000   15.000013333.2568   13.4696
    0.0000   15.0000   15.000014044.7119   13.4937
    7.5000   15.0000   15.000012917.5068   13.4950
   -7.5000   22.5000   15.000012312.9131   13.9241
    0.0000   22.5000   15.000012936.8369   13.9520
    7.5000   22.5000   15.000012010.1738   13.9491
   -7.5000   30.0000   15.000011346.9268   14.2802
    0.0000   30.0000   15.000011892.6094   14.3010
    7.5000   30.0000   15.000011123.0342   14.2943
   -7.5000   37.5000   15.000010911.7461   14.8802
    0.0000   37.5000   15.000011413.0371   14.9020
    7.5000   37.5000   15.000010726.6025   14.8873
   -7.5000   45.0000   15.000010053.7959   15.2043
    0.0000   45.0000   15.000010459.8213   15.2308
    7.5000   45.0000   15.0000 9866.5889   15.2276
   -7.5000  -45.0000   22.500012963.1904   12.9271
    0.0000  -45.0000   22.500013542.1377   12.9507
    7.5000  -45.0000   22.500012797.3193   12.9471
   -7.5000  -37.5000   22.500013343.4277   13.1360
    0.0000  -37.5000   22.500013946.3936   13.1634
    7.5000  -37.5000   22.500013060.0400   13.1618
   -7.5000  -30.0000   22.500014129.3213   13.0778
    0.0000  -30.0000   22.500014749.1113   13.1057
    7.5000  -30.0000   22.500013642.6143   13.1038
   -7.5000  -22.5000   22.500014848.9395   13.0277
    0.0000  -22.5000   22.500015616.3975   13.0509
    7.5000  -22.5000   22.500014229.6064   13.0446
   -7.5000  -15.0000   22.500015368.0664   12.9750
    0.0000  -15.0000   22.500016326.0381   12.9933
    7.5000  -15.0000   22.500014613.2656   12.9831
   -7.5000   -7.5000   22.500015465.3008   12.9256
    0.0000   -7.5000   22.500016437.9238   12.9442
    7.5000   -7.5000   22.500014665.8252   12.9351
   -7.5000    0.0000   22.500015252.5293   12.9059
    0.0000    0.0000   22.500016205.3662   12.9293
    7.5000    0.0000   22.500014533.8604   12.9256
   -7.5000    7.5000   22.500013967.3164   13.1217
    0.0000    7.5000   22.500014846.6162   13.1490
    7.5000    7.5000   22.500013437.9980   13.1473
   -7.5000   15.0000   22.500012818.3525   13.4818
    0.0000   15.0000   22.500013615.2334   13.5053
    7.5000   15.0000   22.500012455.6045   13.5044
   -7.5000   22.5000   22.500011806.3564   13.9295
    0.0000   22.5000   22.500012511.1182   13.9547
    7.5000   22.5000   22.500011558.6152   13.9500
   -7.5000   30.0000   22.500010891.2061   14.2822
    0.0000   30.0000   22.500011498.6504   14.2999
    7.5000   30.0000   22.500010715.2988   14.2912
   -7.5000   37.5000   22.500010465.7324   14.8870
    0.0000   37.5000   22.500011034.2666   14.9067
    7.5000   37.5000   22.500010313.0967   14.8912
   -7.5000   45.0000   22.5000 9625.5664   15.2207
    0.0000   45.0000   22.500010104.5762   15.2456
    7.5000   45.0000   22.5000 9500.3584   15.2414
   -7.5000  -45.0000   30.000012423.6670   12.9301
    0.0000  -45.0000   30.000012927.0879   12.9525
    7.5000  -45.0000   30.000012174.3594   12.9461
   -7.5000  -37.5000   30.000012748.5967   13.1425
    0.0000  -37.5000   30.000013281.0244   13.1689
    7.5000  -37.5000   30.000012432.1055   13.1636
   -7.5000  -30.0000   30.000013316.8916   13.0838
    0.0000  -30.0000   30.000013921.5234   13.1097
    7.5000  -30.0000   30.000012956.0879   13.1044
   -7.5000  -22.5000   30.000013778.1758   13.0277
    0.0000  -22.5000   30.000014565.1504   13.0475
    7.5000  -22.5000   30.000013449.3789   13.0386
   -7.5000  -15.0000   30.000014078.3799   12.9699
    0.0000  -15.0000   30.000015025.7441   12.9842
    7.5000  -15.0000   30.000013755.7793   12.9723
   -7.5000   -7.5000   30.000014159.5791   12.9222
    0.0000   -7.5000   30.000015089.7725   12.9379
    7.5000   -7.5000   30.000013834.0234   12.9271
   -7.5000    0.0000   30.000014021.8818   12.9090
    0.0000    0.0000   30.000014979.1670   12.9311
    7.5000    0.0000   30.000013770.0049   12.9247
   -7.5000    7.5000   30.000012994.7754   13.1282
    0.0000    7.5000   30.000013892.9453   13.1545
    7.5000    7.5000   30.000012797.9365   13.1492
   -7.5000   15.0000   30.000012040.0449   13.4868
    0.0000   15.0000   30.000012856.3848   13.5077
    7.5000   15.0000   30.000011876.0947   13.5028
   -7.5000   22.5000   30.000011087.6475   13.9289
    0.0000   22.5000   30.000011806.9873   13.9489
    7.5000   22.5000   30.000010971.9922   13.9400
   -7.5000   30.0000   30.000010183.1064   14.2773
    0.0000   30.0000   30.000010806.3359   14.2888
    7.5000   30.0000   30.000010097.7793   14.2763
   -7.5000   37.5000   30.0000 9766.8008   14.8840
    0.0000   37.5000   30.000010349.1504   14.8990
    7.5000   37.5000   30.0000 9671.4941   14.8819
   -7.5000   45.0000   30.0000 8959.0908   15.2252
    0.0000   45.0000   30.0000 9458.6572   15.2457
    7.5000   45.0000   30.0000 8875.2441   15.2402
   -7.5000  -45.0000   37.500012115.7998   12.9232
    0.0000  -45.0000   37.500012534.5850   12.9438
    7.5000  -45.0000   37.500011901.6328   12.9368
   -7.5000  -37.5000   37.500012278.8438   13.1345
    0.0000  -37.5000   37.500012745.8506   13.1593
    7.5000  -37.5000   37.500012079.8184   13.1536
   -7.5000  -30.0000   37.500012726.2520   13.0786
    0.0000  -30.0000   37.500013268.2051   13.1021
    7.5000  -30.0000   37.500012535.8027   13.0964
   -7.5000  -22.5000   37.500013088.4209   13.0242
    0.0000  -22.5000   37.500013756.1650   13.0409
    7.5000  -22.5000   37.500012934.8809   13.0313
   -7.5000  -15.0000   37.500013332.5146   12.9655
    0.0000  -15.0000   37.500014050.3779   12.9764
    7.5000  -15.0000   37.500013145.0732   12.9634
   -7.5000   -7.5000   37.500013416.7676   12.9162
    0.0000   -7.5000   37.500014105.5537   12.9290
    7.5000   -7.5000   37.500013199.8008   12.9173
   -7.5000    0.0000   37.500013346.2266   12.9022
    0.0000    0.0000   37.500014062.7451   12.9225
    7.5000    0.0000   37.500013163.5156   12.9154
   -7.5000    7.5000   37.500012379.5273   13.1203
    0.0000    7.5000   37.500013063.0039   13.1449
    7.5000    7.5000   37.500012232.2842   13.1392
   -7.5000   15.0000   37.500011480.9219   13.4822
    0.0000   15.0000   37.500012114.9258   13.5012
    7.5000   15.0000   37.500011358.1553   13.4950
   -7.5000   22.5000   37.500010587.7051   13.9258
    0.0000   22.5000   37.500011169.1748   13.9424
    7.5000   22.5000   37.500010509.2500   13.9312
   -7.5000   30.0000   37.5000 9723.4053   14.2739
    0.0000   30.0000   37.500010262.7236   14.2823
    7.5000   30.0000   37.5000 9687.5244   14.2675
   -7.5000   37.5000   37.5000 9319.2812   14.8795
    0.0000   37.5000   37.5000 9851.5166   14.8921
    7.5000   37.5000   37.5000 9296.4307   14.8741
   -7.5000   45.0000   37.5000 8543.7529   15.2200
    0.0000   45.0000   37.5000 9012.7969   15.2381
    7.5000   45.0000   37.5000 8537.6299   15.2322
   -7.5000  -45.0000   45.000011194.5908   13.0528
    0.0000  -45.0000   45.000011516.0332   13.0726
    7.5000  -45.0000   45.000011075.8506   13.0670
   -7.5000  -37.5000   45.000011335.7705   13.2651
    0.0000  -37.5000   45.000011703.1660   13.2894
    7.5000  -37.5000   45.000011217.1025   13.2864
   -7.5000  -30.0000   45.000011752.3271   13.2105
    0.0000  -30.0000   45.000012182.0400   13.2337
    7.5000  -30.0000   45.000011611.4541   13.2302
   -7.5000  -22.5000   45.000012083.8066   13.1622
    0.0000  -22.5000   45.000012605.7559   13.1787
    7.5000  -22.5000   45.000011947.3848   13.1699
   -7.5000  -15.0000   45.000012289.0537   13.1065
    0.0000  -15.0000   45.000012808.3916   13.1168
    7.5000  -15.0000   45.000012110.0098   13.1036
   -7.5000   -7.5000   45.000012343.0938   13.0528
    0.0000   -7.5000   45.000012829.8086   13.0646
    7.5000   -7.5000   45.000012136.8164   13.0531
   -7.5000    0.0000   45.000012266.5811   13.0312
    0.0000    0.0000   45.000012772.9053   13.0508
    7.5000    0.0000   45.000012081.9678   13.0453
   -7.5000    7.5000   45.000011369.0293   13.2507
    0.0000    7.5000   45.000011869.3213   13.2748
    7.5000    7.5000   45.000011209.8652   13.2717
   -7.5000   15.0000   45.000010536.5391   13.6274
    0.0000   15.0000   45.000011000.5654   13.6466
    7.5000   15.0000   45.000010408.5918   13.6424
   -7.5000   22.5000   45.0000 9701.6885   14.0906
    0.0000   22.5000   45.000010141.2383   14.1084
    7.5000   22.5000   45.0000 9612.6982   14.0979
   -7.5000   30.0000   45.0000 8927.6846   14.4560
    0.0000   30.0000   45.0000 9359.8828   14.4656
    7.5000   30.0000   45.0000 8881.8555   14.4514
   -7.5000   37.5000   45.0000 8559.8975   15.0785
    0.0000   37.5000   45.0000 9008.8027   15.0919
    7.5000   37.5000   45.0000 8541.2939   15.0736
   -7.5000   45.0000   45.0000 7852.0371   15.4376
    0.0000   45.0000   45.0000 8249.0527   15.4568
    7.5000   45.0000   45.0000 7851.9189   15.4515

---------------------------------------------------------------------
imgreg_4dfp /opt/freesurfer/average/711-2C_as_mni_average_305 /opt/freesurfer/average/711-2B_as_mni_average_305_mask talsrcimg_g11 none talsrcimg_to_711-2C_as_mni_average_305_t4 4355
---------------------------------------------------------------------

freesurfer imgreg_4dfp.c
/opt/freesurfer/average/711-2C_as_mni_average_305.4dfp.img
       256       256       256         1
  1.000000  1.000000  1.000000
orientation T byte_order littleendian
Reading image: /opt/freesurfer/average/711-2C_as_mni_average_305.4dfp.img
dimensions:      256       256       256
mmppix:       1.0000   -1.0000   -1.0000
center:     128.0000 -129.0000 -129.0000
/opt/freesurfer/average/711-2B_as_mni_average_305_mask.4dfp.img
       256       256       256         1
  1.000000  1.000000  1.000000
orientation T byte_order littleendian
Reading mask: /opt/freesurfer/average/711-2B_as_mni_average_305_mask.4dfp.img (2306576 pixels)
talsrcimg_g11.4dfp.img
       256       256       256         1
  1.000000  1.000000  1.000000
orientation T byte_order littleendian
Reading image: talsrcimg_g11.4dfp.img
dimensions:      256       256       256
mmppix:       1.0000   -1.0000   -1.0000
center:     128.0000 -129.0000 -129.0000
rotation matrix determinant  1.000000
image alignment mode   4355 decimal     1103 hex
   -7.5000  -52.5000  -30.0000 2441.3242   15.6054
    0.0000  -52.5000  -30.0000 2442.0195   15.6827
    7.5000  -52.5000  -30.0000 2418.3997   15.9621
   -7.5000  -45.0000  -30.0000 2464.4221   15.5047
    0.0000  -45.0000  -30.0000 2465.2395   15.5289
    7.5000  -45.0000  -30.0000 2444.8196   15.7968
   -7.5000  -37.5000  -30.0000 2492.8936   15.3945
    0.0000  -37.5000  -30.0000 2491.0884   15.4116
    7.5000  -37.5000  -30.0000 2468.1248   15.6901
   -7.5000  -30.0000  -30.0000 2513.6418   15.3012
    0.0000  -30.0000  -30.0000 2509.0842   15.3081
    7.5000  -30.0000  -30.0000 2480.9585   15.6023
   -7.5000  -22.5000  -30.0000 2528.9309   15.2871
    0.0000  -22.5000  -30.0000 2524.5850   15.2804
    7.5000  -22.5000  -30.0000 2496.8325   15.5725
   -7.5000  -15.0000  -30.0000 2537.6208   15.2911
    0.0000  -15.0000  -30.0000 2530.5039   15.2743
    7.5000  -15.0000  -30.0000 2509.8462   15.6012
   -7.5000   -7.5000  -30.0000 2539.6968   15.3132
    0.0000   -7.5000  -30.0000 2535.2273   15.2819
    7.5000   -7.5000  -30.0000 2515.5403   15.6097
   -7.5000    0.0000  -30.0000 2527.2273   15.6365
    0.0000    0.0000  -30.0000 2523.4995   15.5648
    7.5000    0.0000  -30.0000 2504.7842   15.8961
   -7.5000    7.5000  -30.0000 2500.0325   16.2942
    0.0000    7.5000  -30.0000 2495.7898   16.2243
    7.5000    7.5000  -30.0000 2471.5942   16.5386
   -7.5000   15.0000  -30.0000 2457.5520   17.2652
    0.0000   15.0000  -30.0000 2454.2051   17.2127
    7.5000   15.0000  -30.0000 2425.1250   17.5381
   -7.5000   22.5000  -30.0000 2388.7014   18.4950
    0.0000   22.5000  -30.0000 2390.0920   18.4334
    7.5000   22.5000  -30.0000 2363.2329   18.7335
   -7.5000   30.0000  -30.0000 2295.2307   20.0352
    0.0000   30.0000  -30.0000 2297.5691   19.9957
    7.5000   30.0000  -30.0000 2267.1816   20.2745
   -7.5000   37.5000  -30.0000 2182.5103   22.0940
    0.0000   37.5000  -30.0000 2188.1289   22.0649
    7.5000   37.5000  -30.0000 2155.7144   22.3316
   -7.5000  -52.5000  -22.5000 2557.6301   14.7091
    0.0000  -52.5000  -22.5000 2550.4956   14.7424
    7.5000  -52.5000  -22.5000 2521.7915   15.0766
   -7.5000  -45.0000  -22.5000 2584.1924   14.5819
    0.0000  -45.0000  -22.5000 2576.7603   14.5797
    7.5000  -45.0000  -22.5000 2551.7925   14.9220
   -7.5000  -37.5000  -22.5000 2612.0532   14.5416
    0.0000  -37.5000  -22.5000 2607.1003   14.5277
    7.5000  -37.5000  -22.5000 2583.1826   14.8431
   -7.5000  -30.0000  -22.5000 2631.6853   14.4959
    0.0000  -30.0000  -22.5000 2628.1497   14.4697
    7.5000  -30.0000  -22.5000 2606.3611   14.7490
   -7.5000  -22.5000  -22.5000 2653.8423   14.4799
    0.0000  -22.5000  -22.5000 2650.6946   14.4368
    7.5000  -22.5000  -22.5000 2631.0818   14.7175
   -7.5000  -15.0000  -22.5000 2665.9819   14.4573
    0.0000  -15.0000  -22.5000 2665.4358   14.4206
    7.5000  -15.0000  -22.5000 2643.8135   14.7346
   -7.5000   -7.5000  -22.5000 2666.3496   14.5080
    0.0000   -7.5000  -22.5000 2666.3091   14.4837
    7.5000   -7.5000  -22.5000 2643.3171   14.8071
   -7.5000    0.0000  -22.5000 2653.7468   14.8317
    0.0000    0.0000  -22.5000 2653.9646   14.7783
    7.5000    0.0000  -22.5000 2633.6931   15.1233
   -7.5000    7.5000  -22.5000 2627.1714   15.4361
    0.0000    7.5000  -22.5000 2625.0601   15.3734
    7.5000    7.5000  -22.5000 2601.3142   15.7241
   -7.5000   15.0000  -22.5000 2578.6743   16.3226
    0.0000   15.0000  -22.5000 2575.9285   16.2558
    7.5000   15.0000  -22.5000 2552.8777   16.6100
   -7.5000   22.5000  -22.5000 2511.5649   17.4608
    0.0000   22.5000  -22.5000 2509.9021   17.3687
    7.5000   22.5000  -22.5000 2485.3286   17.7540
   -7.5000   30.0000  -22.5000 2414.0740   18.9504
    0.0000   30.0000  -22.5000 2415.3628   18.8933
    7.5000   30.0000  -22.5000 2387.7451   19.2502
   -7.5000   37.5000  -22.5000 2295.6394   20.9132
    0.0000   37.5000  -22.5000 2301.3145   20.8352
    7.5000   37.5000  -22.5000 2272.3616   21.2293
   -7.5000  -52.5000  -15.0000 2640.7063   13.9185
    0.0000  -52.5000  -15.0000 2641.0500   13.9328
    7.5000  -52.5000  -15.0000 2609.9614   14.2466
   -7.5000  -45.0000  -15.0000 2663.0269   13.7594
    0.0000  -45.0000  -15.0000 2660.6147   13.8030
    7.5000  -45.0000  -15.0000 2635.9626   14.0880
   -7.5000  -37.5000  -15.0000 2686.9875   13.6891
    0.0000  -37.5000  -15.0000 2687.5408   13.7161
    7.5000  -37.5000  -15.0000 2665.0276   13.9731
   -7.5000  -30.0000  -15.0000 2713.7686   13.6707
    0.0000  -30.0000  -15.0000 2719.1401   13.6871
    7.5000  -30.0000  -15.0000 2695.2202   13.9343
   -7.5000  -22.5000  -15.0000 2731.4204   13.6592
    0.0000  -22.5000  -15.0000 2736.2561   13.6637
    7.5000  -22.5000  -15.0000 2714.0593   13.9073
   -7.5000  -15.0000  -15.0000 2744.5151   13.6057
    0.0000  -15.0000  -15.0000 2754.7034   13.6061
    7.5000  -15.0000  -15.0000 2733.3699   13.8824
   -7.5000   -7.5000  -15.0000 2753.1672   13.6678
    0.0000   -7.5000  -15.0000 2760.0630   13.6552
    7.5000   -7.5000  -15.0000 2738.3999   13.9967
   -7.5000    0.0000  -15.0000 2744.5344   14.0038
    0.0000    0.0000  -15.0000 2750.3813   13.9648
    7.5000    0.0000  -15.0000 2732.4209   14.3318
   -7.5000    7.5000  -15.0000 2718.1294   14.5838
    0.0000    7.5000  -15.0000 2727.4746   14.5241
    7.5000    7.5000  -15.0000 2705.9119   14.8956
   -7.5000   15.0000  -15.0000 2663.4214   15.4155
    0.0000   15.0000  -15.0000 2673.8396   15.3251
    7.5000   15.0000  -15.0000 2655.3130   15.6692
   -7.5000   22.5000  -15.0000 2588.7134   16.4740
    0.0000   22.5000  -15.0000 2596.6934   16.3667
    7.5000   22.5000  -15.0000 2579.8901   16.7383
   -7.5000   30.0000  -15.0000 2492.6013   17.8815
    0.0000   30.0000  -15.0000 2496.1262   17.7795
    7.5000   30.0000  -15.0000 2477.8689   18.1745
   -7.5000   37.5000  -15.0000 2370.5007   19.7715
    0.0000   37.5000  -15.0000 2378.4348   19.6483
    7.5000   37.5000  -15.0000 2362.3794   20.0808
   -7.5000  -52.5000   -7.5000 2695.5593   13.1915
    0.0000  -52.5000   -7.5000 2700.9172   13.2219
    7.5000  -52.5000   -7.5000 2674.7700   13.4793
   -7.5000  -45.0000   -7.5000 2716.2998   13.0182
    0.0000  -45.0000   -7.5000 2715.3684   13.0807
    7.5000  -45.0000   -7.5000 2699.9685   13.3355
   -7.5000  -37.5000   -7.5000 2746.1050   12.9233
    0.0000  -37.5000   -7.5000 2744.3523   12.9911
    7.5000  -37.5000   -7.5000 2727.0696   13.2312
   -7.5000  -30.0000   -7.5000 2775.3230   12.8716
    0.0000  -30.0000   -7.5000 2781.5764   12.9375
    7.5000  -30.0000   -7.5000 2756.3877   13.1988
   -7.5000  -22.5000   -7.5000 2791.1504   12.8831
    0.0000  -22.5000   -7.5000 2802.4282   12.9216
    7.5000  -22.5000   -7.5000 2781.6006   13.2028
   -7.5000  -15.0000   -7.5000 2801.9187   12.8496
    0.0000  -15.0000   -7.5000 2817.0730   12.8500
    7.5000  -15.0000   -7.5000 2797.4331   13.1755
   -7.5000   -7.5000   -7.5000 2819.2249   12.9010
    0.0000   -7.5000   -7.5000 2830.9780   12.8701
    7.5000   -7.5000   -7.5000 2810.3035   13.2553
   -7.5000    0.0000   -7.5000 2817.6372   13.2150
    0.0000    0.0000   -7.5000 2831.0527   13.1800
    7.5000    0.0000   -7.5000 2811.8809   13.5965
   -7.5000    7.5000   -7.5000 2786.6919   13.7781
    0.0000    7.5000   -7.5000 2805.5234   13.7264
    7.5000    7.5000   -7.5000 2783.1917   14.1053
   -7.5000   15.0000   -7.5000 2731.7185   14.5726
    0.0000   15.0000   -7.5000 2746.6248   14.4922
    7.5000   15.0000   -7.5000 2727.5906   14.8559
   -7.5000   22.5000   -7.5000 2653.4927   15.5888
    0.0000   22.5000   -7.5000 2665.6724   15.5163
    7.5000   22.5000   -7.5000 2648.2278   15.8865
   -7.5000   30.0000   -7.5000 2548.7478   16.9314
    0.0000   30.0000   -7.5000 2556.1023   16.8672
    7.5000   30.0000   -7.5000 2537.8745   17.2601
   -7.5000   37.5000   -7.5000 2421.7334   18.7665
    0.0000   37.5000   -7.5000 2435.8032   18.6662
    7.5000   37.5000   -7.5000 2416.0146   19.0788
   -7.5000  -52.5000    0.0000 2725.8960   12.6295
    0.0000  -52.5000    0.0000 2730.5923   12.6753
    7.5000  -52.5000    0.0000 2713.5391   12.9573
   -7.5000  -45.0000    0.0000 2749.7671   12.4454
    0.0000  -45.0000    0.0000 2750.5486   12.5160
    7.5000  -45.0000    0.0000 2738.1460   12.7816
   -7.5000  -37.5000    0.0000 2777.5947   12.3360
    0.0000  -37.5000    0.0000 2780.2402   12.4233
    7.5000  -37.5000    0.0000 2765.4636   12.6735
   -7.5000  -30.0000    0.0000 2810.8284   12.3061
    0.0000  -30.0000    0.0000 2820.8621   12.3987
    7.5000  -30.0000    0.0000 2802.3884   12.6225
   -7.5000  -22.5000    0.0000 2841.8228   12.3390
    0.0000  -22.5000    0.0000 2851.0503   12.4287
    7.5000  -22.5000    0.0000 2831.7288   12.6406
   -7.5000  -15.0000    0.0000 2857.5178   12.3538
    0.0000  -15.0000    0.0000 2870.5496   12.4285
    7.5000  -15.0000    0.0000 2850.6260   12.6565
   -7.5000   -7.5000    0.0000 2865.6440   12.3558
    0.0000   -7.5000    0.0000 2883.2073   12.4011
    7.5000   -7.5000    0.0000 2859.7678   12.7331
   -7.5000    0.0000    0.0000 2867.5879   12.6269
    0.0000    0.0000    0.0000 2892.3987   12.6966
    7.5000    0.0000    0.0000 2863.9087   13.0681
   -7.5000    7.5000    0.0000 2842.4280   13.2066
    0.0000    7.5000    0.0000 2867.7898   13.2444
    7.5000    7.5000    0.0000 2837.1125   13.5631
   -7.5000   15.0000    0.0000 2786.1807   13.9745
    0.0000   15.0000    0.0000 2807.6201   13.9779
    7.5000   15.0000    0.0000 2781.2085   14.2704
   -7.5000   22.5000    0.0000 2701.6724   14.9690
    0.0000   22.5000    0.0000 2715.3801   14.9694
    7.5000   22.5000    0.0000 2695.4438   15.2792
   -7.5000   30.0000    0.0000 2591.0408   16.3177
    0.0000   30.0000    0.0000 2604.2817   16.3035
    7.5000   30.0000    0.0000 2584.5730   16.6571
   -7.5000   37.5000    0.0000 2467.4575   18.1009
    0.0000   37.5000    0.0000 2482.0142   18.0523
    7.5000   37.5000    0.0000 2463.1099   18.4778
   -7.5000  -52.5000    7.5000 2750.6160   12.3109
    0.0000  -52.5000    7.5000 2758.8467   12.3557
    7.5000  -52.5000    7.5000 2746.3057   12.6379
   -7.5000  -45.0000    7.5000 2773.9883   12.1324
    0.0000  -45.0000    7.5000 2774.3486   12.1974
    7.5000  -45.0000    7.5000 2768.7637   12.4455
   -7.5000  -37.5000    7.5000 2800.5691   12.0188
    0.0000  -37.5000    7.5000 2804.9141   12.0805
    7.5000  -37.5000    7.5000 2800.1516   12.3246
   -7.5000  -30.0000    7.5000 2832.7576   11.9872
    0.0000  -30.0000    7.5000 2849.0771   12.0944
    7.5000  -30.0000    7.5000 2839.5562   12.3035
   -7.5000  -22.5000    7.5000 2864.9629   12.0424
    0.0000  -22.5000    7.5000 2884.9050   12.1759
    7.5000  -22.5000    7.5000 2872.2439   12.3431
   -7.5000  -15.0000    7.5000 2894.7175   12.1955
    0.0000  -15.0000    7.5000 2915.7639   12.3346
    7.5000  -15.0000    7.5000 2899.7461   12.4602
   -7.5000   -7.5000    7.5000 2914.9570   12.2408
    0.0000   -7.5000    7.5000 2938.8916   12.4050
    7.5000   -7.5000    7.5000 2911.3687   12.5584
   -7.5000    0.0000    7.5000 2919.2385   12.4197
    0.0000    0.0000    7.5000 2943.4402   12.5681
    7.5000    0.0000    7.5000 2904.6604   12.7996
   -7.5000    7.5000    7.5000 2891.0537   12.9230
    0.0000    7.5000    7.5000 2913.1912   12.9866
    7.5000    7.5000    7.5000 2877.7021   13.2542
   -7.5000   15.0000    7.5000 2838.5906   13.6867
    0.0000   15.0000    7.5000 2856.5630   13.7099
    7.5000   15.0000    7.5000 2830.4705   13.9730
   -7.5000   22.5000    7.5000 2750.6826   14.7604
    0.0000   22.5000    7.5000 2764.2905   14.7051
    7.5000   22.5000    7.5000 2741.5767   15.0010
   -7.5000   30.0000    7.5000 2631.3115   16.1405
    0.0000   30.0000    7.5000 2647.1780   16.0555
    7.5000   30.0000    7.5000 2625.6152   16.3870
   -7.5000   37.5000    7.5000 2503.0928   17.9039
    0.0000   37.5000    7.5000 2520.2542   17.7745
    7.5000   37.5000    7.5000 2498.0278   18.1601
   -7.5000  -52.5000   15.0000 2755.0430   12.0583
    0.0000  -52.5000   15.0000 2765.7935   12.1439
    7.5000  -52.5000   15.0000 2757.9070   12.3827
   -7.5000  -45.0000   15.0000 2770.8770   11.9173
    0.0000  -45.0000   15.0000 2784.0774   12.0348
    7.5000  -45.0000   15.0000 2778.5745   12.2459
   -7.5000  -37.5000   15.0000 2794.7520   11.8292
    0.0000  -37.5000   15.0000 2815.0337   11.9792
    7.5000  -37.5000   15.0000 2813.9304   12.1710
   -7.5000  -30.0000   15.0000 2830.1396   11.8930
    0.0000  -30.0000   15.0000 2858.1931   12.0746
    7.5000  -30.0000   15.0000 2851.8633   12.1793
   -7.5000  -22.5000   15.0000 2884.6384   12.1046
    0.0000  -22.5000   15.0000 2913.2368   12.3047
    7.5000  -22.5000   15.0000 2897.4114   12.2954
   -7.5000  -15.0000   15.0000 2940.5508   12.4097
    0.0000  -15.0000   15.0000 2970.6794   12.6044
    7.5000  -15.0000   15.0000 2936.9946   12.4752
   -7.5000   -7.5000   15.0000 2974.9299   12.5133
    0.0000   -7.5000   15.0000 3001.6597   12.7071
    7.5000   -7.5000   15.0000 2949.5339   12.5378
   -7.5000    0.0000   15.0000 2952.8882   12.5191
    0.0000    0.0000   15.0000 2978.4851   12.6931
    7.5000    0.0000   15.0000 2930.1909   12.6720
   -7.5000    7.5000   15.0000 2903.1218   12.8933
    0.0000    7.5000   15.0000 2934.0615   12.9746
    7.5000    7.5000   15.0000 2893.1140   13.1012
   -7.5000   15.0000   15.0000 2834.7593   13.6458
    0.0000   15.0000   15.0000 2865.5369   13.6806
    7.5000   15.0000   15.0000 2834.7329   13.8688
   -7.5000   22.5000   15.0000 2751.3865   14.7431
    0.0000   22.5000   15.0000 2771.9978   14.7121
    7.5000   22.5000   15.0000 2749.0291   14.9200
   -7.5000   30.0000   15.0000 2636.1287   16.1433
    0.0000   30.0000   15.0000 2654.7114   16.0668
    7.5000   30.0000   15.0000 2632.2170   16.2675
   -7.5000   37.5000   15.0000 2509.0830   17.9092
    0.0000   37.5000   15.0000 2526.6372   17.7893
    7.5000   37.5000   15.0000 2507.0500   18.0350
   -7.5000  -52.5000   22.5000 2753.9409   11.9196
    0.0000  -52.5000   22.5000 2765.1152   12.0262
    7.5000  -52.5000   22.5000 2773.3735   12.2757
   -7.5000  -45.0000   22.5000 2769.7449   11.8978
    0.0000  -45.0000   22.5000 2779.6567   12.0166
    7.5000  -45.0000   22.5000 2786.4041   12.1932
   -7.5000  -37.5000   22.5000 2801.7495   11.9761
    0.0000  -37.5000   22.5000 2812.2087   12.1168
    7.5000  -37.5000   22.5000 2814.1646   12.2085
   -7.5000  -30.0000   22.5000 2854.2566   12.1843
    0.0000  -30.0000   22.5000 2867.5674   12.3234
    7.5000  -30.0000   22.5000 2848.2979   12.3057
   -7.5000  -22.5000   22.5000 2911.1702   12.4376
    0.0000  -22.5000   22.5000 2925.2322   12.5836
    7.5000  -22.5000   22.5000 2896.3184   12.4771
   -7.5000  -15.0000   22.5000 2955.7693   12.6755
    0.0000  -15.0000   22.5000 2980.7898   12.9031
    7.5000  -15.0000   22.5000 2934.1235   12.6586
   -7.5000   -7.5000   22.5000 2979.6899   12.7325
    0.0000   -7.5000   22.5000 3013.0527   12.9742
    7.5000   -7.5000   22.5000 2948.0933   12.7322
   -7.5000    0.0000   22.5000 2961.5664   12.8576
    0.0000    0.0000   22.5000 2994.1243   12.9663
    7.5000    0.0000   22.5000 2932.2273   12.8752
   -7.5000    7.5000   22.5000 2903.7612   13.2768
    0.0000    7.5000   22.5000 2934.9265   13.3090
    7.5000    7.5000   22.5000 2889.0693   13.3513
   -7.5000   15.0000   22.5000 2820.0664   13.9618
    0.0000   15.0000   22.5000 2844.8374   13.9816
    7.5000   15.0000   22.5000 2817.9397   14.1033
   -7.5000   22.5000   22.5000 2726.0232   14.9401
    0.0000   22.5000   22.5000 2743.1292   14.9442
    7.5000   22.5000   22.5000 2729.0610   15.1273
   -7.5000   30.0000   22.5000 2617.1814   16.3290
    0.0000   30.0000   22.5000 2631.4646   16.2744
    7.5000   30.0000   22.5000 2622.3066   16.4761
   -7.5000   37.5000   22.5000 2494.7427   18.0914
    0.0000   37.5000   22.5000 2511.6775   17.9722
    7.5000   37.5000   22.5000 2499.5273   18.2677
   -7.5000  -52.5000   30.0000 2759.8735   12.2312
    0.0000  -52.5000   30.0000 2758.7905   12.2747
    7.5000  -52.5000   30.0000 2764.7549   12.4535
   -7.5000  -45.0000   30.0000 2781.2927   12.2873
    0.0000  -45.0000   30.0000 2783.9514   12.3738
    7.5000  -45.0000   30.0000 2782.4810   12.4597
   -7.5000  -37.5000   30.0000 2810.5562   12.3873
    0.0000  -37.5000   30.0000 2815.8613   12.4915
    7.5000  -37.5000   30.0000 2810.1562   12.5286
   -7.5000  -30.0000   30.0000 2850.0112   12.5073
    0.0000  -30.0000   30.0000 2857.0737   12.6188
    7.5000  -30.0000   30.0000 2842.4158   12.6270
   -7.5000  -22.5000   30.0000 2887.5811   12.6769
    0.0000  -22.5000   30.0000 2898.3635   12.8401
    7.5000  -22.5000   30.0000 2880.7766   12.8133
   -7.5000  -15.0000   30.0000 2920.4585   12.8809
    0.0000  -15.0000   30.0000 2941.7593   13.1159
    7.5000  -15.0000   30.0000 2913.1785   13.0265
   -7.5000   -7.5000   30.0000 2938.5325   13.0113
    0.0000   -7.5000   30.0000 2968.7983   13.1879
    7.5000   -7.5000   30.0000 2925.7012   13.1706
   -7.5000    0.0000   30.0000 2920.6035   13.2851
    0.0000    0.0000   30.0000 2954.8521   13.3527
    7.5000    0.0000   30.0000 2913.9702   13.4424
   -7.5000    7.5000   30.0000 2874.4072   13.8311
    0.0000    7.5000   30.0000 2905.4412   13.8857
    7.5000    7.5000   30.0000 2872.9824   14.0050
   -7.5000   15.0000   30.0000 2790.4849   14.6284
    0.0000   15.0000   30.0000 2817.7192   14.6394
    7.5000   15.0000   30.0000 2795.4763   14.7967
   -7.5000   22.5000   30.0000 2688.5469   15.6423
    0.0000   22.5000   30.0000 2705.7434   15.6239
    7.5000   22.5000   30.0000 2689.3960   15.7702
   -7.5000   30.0000   30.0000 2577.1973   16.9035
    0.0000   30.0000   30.0000 2590.5405   16.8640
    7.5000   30.0000   30.0000 2578.8735   17.0263
   -7.5000   37.5000   30.0000 2461.1194   18.5739
    0.0000   37.5000   30.0000 2473.6221   18.4893
    7.5000   37.5000   30.0000 2461.4700   18.7337
   -7.5000  -52.5000   37.5000 2761.3181   12.7251
    0.0000  -52.5000   37.5000 2750.9106   12.7019
    7.5000  -52.5000   37.5000 2758.1443   12.9046
   -7.5000  -45.0000   37.5000 2777.8923   12.7414
    0.0000  -45.0000   37.5000 2770.4438   12.7617
    7.5000  -45.0000   37.5000 2776.8877   12.9095
   -7.5000  -37.5000   37.5000 2795.1099   12.7838
    0.0000  -37.5000   37.5000 2795.3047   12.8233
    7.5000  -37.5000   37.5000 2800.4407   12.9453
   -7.5000  -30.0000   37.5000 2822.7068   12.9097
    0.0000  -30.0000   37.5000 2826.4255   12.9604
    7.5000  -30.0000   37.5000 2827.0110   13.0652
   -7.5000  -22.5000   37.5000 2851.4507   13.1331
    0.0000  -22.5000   37.5000 2858.1938   13.2223
    7.5000  -22.5000   37.5000 2854.2727   13.2858
   -7.5000  -15.0000   37.5000 2875.9878   13.3485
    0.0000  -15.0000   37.5000 2889.4221   13.4670
    7.5000  -15.0000   37.5000 2875.4653   13.4852
   -7.5000   -7.5000   37.5000 2885.9307   13.5583
    0.0000   -7.5000   37.5000 2909.5474   13.5555
    7.5000   -7.5000   37.5000 2879.6970   13.6554
   -7.5000    0.0000   37.5000 2857.3491   13.8958
    0.0000    0.0000   37.5000 2886.6687   13.8890
    7.5000    0.0000   37.5000 2860.9631   14.0205
   -7.5000    7.5000   37.5000 2805.9783   14.4585
    0.0000    7.5000   37.5000 2833.8821   14.5091
    7.5000    7.5000   37.5000 2813.8923   14.6468
   -7.5000   15.0000   37.5000 2735.0776   15.3084
    0.0000   15.0000   37.5000 2759.5776   15.2945
    7.5000   15.0000   37.5000 2740.9878   15.4808
   -7.5000   22.5000   37.5000 2643.1714   16.4196
    0.0000   22.5000   37.5000 2660.7139   16.3733
    7.5000   22.5000   37.5000 2649.5728   16.5850
   -7.5000   30.0000   37.5000 2529.7310   17.7703
    0.0000   30.0000   37.5000 2543.7993   17.6945
    7.5000   30.0000   37.5000 2531.4897   17.8806
   -7.5000   37.5000   37.5000 2409.7224   19.4248
    0.0000   37.5000   37.5000 2426.7869   19.3336
    7.5000   37.5000   37.5000 2413.9719   19.5427
   -7.5000  -52.5000   45.0000 2726.1672   13.2277
    0.0000  -52.5000   45.0000 2711.8657   13.0965
    7.5000  -52.5000   45.0000 2730.0283   13.4463
   -7.5000  -45.0000   45.0000 2741.3755   13.2159
    0.0000  -45.0000   45.0000 2727.7766   13.1391
    7.5000  -45.0000   45.0000 2747.3091   13.3968
   -7.5000  -37.5000   45.0000 2755.5813   13.2682
    0.0000  -37.5000   45.0000 2751.5029   13.2308
    7.5000  -37.5000   45.0000 2767.2427   13.4589
   -7.5000  -30.0000   45.0000 2776.4656   13.4389
    0.0000  -30.0000   45.0000 2776.9187   13.4251
    7.5000  -30.0000   45.0000 2784.8467   13.6042
   -7.5000  -22.5000   45.0000 2798.7322   13.6904
    0.0000  -22.5000   45.0000 2802.5583   13.7055
    7.5000  -22.5000   45.0000 2806.2710   13.8213
   -7.5000  -15.0000   45.0000 2812.3450   14.0063
    0.0000  -15.0000   45.0000 2819.6052   13.9904
    7.5000  -15.0000   45.0000 2814.5076   14.0657
   -7.5000   -7.5000   45.0000 2812.3926   14.2548
    0.0000   -7.5000   45.0000 2826.7009   14.1751
    7.5000   -7.5000   45.0000 2810.2048   14.3133
   -7.5000    0.0000   45.0000 2780.3367   14.7142
    0.0000    0.0000   45.0000 2800.9763   14.6431
    7.5000    0.0000   45.0000 2786.8850   14.7744
   -7.5000    7.5000   45.0000 2727.1379   15.2794
    0.0000    7.5000   45.0000 2750.9351   15.2755
    7.5000    7.5000   45.0000 2738.2258   15.4191
   -7.5000   15.0000   45.0000 2656.6570   16.1730
    0.0000   15.0000   45.0000 2679.7354   16.0937
    7.5000   15.0000   45.0000 2668.0840   16.2961
   -7.5000   22.5000   45.0000 2569.2095   17.2830
    0.0000   22.5000   45.0000 2591.2205   17.1854
    7.5000   22.5000   45.0000 2580.9612   17.4044
   -7.5000   30.0000   45.0000 2467.7231   18.7373
    0.0000   30.0000   45.0000 2483.7517   18.5956
    7.5000   30.0000   45.0000 2471.1016   18.8218
   -7.5000   37.5000   45.0000 2347.4500   20.4530
    0.0000   37.5000   45.0000 2364.0933   20.3228
    7.5000   37.5000   45.0000 2356.0786   20.6069
   -7.5000  -52.5000   52.5000 2682.5662   13.8151
    0.0000  -52.5000   52.5000 2667.8208   13.5673
    7.5000  -52.5000   52.5000 2688.3374   14.0686
   -7.5000  -45.0000   52.5000 2698.9287   13.7645
    0.0000  -45.0000   52.5000 2682.4631   13.5885
    7.5000  -45.0000   52.5000 2707.0103   13.9939
   -7.5000  -37.5000   52.5000 2716.6284   13.8054
    0.0000  -37.5000   52.5000 2703.7388   13.6900
    7.5000  -37.5000   52.5000 2724.5242   14.0185
   -7.5000  -30.0000   52.5000 2731.6155   14.0187
    0.0000  -30.0000   52.5000 2725.7844   13.9375
    7.5000  -30.0000   52.5000 2735.0190   14.2003
   -7.5000  -22.5000   52.5000 2744.3865   14.3661
    0.0000  -22.5000   52.5000 2742.3799   14.2683
    7.5000  -22.5000   52.5000 2743.4390   14.4843
   -7.5000  -15.0000   52.5000 2741.8105   14.7683
    0.0000  -15.0000   52.5000 2744.7383   14.6160
    7.5000  -15.0000   52.5000 2741.1174   14.7917
   -7.5000   -7.5000   52.5000 2731.8013   15.1055
    0.0000   -7.5000   52.5000 2739.9761   14.9208
    7.5000   -7.5000   52.5000 2732.3713   15.1158
   -7.5000    0.0000   52.5000 2697.6414   15.6555
    0.0000    0.0000   52.5000 2707.6235   15.4776
    7.5000    0.0000   52.5000 2709.3645   15.6878
   -7.5000    7.5000   52.5000 2645.2288   16.2737
    0.0000    7.5000   52.5000 2664.6025   16.1752
    7.5000    7.5000   52.5000 2666.0505   16.3847
   -7.5000   15.0000   52.5000 2577.9214   17.1413
    0.0000   15.0000   52.5000 2598.7468   17.0161
    7.5000   15.0000   52.5000 2593.5791   17.2457
   -7.5000   22.5000   52.5000 2497.7820   18.2752
    0.0000   22.5000   52.5000 2518.6787   18.1205
    7.5000   22.5000   52.5000 2511.1121   18.3581
   -7.5000   30.0000   52.5000 2400.9866   19.7058
    0.0000   30.0000   52.5000 2418.1777   19.5195
    7.5000   30.0000   52.5000 2403.5764   19.7748
   -7.5000   37.5000   52.5000 2281.2622   21.5403
    0.0000   37.5000   52.5000 2300.4968   21.3514
    7.5000   37.5000   52.5000 2289.2344   21.6417
   -7.5000  -52.5000   60.0000 2606.9832   14.4425
    0.0000  -52.5000   60.0000 2588.6182   14.1289
    7.5000  -52.5000   60.0000 2608.5154   14.6678
   -7.5000  -45.0000   60.0000 2619.2493   14.3721
    0.0000  -45.0000   60.0000 2607.9453   14.1094
    7.5000  -45.0000   60.0000 2624.4128   14.5762
   -7.5000  -37.5000   60.0000 2637.9365   14.4106
    0.0000  -37.5000   60.0000 2629.2917   14.2107
    7.5000  -37.5000   60.0000 2640.8027   14.6038
   -7.5000  -30.0000   60.0000 2649.6707   14.6284
    0.0000  -30.0000   60.0000 2644.3872   14.4873
    7.5000  -30.0000   60.0000 2652.9331   14.8060
   -7.5000  -22.5000   60.0000 2652.7942   15.0440
    0.0000  -22.5000   60.0000 2650.6240   14.8456
    7.5000  -22.5000   60.0000 2651.4866   15.1512
   -7.5000  -15.0000   60.0000 2640.1853   15.5012
    0.0000  -15.0000   60.0000 2640.5620   15.2852
    7.5000  -15.0000   60.0000 2638.3733   15.5460
   -7.5000   -7.5000   60.0000 2619.9001   15.9959
    0.0000   -7.5000   60.0000 2623.9336   15.7795
    7.5000   -7.5000   60.0000 2622.8823   15.9991
   -7.5000    0.0000   60.0000 2585.7783   16.6084
    0.0000    0.0000   60.0000 2595.5015   16.3900
    7.5000    0.0000   60.0000 2599.5740   16.6290
   -7.5000    7.5000   60.0000 2538.2361   17.3228
    0.0000    7.5000   60.0000 2553.0701   17.1314
    7.5000    7.5000   60.0000 2556.9241   17.3615
   -7.5000   15.0000   60.0000 2467.4888   18.2538
    0.0000   15.0000   60.0000 2490.4402   18.0357
    7.5000   15.0000   60.0000 2491.3145   18.2858
   -7.5000   22.5000   60.0000 2392.2886   19.3864
    0.0000   22.5000   60.0000 2415.0825   19.1325
    7.5000   22.5000   60.0000 2411.1169   19.3753
   -7.5000   30.0000   60.0000 2301.9248   20.7991
    0.0000   30.0000   60.0000 2320.0713   20.5577
    7.5000   30.0000   60.0000 2310.5312   20.8227
   -7.5000   37.5000   60.0000 2186.3801   22.6958
    0.0000   37.5000   60.0000 2206.2371   22.4556
    7.5000   37.5000   60.0000 2197.7822   22.7080

---------------------------------------------------------------------
imgreg_4dfp /opt/freesurfer/average/711-2C_as_mni_average_305 /opt/freesurfer/average/711-2B_as_mni_average_305_mask talsrcimg_g11 none talsrcimg_to_711-2C_as_mni_average_305_t4 1283
---------------------------------------------------------------------

freesurfer imgreg_4dfp.c
/opt/freesurfer/average/711-2C_as_mni_average_305.4dfp.img
       256       256       256         1
  1.000000  1.000000  1.000000
orientation T byte_order littleendian
Reading image: /opt/freesurfer/average/711-2C_as_mni_average_305.4dfp.img
dimensions:      256       256       256
mmppix:       1.0000   -1.0000   -1.0000
center:     128.0000 -129.0000 -129.0000
/opt/freesurfer/average/711-2B_as_mni_average_305_mask.4dfp.img
       256       256       256         1
  1.000000  1.000000  1.000000
orientation T byte_order littleendian
Reading mask: /opt/freesurfer/average/711-2B_as_mni_average_305_mask.4dfp.img (2306576 pixels)
talsrcimg_g11.4dfp.img
       256       256       256         1
  1.000000  1.000000  1.000000
orientation T byte_order littleendian
Reading image: talsrcimg_g11.4dfp.img
dimensions:      256       256       256
mmppix:       1.0000   -1.0000   -1.0000
center:     128.0000 -129.0000 -129.0000
rotation matrix determinant  1.000000
fimgreg.f
image alignment mode   1283 decimal      503 hex
parameters
    0.0000   -7.5000   22.5000    0.0000    0.0000    0.0000
eta,q 0.94671 13.04306
niter,ni,del,rscale     5    3   12.0000    1.2000
parameter  4  0.813931 ->  0.500000 qaram    1.1500
parameter  6  0.584002 ->  0.500000 qaram    1.1500
parameters
   -1.1864   -6.6114   20.6531   -3.4500   -2.8023   -3.4500
eta,q 0.95637 13.02815
  0.0615  0.0591  0.0525  0.0473  0.0479  0.0443
  0.0530  0.0544  0.0517  0.0470  0.0453  0.0438
  0.0497  0.0515  0.0495  0.0478  0.0449  0.0436
  0.0508  0.0496  0.0492  0.0494  0.0471  0.0446
  0.0557  0.0494  0.0527  0.0519  0.0503  0.0474
  0.0639  0.0512  0.0571  0.0549  0.0544  0.0508
  0.0717  0.0551  0.0617  0.0587  0.0591  0.0540
niter,ni,del,rscale     6    3   12.0000    1.2000
parameters
   -0.7946   -5.1168   19.2196   -6.8338   -3.0866   -3.9907
eta,q 0.95864 12.96025
  0.0614  0.0569  0.0493  0.0428  0.0477  0.0452
  0.0533  0.0509  0.0463  0.0418  0.0442  0.0431
  0.0462  0.0461  0.0430  0.0413  0.0417  0.0418
  0.0436  0.0437  0.0436  0.0426  0.0414  0.0413
  0.0451  0.0437  0.0479  0.0452  0.0423  0.0421
  0.0495  0.0451  0.0523  0.0489  0.0447  0.0441
  0.0579  0.0482  0.0571  0.0533  0.0492  0.0467
niter,ni,del,rscale     5    3   12.0000    1.2000
parameter  4  0.667067 ->  0.500000 qaram    1.3225
parameters
   -0.8071   -3.0995   18.3081  -10.8013   -3.1326   -5.2741
eta,q 0.96154 12.91721
  0.0576  0.0537  0.0478  0.0394  0.0465  0.0426
  0.0492  0.0481  0.0454  0.0389  0.0424  0.0397
  0.0426  0.0438  0.0420  0.0394  0.0401  0.0384
  0.0414  0.0413  0.0405  0.0406  0.0389  0.0389
  0.0439  0.0405  0.0437  0.0432  0.0400  0.0402
  0.0491  0.0407  0.0486  0.0466  0.0429  0.0428
  0.0574  0.0440  0.0544  0.0506  0.0465  0.0468
niter,ni,del,rscale     5    3   12.0000    1.2000
parameters
   -0.6673   -1.8604   17.1690  -13.3264   -3.1826   -5.2627
eta,q 0.96412 12.93135
  0.0578  0.0518  0.0446  0.0408  0.0444  0.0430
  0.0475  0.0462  0.0418  0.0370  0.0398  0.0387
  0.0400  0.0416  0.0383  0.0359  0.0368  0.0363
  0.0385  0.0385  0.0379  0.0376  0.0359  0.0359
  0.0413  0.0379  0.0412  0.0404  0.0373  0.0372
  0.0470  0.0400  0.0467  0.0447  0.0404  0.0390
  0.0551  0.0447  0.0524  0.0497  0.0443  0.0424
niter,ni,del,rscale     4    3   12.0000    1.2000
parameters
   -0.6342   -1.3129   16.8325  -13.7495   -3.3030   -5.0554
eta,q 0.96449 12.92083
  0.0562  0.0497  0.0469  0.0444  0.0440  0.0430
  0.0452  0.0444  0.0424  0.0400  0.0394  0.0387
  0.0373  0.0395  0.0376  0.0365  0.0363  0.0362
  0.0359  0.0359  0.0356  0.0355  0.0355  0.0355
  0.0391  0.0362  0.0383  0.0379  0.0370  0.0366
  0.0455  0.0407  0.0439  0.0415  0.0403  0.0383
  0.0547  0.0466  0.0499  0.0461  0.0442  0.0418
niter,ni,del,rscale     3    3   12.0000    1.2000
parameters
   -0.5922   -1.1370   16.7538  -13.8787   -3.3913   -5.0008
eta,q 0.96454 12.91868
  0.0560  0.0487  0.0478  0.0452  0.0441  0.0425
  0.0448  0.0434  0.0431  0.0407  0.0395  0.0385
  0.0368  0.0385  0.0381  0.0367  0.0364  0.0361
  0.0355  0.0355  0.0355  0.0355  0.0355  0.0355
  0.0389  0.0369  0.0377  0.0376  0.0369  0.0367
  0.0452  0.0419  0.0429  0.0411  0.0402  0.0384
  0.0542  0.0481  0.0491  0.0456  0.0442  0.0420
niter,ni,del,rscale     2    3   12.0000    1.2000
parameters
   -0.5652   -1.0805   16.7357  -13.9210   -3.4288   -4.9883
eta,q 0.96453 12.91876
  0.0558  0.0484  0.0481  0.0455  0.0442  0.0424
  0.0446  0.0431  0.0433  0.0409  0.0396  0.0384
  0.0367  0.0381  0.0382  0.0368  0.0365  0.0361
  0.0355  0.0355  0.0355  0.0355  0.0355  0.0355
  0.0389  0.0372  0.0375  0.0375  0.0369  0.0367
  0.0452  0.0423  0.0427  0.0410  0.0401  0.0385
  0.0542  0.0486  0.0489  0.0455  0.0440  0.0421
registration optimization eta report
parameter search radius
    6.0000    6.0000    6.0000    7.9350    6.0000    6.9000
100000*second partial in parameter space
       54.       35.       34.       15.       24.       14.
  0.0558  0.0484  0.0481  0.0455  0.0442  0.0424
  0.0446  0.0431  0.0433  0.0409  0.0396  0.0384
  0.0367  0.0381  0.0382  0.0368  0.0365  0.0361
  0.0355  0.0355  0.0355  0.0355  0.0355  0.0355
  0.0389  0.0372  0.0375  0.0375  0.0369  0.0367
  0.0452  0.0423  0.0427  0.0410  0.0401  0.0385
  0.0542  0.0486  0.0489  0.0455  0.0440  0.0421
   -0.5652   -1.0805   16.7357  -13.9210   -3.4288   -4.9883
eta,q 0.96453 12.91876

---------------------------------------------------------------------
imgreg_4dfp /opt/freesurfer/average/711-2C_as_mni_average_305 /opt/freesurfer/average/711-2B_as_mni_average_305_mask talsrcimg_g11 none talsrcimg_to_711-2C_as_mni_average_305_t4 3335
---------------------------------------------------------------------

freesurfer imgreg_4dfp.c
/opt/freesurfer/average/711-2C_as_mni_average_305.4dfp.img
       256       256       256         1
  1.000000  1.000000  1.000000
orientation T byte_order littleendian
Reading image: /opt/freesurfer/average/711-2C_as_mni_average_305.4dfp.img
dimensions:      256       256       256
mmppix:       1.0000   -1.0000   -1.0000
center:     128.0000 -129.0000 -129.0000
/opt/freesurfer/average/711-2B_as_mni_average_305_mask.4dfp.img
       256       256       256         1
  1.000000  1.000000  1.000000
orientation T byte_order littleendian
Reading mask: /opt/freesurfer/average/711-2B_as_mni_average_305_mask.4dfp.img (2306576 pixels)
talsrcimg_g11.4dfp.img
       256       256       256         1
  1.000000  1.000000  1.000000
orientation T byte_order littleendian
Reading image: talsrcimg_g11.4dfp.img
dimensions:      256       256       256
mmppix:       1.0000   -1.0000   -1.0000
center:     128.0000 -129.0000 -129.0000
fimgreg.f
image alignment mode   3335 decimal      D07 hex
parameters
   -0.5652   -1.0805   16.7357   -0.5571   -3.1797   -3.1109
    7.0063    7.8750   -8.6796   23.4625   -5.9807  -24.0153
eta,q 0.96383 12.88862
niter,ni,del,rscale     5    3    5.0000    1.2000
parameter  5  2.727756 ->  0.500000 qaram    1.1500
parameter  6  0.612875 ->  0.500000 qaram    1.1500
parameter 12 -1.028622 -> -0.500000 qaram    1.1500
parameters
   -0.4642   -1.3255   16.7857   -2.8317   -7.3197   -7.2509
    5.4313    8.5792   -7.0847   22.2206   -5.1972  -19.8753
eta,q 0.97227 12.77110
  0.0395  0.0380  0.0382  0.0374  0.0296  0.0301  0.0304  0.0340  0.0321  0.0307  0.0304  0.0325
  0.0377  0.0369  0.0371  0.0366  0.0309  0.0293  0.0295  0.0314  0.0307  0.0294  0.0295  0.0309
  0.0366  0.0363  0.0364  0.0361  0.0330  0.0292  0.0290  0.0297  0.0296  0.0288  0.0289  0.0297
  0.0362  0.0362  0.0361  0.0361  0.0361  0.0314  0.0291  0.0290  0.0290  0.0288  0.0287  0.0288
  0.0364  0.0366  0.0363  0.0371  0.0397  0.0351  0.0297  0.0292  0.0289  0.0294  0.0289  0.0281
  0.0373  0.0375  0.0370  0.0397  0.0429  0.0397  0.0308  0.0303  0.0293  0.0307  0.0292  0.0276
  0.0390  0.0388  0.0381  0.0442  0.0458  0.0456  0.0325  0.0324  0.0303  0.0327  0.0297  0.0274
niter,ni,del,rscale     7    3    5.0000    1.2000
parameter  3  1.000190 ->  0.500000 qaram    1.1500
parameter  5  0.630822 ->  0.500000 qaram    1.3225
parameters
   -0.0132   -1.1500   15.4057   -0.0635  -12.0807   -9.0888
    5.3087    8.0789   -7.2376   21.6051   -4.4453  -19.7680
eta,q 0.97543 12.63382
  0.0314  0.0305  0.0262  0.0300  0.0247  0.0277  0.0269  0.0286  0.0264  0.0265  0.0259  0.0265
  0.0296  0.0291  0.0262  0.0286  0.0241  0.0261  0.0257  0.0261  0.0254  0.0254  0.0251  0.0254
  0.0284  0.0281  0.0267  0.0273  0.0244  0.0249  0.0249  0.0248  0.0247  0.0247  0.0247  0.0248
  0.0277  0.0276  0.0276  0.0263  0.0256  0.0241  0.0246  0.0246  0.0246  0.0246  0.0246  0.0246
  0.0277  0.0278  0.0288  0.0256  0.0279  0.0255  0.0249  0.0253  0.0248  0.0250  0.0247  0.0248
  0.0283  0.0285  0.0302  0.0256  0.0313  0.0294  0.0257  0.0270  0.0255  0.0259  0.0249  0.0254
  0.0294  0.0298  0.0318  0.0271  0.0349  0.0355  0.0272  0.0298  0.0265  0.0274  0.0253  0.0263
niter,ni,del,rscale     7    3    5.0000    1.2000
parameters
    0.0024   -1.2545   14.2653    0.0326  -12.8690  -10.7705
    5.5258    7.7509   -7.5443   21.5904   -4.1018  -20.5122
eta,q 0.97555 12.52381
  0.0275  0.0269  0.0249  0.0273  0.0277  0.0273  0.0270  0.0284  0.0260  0.0265  0.0255  0.0260
  0.0259  0.0255  0.0243  0.0261  0.0260  0.0258  0.0257  0.0260  0.0252  0.0254  0.0248  0.0250
  0.0249  0.0248  0.0242  0.0250  0.0247  0.0247  0.0248  0.0247  0.0246  0.0247  0.0245  0.0245
  0.0246  0.0246  0.0246  0.0242  0.0241  0.0242  0.0245  0.0245  0.0245  0.0245  0.0245  0.0245
  0.0248  0.0250  0.0253  0.0239  0.0246  0.0249  0.0247  0.0251  0.0247  0.0247  0.0246  0.0248
  0.0258  0.0259  0.0265  0.0251  0.0265  0.0284  0.0254  0.0266  0.0254  0.0254  0.0248  0.0256
  0.0275  0.0272  0.0280  0.0280  0.0298  0.0333  0.0267  0.0291  0.0263  0.0266  0.0252  0.0265
niter,ni,del,rscale     6    3    5.0000    1.2000
parameters
   -0.0591   -1.1570   13.7471    0.4102  -13.1387  -11.7943
    5.6039    7.5247   -7.7011   21.7977   -3.8288  -20.7160
eta,q 0.97558 12.47927
  0.0271  0.0270  0.0256  0.0275  0.0280  0.0277  0.0268  0.0285  0.0260  0.0265  0.0254  0.0262
  0.0256  0.0256  0.0247  0.0263  0.0263  0.0261  0.0256  0.0260  0.0251  0.0254  0.0248  0.0251
  0.0247  0.0248  0.0244  0.0252  0.0249  0.0249  0.0247  0.0247  0.0246  0.0247  0.0245  0.0246
  0.0244  0.0245  0.0244  0.0244  0.0243  0.0243  0.0244  0.0244  0.0244  0.0244  0.0244  0.0244
  0.0248  0.0247  0.0249  0.0240  0.0245  0.0244  0.0247  0.0250  0.0246  0.0246  0.0245  0.0247
  0.0258  0.0255  0.0257  0.0250  0.0261  0.0271  0.0254  0.0265  0.0252  0.0252  0.0248  0.0253
  0.0275  0.0266  0.0269  0.0277  0.0290  0.0313  0.0268  0.0289  0.0261  0.0263  0.0252  0.0262
niter,ni,del,rscale     5    3    5.0000    1.2000
parameters
   -0.0760   -1.0468   13.4074    0.5614  -13.3403  -12.4427
    5.6657    7.4056   -7.8324   22.0877   -3.7237  -20.8046
eta,q 0.97554 12.44903
  0.0272  0.0269  0.0258  0.0274  0.0279  0.0279  0.0268  0.0286  0.0259  0.0265  0.0254  0.0262
  0.0257  0.0256  0.0249  0.0262  0.0263  0.0263  0.0256  0.0261  0.0252  0.0254  0.0248  0.0252
  0.0248  0.0247  0.0245  0.0252  0.0250  0.0251  0.0248  0.0248  0.0246  0.0248  0.0245  0.0246
  0.0244  0.0244  0.0244  0.0244  0.0243  0.0244  0.0245  0.0245  0.0245  0.0245  0.0245  0.0245
  0.0247  0.0247  0.0248  0.0241  0.0246  0.0243  0.0247  0.0250  0.0247  0.0246  0.0246  0.0247
  0.0257  0.0254  0.0256  0.0253  0.0260  0.0264  0.0255  0.0264  0.0252  0.0252  0.0248  0.0253
  0.0274  0.0264  0.0267  0.0279  0.0288  0.0305  0.0268  0.0288  0.0261  0.0262  0.0252  0.0262
niter,ni,del,rscale     4    3    5.0000    1.2000
parameters
   -0.0943   -0.9430   13.1755    0.6289  -13.5131  -12.8707
    5.7214    7.3443   -7.9128   22.3647   -3.6929  -20.8383
eta,q 0.97549 12.42710
  0.0273  0.0269  0.0260  0.0274  0.0279  0.0280  0.0268  0.0286  0.0260  0.0265  0.0254  0.0263
  0.0257  0.0256  0.0251  0.0262  0.0263  0.0265  0.0256  0.0262  0.0252  0.0254  0.0248  0.0252
  0.0248  0.0247  0.0246  0.0253  0.0251  0.0252  0.0248  0.0249  0.0247  0.0248  0.0245  0.0247
  0.0245  0.0245  0.0245  0.0244  0.0244  0.0244  0.0245  0.0245  0.0245  0.0245  0.0245  0.0245
  0.0247  0.0247  0.0248  0.0242  0.0246  0.0243  0.0247  0.0250  0.0247  0.0247  0.0246  0.0247
  0.0257  0.0254  0.0255  0.0254  0.0260  0.0261  0.0255  0.0264  0.0252  0.0252  0.0249  0.0253
  0.0274  0.0264  0.0266  0.0280  0.0287  0.0301  0.0268  0.0287  0.0261  0.0262  0.0253  0.0262
niter,ni,del,rscale     3    3    5.0000    1.2000
parameters
   -0.1093   -0.8514   13.0036    0.6591  -13.6684  -13.1928
    5.7519    7.3051   -7.9264   22.6175   -3.7545  -20.8481
eta,q 0.97545 12.40940
  0.0273  0.0268  0.0261  0.0274  0.0279  0.0281  0.0268  0.0286  0.0260  0.0264  0.0254  0.0263
  0.0258  0.0255  0.0252  0.0263  0.0263  0.0266  0.0256  0.0263  0.0253  0.0254  0.0248  0.0253
  0.0248  0.0248  0.0246  0.0253  0.0251  0.0253  0.0249  0.0249  0.0248  0.0248  0.0246  0.0247
  0.0245  0.0245  0.0245  0.0245  0.0245  0.0245  0.0246  0.0246  0.0246  0.0246  0.0246  0.0245
  0.0248  0.0248  0.0248  0.0243  0.0247  0.0244  0.0248  0.0251  0.0247  0.0247  0.0247  0.0248
  0.0258  0.0254  0.0255  0.0255  0.0260  0.0259  0.0256  0.0264  0.0252  0.0253  0.0249  0.0254
  0.0274  0.0264  0.0265  0.0281  0.0287  0.0299  0.0269  0.0287  0.0261  0.0262  0.0253  0.0262
niter,ni,del,rscale     2    3    5.0000    1.2000
parameters
   -0.1199   -0.7672   12.8671    0.6660  -13.8049  -13.4552
    5.7700    7.2829   -7.9066   22.8650   -3.8132  -20.8490
eta,q 0.97541 12.39438
  0.0273  0.0268  0.0262  0.0274  0.0279  0.0281  0.0268  0.0287  0.0260  0.0264  0.0254  0.0263
  0.0258  0.0256  0.0252  0.0263  0.0264  0.0266  0.0257  0.0263  0.0253  0.0254  0.0248  0.0253
  0.0249  0.0248  0.0247  0.0254  0.0252  0.0253  0.0249  0.0250  0.0248  0.0249  0.0246  0.0247
  0.0245  0.0245  0.0246  0.0245  0.0245  0.0245  0.0246  0.0246  0.0246  0.0246  0.0246  0.0246
  0.0248  0.0248  0.0248  0.0244  0.0247  0.0244  0.0248  0.0251  0.0248  0.0247  0.0247  0.0248
  0.0258  0.0254  0.0255  0.0256  0.0259  0.0258  0.0256  0.0264  0.0252  0.0253  0.0250  0.0254
  0.0275  0.0264  0.0265  0.0282  0.0286  0.0298  0.0269  0.0286  0.0261  0.0262  0.0254  0.0262
niter,ni,del,rscale     1    3    5.0000    1.2000
parameters
   -0.1315   -0.6834   12.7443    0.6685  -13.9454  -13.6908
    5.7801    7.2596   -7.8747   23.1169   -3.9213  -20.8269
eta,q 0.97537 12.38014
  0.0274  0.0268  0.0263  0.0274  0.0278  0.0281  0.0269  0.0286  0.0261  0.0264  0.0255  0.0263
  0.0258  0.0256  0.0253  0.0263  0.0264  0.0266  0.0257  0.0263  0.0253  0.0255  0.0249  0.0253
  0.0249  0.0248  0.0247  0.0254  0.0252  0.0254  0.0249  0.0250  0.0248  0.0249  0.0246  0.0248
  0.0246  0.0246  0.0246  0.0246  0.0246  0.0246  0.0246  0.0246  0.0246  0.0246  0.0246  0.0246
  0.0249  0.0248  0.0249  0.0244  0.0247  0.0245  0.0249  0.0251  0.0248  0.0248  0.0248  0.0248
  0.0258  0.0255  0.0255  0.0256  0.0259  0.0258  0.0256  0.0264  0.0253  0.0253  0.0250  0.0254
  0.0275  0.0264  0.0265  0.0282  0.0286  0.0297  0.0269  0.0286  0.0261  0.0262  0.0254  0.0262
registration optimization eta report
parameter search radius
    2.4000    2.4000    2.7600    7.2000    9.5220    8.2800
    7.2000    7.2000    7.2000    7.2000    7.2000    8.2800
100000*second partial in parameter space
       49.       35.       24.        6.        4.        6.
        4.        8.        3.        3.        2.        2.
  0.0274  0.0268  0.0263  0.0274  0.0278  0.0281  0.0269  0.0286  0.0261  0.0264  0.0255  0.0263
  0.0258  0.0256  0.0253  0.0263  0.0264  0.0266  0.0257  0.0263  0.0253  0.0255  0.0249  0.0253
  0.0249  0.0248  0.0247  0.0254  0.0252  0.0254  0.0249  0.0250  0.0248  0.0249  0.0246  0.0248
  0.0246  0.0246  0.0246  0.0246  0.0246  0.0246  0.0246  0.0246  0.0246  0.0246  0.0246  0.0246
  0.0249  0.0248  0.0249  0.0244  0.0247  0.0245  0.0249  0.0251  0.0248  0.0248  0.0248  0.0248
  0.0258  0.0255  0.0255  0.0256  0.0259  0.0258  0.0256  0.0264  0.0253  0.0253  0.0250  0.0254
  0.0275  0.0264  0.0265  0.0282  0.0286  0.0297  0.0269  0.0286  0.0261  0.0262  0.0254  0.0262
   -0.1315   -0.6834   12.7443    0.6685  -13.9454  -13.6908
    5.7801    7.2596   -7.8747   23.1169   -3.9213  -20.8269
eta,q 0.97537 12.38014

---------------------------------------------------------------------
imgreg_4dfp /opt/freesurfer/average/711-2C_as_mni_average_305 /opt/freesurfer/average/711-2B_as_mni_average_305_mask talsrcimg_g11 none talsrcimg_to_711-2C_as_mni_average_305_t4 2311
---------------------------------------------------------------------

freesurfer imgreg_4dfp.c
/opt/freesurfer/average/711-2C_as_mni_average_305.4dfp.img
       256       256       256         1
  1.000000  1.000000  1.000000
orientation T byte_order littleendian
Reading image: /opt/freesurfer/average/711-2C_as_mni_average_305.4dfp.img
dimensions:      256       256       256
mmppix:       1.0000   -1.0000   -1.0000
center:     128.0000 -129.0000 -129.0000
/opt/freesurfer/average/711-2B_as_mni_average_305_mask.4dfp.img
       256       256       256         1
  1.000000  1.000000  1.000000
orientation T byte_order littleendian
Reading mask: /opt/freesurfer/average/711-2B_as_mni_average_305_mask.4dfp.img (2306576 pixels)
talsrcimg_g11.4dfp.img
       256       256       256         1
  1.000000  1.000000  1.000000
orientation T byte_order littleendian
Reading image: talsrcimg_g11.4dfp.img
dimensions:      256       256       256
mmppix:       1.0000   -1.0000   -1.0000
center:     128.0000 -129.0000 -129.0000
fimgreg.f
image alignment mode   2311 decimal      907 hex
parameters
   -0.1315   -0.6834   12.7443    0.6685  -13.9454  -13.6908
    5.7801    7.2596   -7.8747   23.1169   -3.9213  -20.8269
eta,q 0.97537 12.38014
niter,ni,del,rscale     5    3    5.0000    0.8000
parameters
   -0.1087   -0.6478   12.6117    1.5723  -13.1839  -12.6248
    5.6253    7.5699   -7.6727   23.2896   -3.6025  -21.0010
eta,q 0.97571 12.49134
  0.0259  0.0256  0.0251  0.0263  0.0256  0.0261  0.0253  0.0269  0.0250  0.0252  0.0249  0.0249
  0.0252  0.0250  0.0248  0.0257  0.0250  0.0254  0.0248  0.0255  0.0247  0.0248  0.0245  0.0245
  0.0248  0.0247  0.0247  0.0251  0.0246  0.0248  0.0244  0.0246  0.0244  0.0244  0.0243  0.0243
  0.0246  0.0246  0.0246  0.0246  0.0244  0.0244  0.0243  0.0243  0.0243  0.0243  0.0243  0.0243
  0.0247  0.0247  0.0247  0.0244  0.0244  0.0243  0.0244  0.0245  0.0243  0.0244  0.0243  0.0244
  0.0251  0.0250  0.0250  0.0247  0.0246  0.0244  0.0248  0.0252  0.0246  0.0246  0.0245  0.0246
  0.0258  0.0255  0.0253  0.0257  0.0250  0.0252  0.0255  0.0263  0.0249  0.0251  0.0247  0.0250
niter,ni,del,rscale     4    3    5.0000    0.7000
parameters
   -0.0919   -0.8187   12.9636    1.5702  -12.9545  -11.4784
    5.4887    7.7524   -7.7141   23.0736   -3.2908  -21.0087
eta,q 0.97588 12.55004
  0.0254  0.0248  0.0250  0.0256  0.0251  0.0256  0.0249  0.0262  0.0247  0.0248  0.0247  0.0247
  0.0248  0.0245  0.0247  0.0251  0.0247  0.0250  0.0245  0.0251  0.0244  0.0244  0.0243  0.0244
  0.0244  0.0243  0.0244  0.0246  0.0244  0.0245  0.0242  0.0244  0.0242  0.0242  0.0242  0.0242
  0.0243  0.0243  0.0243  0.0242  0.0242  0.0242  0.0241  0.0241  0.0241  0.0241  0.0241  0.0241
  0.0244  0.0244  0.0242  0.0243  0.0243  0.0241  0.0242  0.0243  0.0242  0.0242  0.0242  0.0242
  0.0248  0.0247  0.0243  0.0248  0.0245  0.0242  0.0245  0.0249  0.0244  0.0245  0.0243  0.0244
  0.0254  0.0252  0.0245  0.0259  0.0249  0.0247  0.0251  0.0259  0.0247  0.0249  0.0245  0.0247
niter,ni,del,rscale     3    3    5.0000    0.6000
parameters
   -0.0660   -0.9874   13.2808    1.6453  -12.7440  -10.6878
    5.4277    7.8446   -7.7523   22.8666   -3.1431  -20.8982
eta,q 0.97601 12.59245
  0.0250  0.0245  0.0247  0.0252  0.0248  0.0251  0.0246  0.0256  0.0244  0.0245  0.0244  0.0244
  0.0245  0.0243  0.0244  0.0247  0.0244  0.0246  0.0243  0.0247  0.0242  0.0242  0.0242  0.0242
  0.0242  0.0241  0.0242  0.0243  0.0242  0.0243  0.0241  0.0242  0.0240  0.0240  0.0240  0.0240
  0.0241  0.0241  0.0241  0.0241  0.0241  0.0241  0.0240  0.0240  0.0240  0.0240  0.0240  0.0240
  0.0242  0.0243  0.0241  0.0241  0.0241  0.0239  0.0241  0.0241  0.0240  0.0241  0.0240  0.0240
  0.0245  0.0245  0.0241  0.0245  0.0243  0.0240  0.0243  0.0246  0.0242  0.0243  0.0241  0.0242
  0.0249  0.0248  0.0243  0.0253  0.0246  0.0245  0.0247  0.0254  0.0245  0.0247  0.0243  0.0244
niter,ni,del,rscale     2    3    5.0000    0.5000
parameters
   -0.0564   -1.1009   13.4982    1.6974  -12.6454  -10.0910
    5.3851    7.9362   -7.7310   22.8255   -2.9874  -20.8399
eta,q 0.97612 12.62156
  0.0246  0.0243  0.0244  0.0248  0.0245  0.0246  0.0243  0.0250  0.0242  0.0243  0.0242  0.0242
  0.0243  0.0241  0.0242  0.0244  0.0242  0.0243  0.0241  0.0244  0.0240  0.0241  0.0240  0.0240
  0.0241  0.0240  0.0240  0.0241  0.0240  0.0241  0.0239  0.0240  0.0239  0.0239  0.0239  0.0239
  0.0240  0.0240  0.0240  0.0240  0.0240  0.0240  0.0239  0.0239  0.0239  0.0239  0.0239  0.0239
  0.0240  0.0241  0.0240  0.0240  0.0240  0.0239  0.0239  0.0240  0.0239  0.0239  0.0239  0.0239
  0.0242  0.0242  0.0240  0.0243  0.0242  0.0239  0.0241  0.0243  0.0240  0.0241  0.0240  0.0240
  0.0246  0.0245  0.0241  0.0249  0.0244  0.0243  0.0244  0.0249  0.0242  0.0243  0.0241  0.0242
niter,ni,del,rscale     1    3    5.0000    0.4000
parameters
   -0.0463   -1.1613   13.6503    1.7328  -12.6316   -9.5361
    5.3214    8.0439   -7.7265   22.9215   -2.8869  -20.7315
eta,q 0.97619 12.64545
  0.0243  0.0241  0.0241  0.0245  0.0242  0.0243  0.0241  0.0246  0.0240  0.0241  0.0240  0.0240
  0.0241  0.0240  0.0240  0.0242  0.0240  0.0242  0.0239  0.0242  0.0239  0.0240  0.0239  0.0239
  0.0239  0.0239  0.0239  0.0240  0.0239  0.0240  0.0238  0.0239  0.0238  0.0239  0.0238  0.0238
  0.0239  0.0239  0.0239  0.0239  0.0239  0.0239  0.0238  0.0238  0.0238  0.0238  0.0238  0.0238
  0.0239  0.0239  0.0239  0.0239  0.0239  0.0238  0.0238  0.0239  0.0238  0.0238  0.0238  0.0238
  0.0241  0.0240  0.0239  0.0241  0.0240  0.0238  0.0240  0.0241  0.0239  0.0239  0.0239  0.0239
  0.0243  0.0242  0.0240  0.0245  0.0242  0.0241  0.0241  0.0245  0.0240  0.0241  0.0240  0.0240
registration optimization eta report
parameter search radius
    0.8000    0.8000    0.8000    2.4000    2.4000    2.4000
    2.4000    2.4000    2.4000    2.4000    2.4000    2.4000
100000*second partial in parameter space
       62.       44.       29.       10.        5.        6.
        5.       13.        4.        5.        3.        3.
  0.0243  0.0241  0.0241  0.0245  0.0242  0.0243  0.0241  0.0246  0.0240  0.0241  0.0240  0.0240
  0.0241  0.0240  0.0240  0.0242  0.0240  0.0242  0.0239  0.0242  0.0239  0.0240  0.0239  0.0239
  0.0239  0.0239  0.0239  0.0240  0.0239  0.0240  0.0238  0.0239  0.0238  0.0239  0.0238  0.0238
  0.0239  0.0239  0.0239  0.0239  0.0239  0.0239  0.0238  0.0238  0.0238  0.0238  0.0238  0.0238
  0.0239  0.0239  0.0239  0.0239  0.0239  0.0238  0.0238  0.0239  0.0238  0.0238  0.0238  0.0238
  0.0241  0.0240  0.0239  0.0241  0.0240  0.0238  0.0240  0.0241  0.0239  0.0239  0.0239  0.0239
  0.0243  0.0242  0.0240  0.0245  0.0242  0.0241  0.0241  0.0245  0.0240  0.0241  0.0240  0.0240
   -0.0463   -1.1613   13.6503    1.7328  -12.6316   -9.5361
    5.3214    8.0439   -7.7265   22.9215   -2.8869  -20.7315
eta,q 0.97619 12.64545

---------------------------------------------------------------------
imgreg_4dfp /opt/freesurfer/average/711-2C_as_mni_average_305 /opt/freesurfer/average/711-2B_as_mni_average_305_mask talsrcimg_g11 none talsrcimg_to_711-2C_as_mni_average_305_t4 2311
---------------------------------------------------------------------

freesurfer imgreg_4dfp.c
/opt/freesurfer/average/711-2C_as_mni_average_305.4dfp.img
       256       256       256         1
  1.000000  1.000000  1.000000
orientation T byte_order littleendian
Reading image: /opt/freesurfer/average/711-2C_as_mni_average_305.4dfp.img
dimensions:      256       256       256
mmppix:       1.0000   -1.0000   -1.0000
center:     128.0000 -129.0000 -129.0000
/opt/freesurfer/average/711-2B_as_mni_average_305_mask.4dfp.img
       256       256       256         1
  1.000000  1.000000  1.000000
orientation T byte_order littleendian
Reading mask: /opt/freesurfer/average/711-2B_as_mni_average_305_mask.4dfp.img (2306576 pixels)
talsrcimg_g11.4dfp.img
       256       256       256         1
  1.000000  1.000000  1.000000
orientation T byte_order littleendian
Reading image: talsrcimg_g11.4dfp.img
dimensions:      256       256       256
mmppix:       1.0000   -1.0000   -1.0000
center:     128.0000 -129.0000 -129.0000
fimgreg.f
image alignment mode   2311 decimal      907 hex
parameters
   -0.0463   -1.1613   13.6503    1.7329  -12.6316   -9.5361
    5.3214    8.0439   -7.7265   22.9215   -2.8869  -20.7315
eta,q 0.97619 12.64544
niter,ni,del,rscale     5    3    5.0000    0.8000
parameters
   -0.0683   -1.1624   13.8950    1.0966  -12.6033  -10.1059
    5.4858    7.7445   -7.7704   22.4019   -3.3144  -20.6390
eta,q 0.97604 12.60656
  0.0254  0.0249  0.0249  0.0253  0.0251  0.0253  0.0253  0.0261  0.0248  0.0248  0.0244  0.0247
  0.0245  0.0243  0.0243  0.0246  0.0245  0.0247  0.0246  0.0248  0.0244  0.0243  0.0241  0.0243
  0.0240  0.0239  0.0240  0.0241  0.0240  0.0242  0.0242  0.0241  0.0241  0.0240  0.0240  0.0240
  0.0238  0.0238  0.0238  0.0238  0.0239  0.0239  0.0240  0.0240  0.0240  0.0240  0.0240  0.0240
  0.0240  0.0239  0.0238  0.0241  0.0240  0.0238  0.0241  0.0244  0.0241  0.0242  0.0241  0.0240
  0.0245  0.0243  0.0240  0.0251  0.0244  0.0248  0.0245  0.0252  0.0244  0.0246  0.0243  0.0243
  0.0255  0.0249  0.0243  0.0269  0.0251  0.0271  0.0251  0.0267  0.0248  0.0253  0.0246  0.0247
niter,ni,del,rscale     4    3    5.0000    0.7000
parameters
   -0.0659   -1.1823   13.7494    1.3092  -12.4976  -10.3981
    5.5106    7.7407   -7.7081   22.3205   -3.4132  -20.6670
eta,q 0.97604 12.60168
  0.0251  0.0248  0.0244  0.0254  0.0249  0.0250  0.0249  0.0259  0.0246  0.0247  0.0244  0.0245
  0.0245  0.0243  0.0241  0.0248  0.0244  0.0245  0.0244  0.0248  0.0243  0.0243  0.0241  0.0242
  0.0241  0.0240  0.0240  0.0243  0.0240  0.0242  0.0241  0.0241  0.0240  0.0241  0.0240  0.0240
  0.0240  0.0240  0.0240  0.0239  0.0239  0.0239  0.0240  0.0240  0.0240  0.0240  0.0240  0.0240
  0.0241  0.0241  0.0241  0.0239  0.0240  0.0238  0.0240  0.0242  0.0240  0.0241  0.0240  0.0240
  0.0244  0.0244  0.0243  0.0244  0.0243  0.0244  0.0243  0.0248  0.0242  0.0243  0.0242  0.0242
  0.0251  0.0248  0.0246  0.0254  0.0248  0.0259  0.0249  0.0258  0.0246  0.0248  0.0244  0.0245
niter,ni,del,rscale     3    3    5.0000    0.6000
parameters
   -0.0561   -1.1803   13.6815    1.5045  -12.4854  -10.3305
    5.4523    7.8025   -7.6857   22.4140   -3.3808  -20.6760
eta,q 0.97608 12.61052
  0.0248  0.0246  0.0243  0.0251  0.0246  0.0248  0.0246  0.0254  0.0244  0.0246  0.0243  0.0243
  0.0244  0.0242  0.0241  0.0246  0.0242  0.0244  0.0242  0.0246  0.0241  0.0242  0.0241  0.0241
  0.0241  0.0240  0.0240  0.0242  0.0240  0.0241  0.0240  0.0241  0.0240  0.0240  0.0239  0.0240
  0.0240  0.0240  0.0240  0.0240  0.0239  0.0239  0.0239  0.0239  0.0239  0.0239  0.0239  0.0239
  0.0240  0.0240  0.0240  0.0239  0.0240  0.0238  0.0240  0.0241  0.0240  0.0240  0.0240  0.0240
  0.0243  0.0242  0.0242  0.0243  0.0242  0.0241  0.0242  0.0245  0.0241  0.0242  0.0241  0.0241
  0.0248  0.0246  0.0244  0.0251  0.0246  0.0250  0.0246  0.0253  0.0244  0.0245  0.0243  0.0243
niter,ni,del,rscale     2    3    5.0000    0.5000
parameters
   -0.0506   -1.1842   13.6888    1.6438  -12.5126   -9.9968
    5.3844    7.9230   -7.6778   22.5884   -3.1870  -20.6976
eta,q 0.97614 12.62792
  0.0245  0.0244  0.0242  0.0248  0.0244  0.0246  0.0243  0.0250  0.0242  0.0244  0.0242  0.0242
  0.0242  0.0241  0.0240  0.0244  0.0241  0.0243  0.0241  0.0244  0.0240  0.0241  0.0240  0.0240
  0.0240  0.0240  0.0239  0.0241  0.0240  0.0241  0.0239  0.0240  0.0239  0.0239  0.0239  0.0239
  0.0239  0.0239  0.0239  0.0239  0.0239  0.0239  0.0239  0.0239  0.0239  0.0239  0.0239  0.0239
  0.0240  0.0240  0.0240  0.0239  0.0240  0.0238  0.0239  0.0240  0.0239  0.0239  0.0239  0.0239
  0.0242  0.0241  0.0240  0.0242  0.0241  0.0239  0.0241  0.0243  0.0240  0.0240  0.0240  0.0240
  0.0245  0.0244  0.0242  0.0248  0.0244  0.0244  0.0244  0.0248  0.0242  0.0243  0.0241  0.0242
niter,ni,del,rscale     1    3    5.0000    0.4000
parameters
   -0.0386   -1.1916   13.7375    1.7192  -12.5718   -9.5152
    5.3195    8.0608   -7.6738   22.8053   -2.9919  -20.6749
eta,q 0.97620 12.64790
  0.0243  0.0241  0.0241  0.0244  0.0242  0.0243  0.0241  0.0246  0.0240  0.0241  0.0240  0.0240
  0.0241  0.0240  0.0240  0.0242  0.0240  0.0241  0.0239  0.0242  0.0239  0.0240  0.0239  0.0239
  0.0239  0.0239  0.0239  0.0240  0.0239  0.0240  0.0238  0.0239  0.0238  0.0239  0.0238  0.0238
  0.0239  0.0239  0.0239  0.0239  0.0239  0.0239  0.0238  0.0238  0.0238  0.0238  0.0238  0.0238
  0.0239  0.0239  0.0239  0.0239  0.0239  0.0238  0.0238  0.0239  0.0238  0.0238  0.0238  0.0238
  0.0240  0.0240  0.0239  0.0241  0.0240  0.0238  0.0240  0.0241  0.0239  0.0239  0.0239  0.0239
  0.0242  0.0242  0.0240  0.0244  0.0242  0.0241  0.0241  0.0244  0.0240  0.0240  0.0239  0.0240
registration optimization eta report
parameter search radius
    0.8000    0.8000    0.8000    2.4000    2.4000    2.4000
    2.4000    2.4000    2.4000    2.4000    2.4000    2.4000
100000*second partial in parameter space
       62.       44.       28.       10.        5.        7.
        5.       12.        4.        5.        3.        4.
  0.0243  0.0241  0.0241  0.0244  0.0242  0.0243  0.0241  0.0246  0.0240  0.0241  0.0240  0.0240
  0.0241  0.0240  0.0240  0.0242  0.0240  0.0241  0.0239  0.0242  0.0239  0.0240  0.0239  0.0239
  0.0239  0.0239  0.0239  0.0240  0.0239  0.0240  0.0238  0.0239  0.0238  0.0239  0.0238  0.0238
  0.0239  0.0239  0.0239  0.0239  0.0239  0.0239  0.0238  0.0238  0.0238  0.0238  0.0238  0.0238
  0.0239  0.0239  0.0239  0.0239  0.0239  0.0238  0.0238  0.0239  0.0238  0.0238  0.0238  0.0238
  0.0240  0.0240  0.0239  0.0241  0.0240  0.0238  0.0240  0.0241  0.0239  0.0239  0.0239  0.0239
  0.0242  0.0242  0.0240  0.0244  0.0242  0.0241  0.0241  0.0244  0.0240  0.0240  0.0239  0.0240
   -0.0386   -1.1916   13.7375    1.7192  -12.5718   -9.5152
    5.3195    8.0608   -7.6738   22.8053   -2.9919  -20.6749
eta,q 0.97620 12.64790

---------------------------------------------------------------------
compute_vox2vox talsrcimg talsrcimg_to_711-2C_as_mni_average_305_t4 /opt/freesurfer/average/711-2C_as_mni_average_305
---------------------------------------------------------------------

freesurfer compute_vox2vox.c
Reading: talsrcimg.4dfp.ifh
Reading: talsrcimg_to_711-2C_as_mni_average_305_t4
Reading: /opt/freesurfer/average/711-2C_as_mni_average_305.4dfp.ifh
Writing: talsrcimg_to_711-2C_as_mni_average_305_t4_vox2vox.txt

start time Sat Feb 10 17:05:54 UTC 2024
end		time Sat Feb 10 17:06:15 UTC 2024

mpr2mni305 success

avi2talxfm orig_nu.mgz /opt/freesurfer/average/mni305.cor.mgz talsrcimg_to_711-2C_as_mni_average_305_t4_vox2vox.txt transforms/talairach.auto.xfm
avi2talxfm done
mv -f /tmp/sourcedata/freesurfer/sub-LJ002/mri/talsrcimg_to_711-2C_as_mni_average_305_t4_vox2vox.txt /tmp/sourcedata/freesurfer/sub-LJ002/mri/transforms/talsrcimg_to_711-2C_as_mni_average_305_t4_vox2vox.txt
lta_convert --src orig_nu.mgz --trg /opt/freesurfer/average/mni305.cor.mgz --inxfm transforms/talairach.auto.xfm --outlta transforms/talairach.auto.xfm.lta --subject fsaverage
7.3.2

--src: orig_nu.mgz src image (geometry).
--trg: /opt/freesurfer/average/mni305.cor.mgz trg image (geometry).
--inmni: transforms/talairach.auto.xfm input MNI/XFM transform.
--outlta: transforms/talairach.auto.xfm.lta output LTA.
--s: fsaverage subject name
 LTA read, type : 1
 0.97541  -0.06789  -0.07540   3.09335;
 0.04890   1.03959   0.24287  -23.95110;
 0.07286  -0.27713   1.07383  -21.34793;
 0.00000   0.00000   0.00000   1.00000;
setting subject to fsaverage
Writing  LTA to file transforms/talairach.auto.xfm.lta...
lta_convert successful.
 
 
Started at Sat Feb 10 17:05:53 UTC 2024
Ended   at Sat Feb 10 17:06:15 UTC 2024
talairach_avi done
